AztecOO: unknowns/iterations/time/rowpermutations/colpermutations/lrowperm/lcolperm/nonDiagDomRows 66  6  0.001381 0 0 0 0 0 NonPermutedZeros/PermutedZeros 0 0 bPermuted 0 nonPermNearZeros/PermNearZeros 0 0
AztecOO: unknowns/iterations/time/rowpermutations/colpermutations/lrowperm/lcolperm/nonDiagDomRows 66  6  0.000907 0 0 0 0 0 NonPermutedZeros/PermutedZeros 0 0 bPermuted 0 nonPermNearZeros/PermNearZeros 0 0
AztecOO: unknowns/iterations/time/rowpermutations/colpermutations/lrowperm/lcolperm/nonDiagDomRows 66  6  0.000894 0 0 0 0 0 NonPermutedZeros/PermutedZeros 0 0 bPermuted 0 nonPermNearZeros/PermNearZeros 0 0
AztecOO: unknowns/iterations/time/rowpermutations/colpermutations/lrowperm/lcolperm/nonDiagDomRows 66  6  0.000893 0 0 0 0 0 NonPermutedZeros/PermutedZeros 0 0 bPermuted 0 nonPermNearZeros/PermNearZeros 0 0
AztecOO: unknowns/iterations/time/rowpermutations/colpermutations/lrowperm/lcolperm/nonDiagDomRows 66  6  0.000904 0 0 0 0 0 NonPermutedZeros/PermutedZeros 0 0 bPermuted 0 nonPermNearZeros/PermNearZeros 0 0
AztecOO: unknowns/iterations/time/rowpermutations/colpermutations/lrowperm/lcolperm/nonDiagDomRows 66  6  0.000939 0 0 0 0 0 NonPermutedZeros/PermutedZeros 0 0 bPermuted 0 nonPermNearZeros/PermNearZeros 0 0
AztecOO: unknowns/iterations/time/rowpermutations/colpermutations/lrowperm/lcolperm/nonDiagDomRows 66  6  0.000946 0 0 0 0 0 NonPermutedZeros/PermutedZeros 0 0 bPermuted 0 nonPermNearZeros/PermNearZeros 0 0
AztecOO: unknowns/iterations/time/rowpermutations/colpermutations/lrowperm/lcolperm/nonDiagDomRows 66  6  0.000889 0 0 0 0 0 NonPermutedZeros/PermutedZeros 0 0 bPermuted 0 nonPermNearZeros/PermNearZeros 0 0
AztecOO: unknowns/iterations/time/rowpermutations/colpermutations/lrowperm/lcolperm/nonDiagDomRows 66  6  0.000900 0 0 0 0 0 NonPermutedZeros/PermutedZeros 0 0 bPermuted 0 nonPermNearZeros/PermNearZeros 0 0
AztecOO: unknowns/iterations/time/rowpermutations/colpermutations/lrowperm/lcolperm/nonDiagDomRows 66  6  0.000921 0 0 0 0 0 NonPermutedZeros/PermutedZeros 0 0 bPermuted 0 nonPermNearZeros/PermNearZeros 0 0
AztecOO: unknowns/iterations/time/rowpermutations/colpermutations/lrowperm/lcolperm/nonDiagDomRows 66  6  0.000936 0 0 0 0 0 NonPermutedZeros/PermutedZeros 0 0 bPermuted 0 nonPermNearZeros/PermNearZeros 0 0
AztecOO: unknowns/iterations/time/rowpermutations/colpermutations/lrowperm/lcolperm/nonDiagDomRows 66  6  0.000932 0 0 0 0 0 NonPermutedZeros/PermutedZeros 0 0 bPermuted 0 nonPermNearZeros/PermNearZeros 0 0
AztecOO: unknowns/iterations/time/rowpermutations/colpermutations/lrowperm/lcolperm/nonDiagDomRows 66  6  0.000940 0 0 0 0 0 NonPermutedZeros/PermutedZeros 0 0 bPermuted 0 nonPermNearZeros/PermNearZeros 0 0
AztecOO: unknowns/iterations/time/rowpermutations/colpermutations/lrowperm/lcolperm/nonDiagDomRows 66  6  0.000941 0 0 0 0 0 NonPermutedZeros/PermutedZeros 0 0 bPermuted 0 nonPermNearZeros/PermNearZeros 0 0
AztecOO: unknowns/iterations/time/rowpermutations/colpermutations/lrowperm/lcolperm/nonDiagDomRows 66  6  0.000905 0 0 0 0 0 NonPermutedZeros/PermutedZeros 0 0 bPermuted 0 nonPermNearZeros/PermNearZeros 0 0
AztecOO: unknowns/iterations/time/rowpermutations/colpermutations/lrowperm/lcolperm/nonDiagDomRows 66  6  0.000886 0 0 0 0 0 NonPermutedZeros/PermutedZeros 0 0 bPermuted 0 nonPermNearZeros/PermNearZeros 0 0
AztecOO: unknowns/iterations/time/rowpermutations/colpermutations/lrowperm/lcolperm/nonDiagDomRows 66  6  0.000891 0 0 0 0 0 NonPermutedZeros/PermutedZeros 0 0 bPermuted 0 nonPermNearZeros/PermNearZeros 0 0
AztecOO: unknowns/iterations/time/rowpermutations/colpermutations/lrowperm/lcolperm/nonDiagDomRows 66  6  0.000888 0 0 0 0 0 NonPermutedZeros/PermutedZeros 0 0 bPermuted 0 nonPermNearZeros/PermNearZeros 0 0
AztecOO: unknowns/iterations/time/rowpermutations/colpermutations/lrowperm/lcolperm/nonDiagDomRows 66  6  0.000882 0 0 0 0 0 NonPermutedZeros/PermutedZeros 0 0 bPermuted 0 nonPermNearZeros/PermNearZeros 0 0
AztecOO: unknowns/iterations/time/rowpermutations/colpermutations/lrowperm/lcolperm/nonDiagDomRows 66  6  0.000909 0 0 0 0 0 NonPermutedZeros/PermutedZeros 0 0 bPermuted 0 nonPermNearZeros/PermNearZeros 0 0
AztecOO: unknowns/iterations/time/rowpermutations/colpermutations/lrowperm/lcolperm/nonDiagDomRows 66  6  0.000944 0 0 0 0 0 NonPermutedZeros/PermutedZeros 0 0 bPermuted 0 nonPermNearZeros/PermNearZeros 0 0
AztecOO: unknowns/iterations/time/rowpermutations/colpermutations/lrowperm/lcolperm/nonDiagDomRows 66  6  0.000916 0 0 0 0 0 NonPermutedZeros/PermutedZeros 0 0 bPermuted 0 nonPermNearZeros/PermNearZeros 0 0
AztecOO: unknowns/iterations/time/rowpermutations/colpermutations/lrowperm/lcolperm/nonDiagDomRows 66  6  0.000912 0 0 0 0 0 NonPermutedZeros/PermutedZeros 0 0 bPermuted 0 nonPermNearZeros/PermNearZeros 0 0
AztecOO: unknowns/iterations/time/rowpermutations/colpermutations/lrowperm/lcolperm/nonDiagDomRows 66  6  0.000899 0 0 0 0 0 NonPermutedZeros/PermutedZeros 0 0 bPermuted 0 nonPermNearZeros/PermNearZeros 0 0
AztecOO: unknowns/iterations/time/rowpermutations/colpermutations/lrowperm/lcolperm/nonDiagDomRows 66  6  0.000892 0 0 0 0 0 NonPermutedZeros/PermutedZeros 0 0 bPermuted 0 nonPermNearZeros/PermNearZeros 0 0
AztecOO: unknowns/iterations/time/rowpermutations/colpermutations/lrowperm/lcolperm/nonDiagDomRows 66  6  0.000935 0 0 0 0 0 NonPermutedZeros/PermutedZeros 0 0 bPermuted 0 nonPermNearZeros/PermNearZeros 0 0
AztecOO: unknowns/iterations/time/rowpermutations/colpermutations/lrowperm/lcolperm/nonDiagDomRows 66  6  0.000936 0 0 0 0 0 NonPermutedZeros/PermutedZeros 0 0 bPermuted 0 nonPermNearZeros/PermNearZeros 0 0
AztecOO: unknowns/iterations/time/rowpermutations/colpermutations/lrowperm/lcolperm/nonDiagDomRows 66  6  0.000987 0 0 0 0 0 NonPermutedZeros/PermutedZeros 0 0 bPermuted 0 nonPermNearZeros/PermNearZeros 0 0
AztecOO: unknowns/iterations/time/rowpermutations/colpermutations/lrowperm/lcolperm/nonDiagDomRows 66  6  0.000974 0 0 0 0 0 NonPermutedZeros/PermutedZeros 0 0 bPermuted 0 nonPermNearZeros/PermNearZeros 0 0
AztecOO: unknowns/iterations/time/rowpermutations/colpermutations/lrowperm/lcolperm/nonDiagDomRows 66  6  0.000901 0 0 0 0 0 NonPermutedZeros/PermutedZeros 0 0 bPermuted 0 nonPermNearZeros/PermNearZeros 0 0
AztecOO: unknowns/iterations/time/rowpermutations/colpermutations/lrowperm/lcolperm/nonDiagDomRows 66  6  0.000892 0 0 0 0 0 NonPermutedZeros/PermutedZeros 0 0 bPermuted 0 nonPermNearZeros/PermNearZeros 0 0
AztecOO: unknowns/iterations/time/rowpermutations/colpermutations/lrowperm/lcolperm/nonDiagDomRows 66  6  0.000926 0 0 0 0 0 NonPermutedZeros/PermutedZeros 0 0 bPermuted 0 nonPermNearZeros/PermNearZeros 0 0
AztecOO: unknowns/iterations/time/rowpermutations/colpermutations/lrowperm/lcolperm/nonDiagDomRows 66  6  0.000881 0 0 0 0 0 NonPermutedZeros/PermutedZeros 0 0 bPermuted 0 nonPermNearZeros/PermNearZeros 0 0
AztecOO: unknowns/iterations/time/rowpermutations/colpermutations/lrowperm/lcolperm/nonDiagDomRows 66  6  0.000887 0 0 0 0 0 NonPermutedZeros/PermutedZeros 0 0 bPermuted 0 nonPermNearZeros/PermNearZeros 0 0
AztecOO: unknowns/iterations/time/rowpermutations/colpermutations/lrowperm/lcolperm/nonDiagDomRows 66  6  0.000882 0 0 0 0 0 NonPermutedZeros/PermutedZeros 0 0 bPermuted 0 nonPermNearZeros/PermNearZeros 0 0
AztecOO: unknowns/iterations/time/rowpermutations/colpermutations/lrowperm/lcolperm/nonDiagDomRows 66  6  0.000894 0 0 0 0 0 NonPermutedZeros/PermutedZeros 0 0 bPermuted 0 nonPermNearZeros/PermNearZeros 0 0
AztecOO: unknowns/iterations/time/rowpermutations/colpermutations/lrowperm/lcolperm/nonDiagDomRows 66  6  0.001293 0 0 0 0 0 NonPermutedZeros/PermutedZeros 0 0 bPermuted 0 nonPermNearZeros/PermNearZeros 0 0
AztecOO: unknowns/iterations/time/rowpermutations/colpermutations/lrowperm/lcolperm/nonDiagDomRows 66  6  0.000893 0 0 0 0 0 NonPermutedZeros/PermutedZeros 0 0 bPermuted 0 nonPermNearZeros/PermNearZeros 0 0
AztecOO: unknowns/iterations/time/rowpermutations/colpermutations/lrowperm/lcolperm/nonDiagDomRows 66  6  0.000876 0 0 0 0 0 NonPermutedZeros/PermutedZeros 0 0 bPermuted 0 nonPermNearZeros/PermNearZeros 0 0
AztecOO: unknowns/iterations/time/rowpermutations/colpermutations/lrowperm/lcolperm/nonDiagDomRows 66  6  0.000888 0 0 0 0 0 NonPermutedZeros/PermutedZeros 0 0 bPermuted 0 nonPermNearZeros/PermNearZeros 0 0
AztecOO: unknowns/iterations/time/rowpermutations/colpermutations/lrowperm/lcolperm/nonDiagDomRows 66  6  0.000962 0 0 0 0 0 NonPermutedZeros/PermutedZeros 0 0 bPermuted 0 nonPermNearZeros/PermNearZeros 0 0
AztecOO: unknowns/iterations/time/rowpermutations/colpermutations/lrowperm/lcolperm/nonDiagDomRows 66  6  0.000950 0 0 0 0 0 NonPermutedZeros/PermutedZeros 0 0 bPermuted 0 nonPermNearZeros/PermNearZeros 0 0
AztecOO: unknowns/iterations/time/rowpermutations/colpermutations/lrowperm/lcolperm/nonDiagDomRows 66  6  0.000956 0 0 0 0 0 NonPermutedZeros/PermutedZeros 0 0 bPermuted 0 nonPermNearZeros/PermNearZeros 0 0
AztecOO: unknowns/iterations/time/rowpermutations/colpermutations/lrowperm/lcolperm/nonDiagDomRows 66  6  0.000957 0 0 0 0 0 NonPermutedZeros/PermutedZeros 0 0 bPermuted 0 nonPermNearZeros/PermNearZeros 0 0
AztecOO: unknowns/iterations/time/rowpermutations/colpermutations/lrowperm/lcolperm/nonDiagDomRows 66  6  0.000905 0 0 0 0 0 NonPermutedZeros/PermutedZeros 0 0 bPermuted 0 nonPermNearZeros/PermNearZeros 0 0
AztecOO: unknowns/iterations/time/rowpermutations/colpermutations/lrowperm/lcolperm/nonDiagDomRows 66  6  0.000897 0 0 0 0 0 NonPermutedZeros/PermutedZeros 0 0 bPermuted 0 nonPermNearZeros/PermNearZeros 0 0
AztecOO: unknowns/iterations/time/rowpermutations/colpermutations/lrowperm/lcolperm/nonDiagDomRows 66  6  0.000881 0 0 0 0 0 NonPermutedZeros/PermutedZeros 0 0 bPermuted 0 nonPermNearZeros/PermNearZeros 0 0
AztecOO: unknowns/iterations/time/rowpermutations/colpermutations/lrowperm/lcolperm/nonDiagDomRows 66  6  0.000867 0 0 0 0 0 NonPermutedZeros/PermutedZeros 0 0 bPermuted 0 nonPermNearZeros/PermNearZeros 0 0
AztecOO: unknowns/iterations/time/rowpermutations/colpermutations/lrowperm/lcolperm/nonDiagDomRows 66  6  0.000888 0 0 0 0 0 NonPermutedZeros/PermutedZeros 0 0 bPermuted 0 nonPermNearZeros/PermNearZeros 0 0
AztecOO: unknowns/iterations/time/rowpermutations/colpermutations/lrowperm/lcolperm/nonDiagDomRows 66  6  0.000893 0 0 0 0 0 NonPermutedZeros/PermutedZeros 0 0 bPermuted 0 nonPermNearZeros/PermNearZeros 0 0
AztecOO: unknowns/iterations/time/rowpermutations/colpermutations/lrowperm/lcolperm/nonDiagDomRows 66  6  0.000877 0 0 0 0 0 NonPermutedZeros/PermutedZeros 0 0 bPermuted 0 nonPermNearZeros/PermNearZeros 0 0
AztecOO: unknowns/iterations/time/rowpermutations/colpermutations/lrowperm/lcolperm/nonDiagDomRows 66  6  0.000879 0 0 0 0 0 NonPermutedZeros/PermutedZeros 0 0 bPermuted 0 nonPermNearZeros/PermNearZeros 0 0
AztecOO: unknowns/iterations/time/rowpermutations/colpermutations/lrowperm/lcolperm/nonDiagDomRows 66  6  0.000905 0 0 0 0 0 NonPermutedZeros/PermutedZeros 0 0 bPermuted 0 nonPermNearZeros/PermNearZeros 0 0
AztecOO: unknowns/iterations/time/rowpermutations/colpermutations/lrowperm/lcolperm/nonDiagDomRows 66  6  0.000877 0 0 0 0 0 NonPermutedZeros/PermutedZeros 0 0 bPermuted 0 nonPermNearZeros/PermNearZeros 0 0
AztecOO: unknowns/iterations/time/rowpermutations/colpermutations/lrowperm/lcolperm/nonDiagDomRows 66  6  0.000890 0 0 0 0 0 NonPermutedZeros/PermutedZeros 0 0 bPermuted 0 nonPermNearZeros/PermNearZeros 0 0
AztecOO: unknowns/iterations/time/rowpermutations/colpermutations/lrowperm/lcolperm/nonDiagDomRows 66  6  0.000935 0 0 0 0 0 NonPermutedZeros/PermutedZeros 0 0 bPermuted 0 nonPermNearZeros/PermNearZeros 0 0
AztecOO: unknowns/iterations/time/rowpermutations/colpermutations/lrowperm/lcolperm/nonDiagDomRows 66  6  0.000944 0 0 0 0 0 NonPermutedZeros/PermutedZeros 0 0 bPermuted 0 nonPermNearZeros/PermNearZeros 0 0
AztecOO: unknowns/iterations/time/rowpermutations/colpermutations/lrowperm/lcolperm/nonDiagDomRows 66  6  0.000943 0 0 0 0 0 NonPermutedZeros/PermutedZeros 0 0 bPermuted 0 nonPermNearZeros/PermNearZeros 0 0
AztecOO: unknowns/iterations/time/rowpermutations/colpermutations/lrowperm/lcolperm/nonDiagDomRows 66  6  0.000942 0 0 0 0 0 NonPermutedZeros/PermutedZeros 0 0 bPermuted 0 nonPermNearZeros/PermNearZeros 0 0
AztecOO: unknowns/iterations/time/rowpermutations/colpermutations/lrowperm/lcolperm/nonDiagDomRows 66  6  0.000871 0 0 0 0 0 NonPermutedZeros/PermutedZeros 0 0 bPermuted 0 nonPermNearZeros/PermNearZeros 0 0
AztecOO: unknowns/iterations/time/rowpermutations/colpermutations/lrowperm/lcolperm/nonDiagDomRows 66  6  0.000881 0 0 0 0 0 NonPermutedZeros/PermutedZeros 0 0 bPermuted 0 nonPermNearZeros/PermNearZeros 0 0
AztecOO: unknowns/iterations/time/rowpermutations/colpermutations/lrowperm/lcolperm/nonDiagDomRows 66  6  0.000873 0 0 0 0 0 NonPermutedZeros/PermutedZeros 0 0 bPermuted 0 nonPermNearZeros/PermNearZeros 0 0
AztecOO: unknowns/iterations/time/rowpermutations/colpermutations/lrowperm/lcolperm/nonDiagDomRows 66  6  0.000886 0 0 0 0 0 NonPermutedZeros/PermutedZeros 0 0 bPermuted 0 nonPermNearZeros/PermNearZeros 0 0
AztecOO: unknowns/iterations/time/rowpermutations/colpermutations/lrowperm/lcolperm/nonDiagDomRows 66  6  0.000872 0 0 0 0 0 NonPermutedZeros/PermutedZeros 0 0 bPermuted 0 nonPermNearZeros/PermNearZeros 0 0
AztecOO: unknowns/iterations/time/rowpermutations/colpermutations/lrowperm/lcolperm/nonDiagDomRows 66  6  0.000893 0 0 0 0 0 NonPermutedZeros/PermutedZeros 0 0 bPermuted 0 nonPermNearZeros/PermNearZeros 0 0
AztecOO: unknowns/iterations/time/rowpermutations/colpermutations/lrowperm/lcolperm/nonDiagDomRows 66  6  0.000889 0 0 0 0 0 NonPermutedZeros/PermutedZeros 0 0 bPermuted 0 nonPermNearZeros/PermNearZeros 0 0
AztecOO: unknowns/iterations/time/rowpermutations/colpermutations/lrowperm/lcolperm/nonDiagDomRows 66  6  0.000890 0 0 0 0 0 NonPermutedZeros/PermutedZeros 0 0 bPermuted 0 nonPermNearZeros/PermNearZeros 0 0
AztecOO: unknowns/iterations/time/rowpermutations/colpermutations/lrowperm/lcolperm/nonDiagDomRows 66  6  0.000904 0 0 0 0 0 NonPermutedZeros/PermutedZeros 0 0 bPermuted 0 nonPermNearZeros/PermNearZeros 0 0
AztecOO: unknowns/iterations/time/rowpermutations/colpermutations/lrowperm/lcolperm/nonDiagDomRows 66  6  0.000907 0 0 0 0 0 NonPermutedZeros/PermutedZeros 0 0 bPermuted 0 nonPermNearZeros/PermNearZeros 0 0
AztecOO: unknowns/iterations/time/rowpermutations/colpermutations/lrowperm/lcolperm/nonDiagDomRows 66  6  0.000869 0 0 0 0 0 NonPermutedZeros/PermutedZeros 0 0 bPermuted 0 nonPermNearZeros/PermNearZeros 0 0
AztecOO: unknowns/iterations/time/rowpermutations/colpermutations/lrowperm/lcolperm/nonDiagDomRows 66  6  0.000902 0 0 0 0 0 NonPermutedZeros/PermutedZeros 0 0 bPermuted 0 nonPermNearZeros/PermNearZeros 0 0
AztecOO: unknowns/iterations/time/rowpermutations/colpermutations/lrowperm/lcolperm/nonDiagDomRows 66  6  0.000904 0 0 0 0 0 NonPermutedZeros/PermutedZeros 0 0 bPermuted 0 nonPermNearZeros/PermNearZeros 0 0
AztecOO: unknowns/iterations/time/rowpermutations/colpermutations/lrowperm/lcolperm/nonDiagDomRows 66  6  0.000909 0 0 0 0 0 NonPermutedZeros/PermutedZeros 0 0 bPermuted 0 nonPermNearZeros/PermNearZeros 0 0
AztecOO: unknowns/iterations/time/rowpermutations/colpermutations/lrowperm/lcolperm/nonDiagDomRows 66  6  0.000921 0 0 0 0 0 NonPermutedZeros/PermutedZeros 0 0 bPermuted 0 nonPermNearZeros/PermNearZeros 0 0
AztecOO: unknowns/iterations/time/rowpermutations/colpermutations/lrowperm/lcolperm/nonDiagDomRows 66  6  0.000889 0 0 0 0 0 NonPermutedZeros/PermutedZeros 0 0 bPermuted 0 nonPermNearZeros/PermNearZeros 0 0
AztecOO: unknowns/iterations/time/rowpermutations/colpermutations/lrowperm/lcolperm/nonDiagDomRows 66  6  0.000867 0 0 0 0 0 NonPermutedZeros/PermutedZeros 0 0 bPermuted 0 nonPermNearZeros/PermNearZeros 0 0
AztecOO: unknowns/iterations/time/rowpermutations/colpermutations/lrowperm/lcolperm/nonDiagDomRows 66  5  0.000747 0 0 0 0 0 NonPermutedZeros/PermutedZeros 0 0 bPermuted 0 nonPermNearZeros/PermNearZeros 0 0
AztecOO: unknowns/iterations/time/rowpermutations/colpermutations/lrowperm/lcolperm/nonDiagDomRows 66  6  0.000863 0 0 0 0 0 NonPermutedZeros/PermutedZeros 0 0 bPermuted 0 nonPermNearZeros/PermNearZeros 0 0
AztecOO: unknowns/iterations/time/rowpermutations/colpermutations/lrowperm/lcolperm/nonDiagDomRows 66  6  0.000868 0 0 0 0 0 NonPermutedZeros/PermutedZeros 0 0 bPermuted 0 nonPermNearZeros/PermNearZeros 0 0
AztecOO: unknowns/iterations/time/rowpermutations/colpermutations/lrowperm/lcolperm/nonDiagDomRows 66  6  0.000862 0 0 0 0 0 NonPermutedZeros/PermutedZeros 0 0 bPermuted 0 nonPermNearZeros/PermNearZeros 0 0
AztecOO: unknowns/iterations/time/rowpermutations/colpermutations/lrowperm/lcolperm/nonDiagDomRows 66  6  0.000866 0 0 0 0 0 NonPermutedZeros/PermutedZeros 0 0 bPermuted 0 nonPermNearZeros/PermNearZeros 0 0
AztecOO: unknowns/iterations/time/rowpermutations/colpermutations/lrowperm/lcolperm/nonDiagDomRows 66  6  0.000860 0 0 0 0 0 NonPermutedZeros/PermutedZeros 0 0 bPermuted 0 nonPermNearZeros/PermNearZeros 0 0
AztecOO: unknowns/iterations/time/rowpermutations/colpermutations/lrowperm/lcolperm/nonDiagDomRows 66  6  0.000879 0 0 0 0 0 NonPermutedZeros/PermutedZeros 0 0 bPermuted 0 nonPermNearZeros/PermNearZeros 0 0
AztecOO: unknowns/iterations/time/rowpermutations/colpermutations/lrowperm/lcolperm/nonDiagDomRows 66  6  0.000925 0 0 0 0 0 NonPermutedZeros/PermutedZeros 0 0 bPermuted 0 nonPermNearZeros/PermNearZeros 0 0
AztecOO: unknowns/iterations/time/rowpermutations/colpermutations/lrowperm/lcolperm/nonDiagDomRows 66  6  0.000868 0 0 0 0 0 NonPermutedZeros/PermutedZeros 0 0 bPermuted 0 nonPermNearZeros/PermNearZeros 0 0
AztecOO: unknowns/iterations/time/rowpermutations/colpermutations/lrowperm/lcolperm/nonDiagDomRows 66  6  0.000948 0 0 0 0 0 NonPermutedZeros/PermutedZeros 0 0 bPermuted 0 nonPermNearZeros/PermNearZeros 0 0
AztecOO: unknowns/iterations/time/rowpermutations/colpermutations/lrowperm/lcolperm/nonDiagDomRows 66  6  0.000908 0 0 0 0 0 NonPermutedZeros/PermutedZeros 0 0 bPermuted 0 nonPermNearZeros/PermNearZeros 0 0
AztecOO: unknowns/iterations/time/rowpermutations/colpermutations/lrowperm/lcolperm/nonDiagDomRows 66  6  0.000893 0 0 0 0 0 NonPermutedZeros/PermutedZeros 0 0 bPermuted 0 nonPermNearZeros/PermNearZeros 0 0
AztecOO: unknowns/iterations/time/rowpermutations/colpermutations/lrowperm/lcolperm/nonDiagDomRows 66  5  0.000788 0 0 0 0 0 NonPermutedZeros/PermutedZeros 0 0 bPermuted 0 nonPermNearZeros/PermNearZeros 0 0
AztecOO: unknowns/iterations/time/rowpermutations/colpermutations/lrowperm/lcolperm/nonDiagDomRows 66  6  0.000928 0 0 0 0 0 NonPermutedZeros/PermutedZeros 0 0 bPermuted 0 nonPermNearZeros/PermNearZeros 0 0
AztecOO: unknowns/iterations/time/rowpermutations/colpermutations/lrowperm/lcolperm/nonDiagDomRows 66  6  0.000885 0 0 0 0 0 NonPermutedZeros/PermutedZeros 0 0 bPermuted 0 nonPermNearZeros/PermNearZeros 0 0
AztecOO: unknowns/iterations/time/rowpermutations/colpermutations/lrowperm/lcolperm/nonDiagDomRows 66  6  0.000920 0 0 0 0 0 NonPermutedZeros/PermutedZeros 0 0 bPermuted 0 nonPermNearZeros/PermNearZeros 0 0
AztecOO: unknowns/iterations/time/rowpermutations/colpermutations/lrowperm/lcolperm/nonDiagDomRows 66  6  0.000878 0 0 0 0 0 NonPermutedZeros/PermutedZeros 0 0 bPermuted 0 nonPermNearZeros/PermNearZeros 0 0
AztecOO: unknowns/iterations/time/rowpermutations/colpermutations/lrowperm/lcolperm/nonDiagDomRows 66  6  0.000856 0 0 0 0 0 NonPermutedZeros/PermutedZeros 0 0 bPermuted 0 nonPermNearZeros/PermNearZeros 0 0
AztecOO: unknowns/iterations/time/rowpermutations/colpermutations/lrowperm/lcolperm/nonDiagDomRows 66  6  0.000859 0 0 0 0 0 NonPermutedZeros/PermutedZeros 0 0 bPermuted 0 nonPermNearZeros/PermNearZeros 0 0
AztecOO: unknowns/iterations/time/rowpermutations/colpermutations/lrowperm/lcolperm/nonDiagDomRows 66  6  0.000882 0 0 0 0 0 NonPermutedZeros/PermutedZeros 0 0 bPermuted 0 nonPermNearZeros/PermNearZeros 0 0
AztecOO: unknowns/iterations/time/rowpermutations/colpermutations/lrowperm/lcolperm/nonDiagDomRows 66  6  0.000874 0 0 0 0 0 NonPermutedZeros/PermutedZeros 0 0 bPermuted 0 nonPermNearZeros/PermNearZeros 0 0
AztecOO: unknowns/iterations/time/rowpermutations/colpermutations/lrowperm/lcolperm/nonDiagDomRows 66  6  0.000886 0 0 0 0 0 NonPermutedZeros/PermutedZeros 0 0 bPermuted 0 nonPermNearZeros/PermNearZeros 0 0
AztecOO: unknowns/iterations/time/rowpermutations/colpermutations/lrowperm/lcolperm/nonDiagDomRows 66  6  0.000896 0 0 0 0 0 NonPermutedZeros/PermutedZeros 0 0 bPermuted 0 nonPermNearZeros/PermNearZeros 0 0
AztecOO: unknowns/iterations/time/rowpermutations/colpermutations/lrowperm/lcolperm/nonDiagDomRows 66  5  0.000772 0 0 0 0 0 NonPermutedZeros/PermutedZeros 0 0 bPermuted 0 nonPermNearZeros/PermNearZeros 0 0
AztecOO: unknowns/iterations/time/rowpermutations/colpermutations/lrowperm/lcolperm/nonDiagDomRows 66  6  0.000882 0 0 0 0 0 NonPermutedZeros/PermutedZeros 0 0 bPermuted 0 nonPermNearZeros/PermNearZeros 0 0
AztecOO: unknowns/iterations/time/rowpermutations/colpermutations/lrowperm/lcolperm/nonDiagDomRows 66  6  0.000874 0 0 0 0 0 NonPermutedZeros/PermutedZeros 0 0 bPermuted 0 nonPermNearZeros/PermNearZeros 0 0
AztecOO: unknowns/iterations/time/rowpermutations/colpermutations/lrowperm/lcolperm/nonDiagDomRows 66  6  0.000924 0 0 0 0 0 NonPermutedZeros/PermutedZeros 0 0 bPermuted 0 nonPermNearZeros/PermNearZeros 0 0
AztecOO: unknowns/iterations/time/rowpermutations/colpermutations/lrowperm/lcolperm/nonDiagDomRows 66  6  0.000916 0 0 0 0 0 NonPermutedZeros/PermutedZeros 0 0 bPermuted 0 nonPermNearZeros/PermNearZeros 0 0
AztecOO: unknowns/iterations/time/rowpermutations/colpermutations/lrowperm/lcolperm/nonDiagDomRows 66  6  0.000968 0 0 0 0 0 NonPermutedZeros/PermutedZeros 0 0 bPermuted 0 nonPermNearZeros/PermNearZeros 0 0
AztecOO: unknowns/iterations/time/rowpermutations/colpermutations/lrowperm/lcolperm/nonDiagDomRows 66  6  0.000919 0 0 0 0 0 NonPermutedZeros/PermutedZeros 0 0 bPermuted 0 nonPermNearZeros/PermNearZeros 0 0
AztecOO: unknowns/iterations/time/rowpermutations/colpermutations/lrowperm/lcolperm/nonDiagDomRows 66  6  0.000930 0 0 0 0 0 NonPermutedZeros/PermutedZeros 0 0 bPermuted 0 nonPermNearZeros/PermNearZeros 0 0
AztecOO: unknowns/iterations/time/rowpermutations/colpermutations/lrowperm/lcolperm/nonDiagDomRows 66  6  0.000886 0 0 0 0 0 NonPermutedZeros/PermutedZeros 0 0 bPermuted 0 nonPermNearZeros/PermNearZeros 0 0
AztecOO: unknowns/iterations/time/rowpermutations/colpermutations/lrowperm/lcolperm/nonDiagDomRows 66  6  0.000862 0 0 0 0 0 NonPermutedZeros/PermutedZeros 0 0 bPermuted 0 nonPermNearZeros/PermNearZeros 0 0
AztecOO: unknowns/iterations/time/rowpermutations/colpermutations/lrowperm/lcolperm/nonDiagDomRows 66  5  0.000813 0 0 0 0 0 NonPermutedZeros/PermutedZeros 0 0 bPermuted 0 nonPermNearZeros/PermNearZeros 0 0
AztecOO: unknowns/iterations/time/rowpermutations/colpermutations/lrowperm/lcolperm/nonDiagDomRows 66  6  0.000847 0 0 0 0 0 NonPermutedZeros/PermutedZeros 0 0 bPermuted 0 nonPermNearZeros/PermNearZeros 0 0
AztecOO: unknowns/iterations/time/rowpermutations/colpermutations/lrowperm/lcolperm/nonDiagDomRows 66  6  0.000942 0 0 0 0 0 NonPermutedZeros/PermutedZeros 0 0 bPermuted 0 nonPermNearZeros/PermNearZeros 0 0
AztecOO: unknowns/iterations/time/rowpermutations/colpermutations/lrowperm/lcolperm/nonDiagDomRows 66  6  0.000901 0 0 0 0 0 NonPermutedZeros/PermutedZeros 0 0 bPermuted 0 nonPermNearZeros/PermNearZeros 0 0
AztecOO: unknowns/iterations/time/rowpermutations/colpermutations/lrowperm/lcolperm/nonDiagDomRows 66  6  0.000922 0 0 0 0 0 NonPermutedZeros/PermutedZeros 0 0 bPermuted 0 nonPermNearZeros/PermNearZeros 0 0
AztecOO: unknowns/iterations/time/rowpermutations/colpermutations/lrowperm/lcolperm/nonDiagDomRows 66  6  0.000888 0 0 0 0 0 NonPermutedZeros/PermutedZeros 0 0 bPermuted 0 nonPermNearZeros/PermNearZeros 0 0
AztecOO: unknowns/iterations/time/rowpermutations/colpermutations/lrowperm/lcolperm/nonDiagDomRows 66  6  0.000875 0 0 0 0 0 NonPermutedZeros/PermutedZeros 0 0 bPermuted 0 nonPermNearZeros/PermNearZeros 0 0
AztecOO: unknowns/iterations/time/rowpermutations/colpermutations/lrowperm/lcolperm/nonDiagDomRows 66  6  0.000878 0 0 0 0 0 NonPermutedZeros/PermutedZeros 0 0 bPermuted 0 nonPermNearZeros/PermNearZeros 0 0
AztecOO: unknowns/iterations/time/rowpermutations/colpermutations/lrowperm/lcolperm/nonDiagDomRows 66  6  0.000902 0 0 0 0 0 NonPermutedZeros/PermutedZeros 0 0 bPermuted 0 nonPermNearZeros/PermNearZeros 0 0
AztecOO: unknowns/iterations/time/rowpermutations/colpermutations/lrowperm/lcolperm/nonDiagDomRows 66  6  0.000989 0 0 0 0 0 NonPermutedZeros/PermutedZeros 0 0 bPermuted 0 nonPermNearZeros/PermNearZeros 0 0
AztecOO: unknowns/iterations/time/rowpermutations/colpermutations/lrowperm/lcolperm/nonDiagDomRows 66  5  0.000836 0 0 0 0 0 NonPermutedZeros/PermutedZeros 0 0 bPermuted 0 nonPermNearZeros/PermNearZeros 0 0
AztecOO: unknowns/iterations/time/rowpermutations/colpermutations/lrowperm/lcolperm/nonDiagDomRows 66  6  0.000917 0 0 0 0 0 NonPermutedZeros/PermutedZeros 0 0 bPermuted 0 nonPermNearZeros/PermNearZeros 0 0
AztecOO: unknowns/iterations/time/rowpermutations/colpermutations/lrowperm/lcolperm/nonDiagDomRows 66  6  0.000895 0 0 0 0 0 NonPermutedZeros/PermutedZeros 0 0 bPermuted 0 nonPermNearZeros/PermNearZeros 0 0
AztecOO: unknowns/iterations/time/rowpermutations/colpermutations/lrowperm/lcolperm/nonDiagDomRows 66  6  0.000886 0 0 0 0 0 NonPermutedZeros/PermutedZeros 0 0 bPermuted 0 nonPermNearZeros/PermNearZeros 0 0
AztecOO: unknowns/iterations/time/rowpermutations/colpermutations/lrowperm/lcolperm/nonDiagDomRows 66  6  0.000874 0 0 0 0 0 NonPermutedZeros/PermutedZeros 0 0 bPermuted 0 nonPermNearZeros/PermNearZeros 0 0
AztecOO: unknowns/iterations/time/rowpermutations/colpermutations/lrowperm/lcolperm/nonDiagDomRows 66  6  0.000889 0 0 0 0 0 NonPermutedZeros/PermutedZeros 0 0 bPermuted 0 nonPermNearZeros/PermNearZeros 0 0
AztecOO: unknowns/iterations/time/rowpermutations/colpermutations/lrowperm/lcolperm/nonDiagDomRows 66  6  0.000908 0 0 0 0 0 NonPermutedZeros/PermutedZeros 0 0 bPermuted 0 nonPermNearZeros/PermNearZeros 0 0
AztecOO: unknowns/iterations/time/rowpermutations/colpermutations/lrowperm/lcolperm/nonDiagDomRows 66  6  0.000962 0 0 0 0 0 NonPermutedZeros/PermutedZeros 0 0 bPermuted 0 nonPermNearZeros/PermNearZeros 0 0
AztecOO: unknowns/iterations/time/rowpermutations/colpermutations/lrowperm/lcolperm/nonDiagDomRows 66  6  0.000902 0 0 0 0 0 NonPermutedZeros/PermutedZeros 0 0 bPermuted 0 nonPermNearZeros/PermNearZeros 0 0
AztecOO: unknowns/iterations/time/rowpermutations/colpermutations/lrowperm/lcolperm/nonDiagDomRows 66  5  0.000809 0 0 0 0 0 NonPermutedZeros/PermutedZeros 0 0 bPermuted 0 nonPermNearZeros/PermNearZeros 0 0
AztecOO: unknowns/iterations/time/rowpermutations/colpermutations/lrowperm/lcolperm/nonDiagDomRows 66  6  0.000936 0 0 0 0 0 NonPermutedZeros/PermutedZeros 0 0 bPermuted 0 nonPermNearZeros/PermNearZeros 0 0
AztecOO: unknowns/iterations/time/rowpermutations/colpermutations/lrowperm/lcolperm/nonDiagDomRows 66  6  0.000924 0 0 0 0 0 NonPermutedZeros/PermutedZeros 0 0 bPermuted 0 nonPermNearZeros/PermNearZeros 0 0
AztecOO: unknowns/iterations/time/rowpermutations/colpermutations/lrowperm/lcolperm/nonDiagDomRows 66  6  0.000906 0 0 0 0 0 NonPermutedZeros/PermutedZeros 0 0 bPermuted 0 nonPermNearZeros/PermNearZeros 0 0
AztecOO: unknowns/iterations/time/rowpermutations/colpermutations/lrowperm/lcolperm/nonDiagDomRows 66  6  0.000894 0 0 0 0 0 NonPermutedZeros/PermutedZeros 0 0 bPermuted 0 nonPermNearZeros/PermNearZeros 0 0
AztecOO: unknowns/iterations/time/rowpermutations/colpermutations/lrowperm/lcolperm/nonDiagDomRows 66  6  0.000898 0 0 0 0 0 NonPermutedZeros/PermutedZeros 0 0 bPermuted 0 nonPermNearZeros/PermNearZeros 0 0
AztecOO: unknowns/iterations/time/rowpermutations/colpermutations/lrowperm/lcolperm/nonDiagDomRows 66  6  0.000894 0 0 0 0 0 NonPermutedZeros/PermutedZeros 0 0 bPermuted 0 nonPermNearZeros/PermNearZeros 0 0
AztecOO: unknowns/iterations/time/rowpermutations/colpermutations/lrowperm/lcolperm/nonDiagDomRows 66  6  0.000878 0 0 0 0 0 NonPermutedZeros/PermutedZeros 0 0 bPermuted 0 nonPermNearZeros/PermNearZeros 0 0
AztecOO: unknowns/iterations/time/rowpermutations/colpermutations/lrowperm/lcolperm/nonDiagDomRows 66  6  0.000884 0 0 0 0 0 NonPermutedZeros/PermutedZeros 0 0 bPermuted 0 nonPermNearZeros/PermNearZeros 0 0
AztecOO: unknowns/iterations/time/rowpermutations/colpermutations/lrowperm/lcolperm/nonDiagDomRows 66  5  0.000769 0 0 0 0 0 NonPermutedZeros/PermutedZeros 0 0 bPermuted 0 nonPermNearZeros/PermNearZeros 0 0
AztecOO: unknowns/iterations/time/rowpermutations/colpermutations/lrowperm/lcolperm/nonDiagDomRows 66  6  0.000905 0 0 0 0 0 NonPermutedZeros/PermutedZeros 0 0 bPermuted 0 nonPermNearZeros/PermNearZeros 0 0
AztecOO: unknowns/iterations/time/rowpermutations/colpermutations/lrowperm/lcolperm/nonDiagDomRows 66  6  0.000887 0 0 0 0 0 NonPermutedZeros/PermutedZeros 0 0 bPermuted 0 nonPermNearZeros/PermNearZeros 0 0
AztecOO: unknowns/iterations/time/rowpermutations/colpermutations/lrowperm/lcolperm/nonDiagDomRows 66  6  0.000921 0 0 0 0 0 NonPermutedZeros/PermutedZeros 0 0 bPermuted 0 nonPermNearZeros/PermNearZeros 0 0
AztecOO: unknowns/iterations/time/rowpermutations/colpermutations/lrowperm/lcolperm/nonDiagDomRows 66  6  0.000957 0 0 0 0 0 NonPermutedZeros/PermutedZeros 0 0 bPermuted 0 nonPermNearZeros/PermNearZeros 0 0
AztecOO: unknowns/iterations/time/rowpermutations/colpermutations/lrowperm/lcolperm/nonDiagDomRows 66  6  0.001003 0 0 0 0 0 NonPermutedZeros/PermutedZeros 0 0 bPermuted 0 nonPermNearZeros/PermNearZeros 0 0
AztecOO: unknowns/iterations/time/rowpermutations/colpermutations/lrowperm/lcolperm/nonDiagDomRows 66  6  0.000961 0 0 0 0 0 NonPermutedZeros/PermutedZeros 0 0 bPermuted 0 nonPermNearZeros/PermNearZeros 0 0
AztecOO: unknowns/iterations/time/rowpermutations/colpermutations/lrowperm/lcolperm/nonDiagDomRows 66  6  0.000905 0 0 0 0 0 NonPermutedZeros/PermutedZeros 0 0 bPermuted 0 nonPermNearZeros/PermNearZeros 0 0
AztecOO: unknowns/iterations/time/rowpermutations/colpermutations/lrowperm/lcolperm/nonDiagDomRows 66  5  0.000821 0 0 0 0 0 NonPermutedZeros/PermutedZeros 0 0 bPermuted 0 nonPermNearZeros/PermNearZeros 0 0
AztecOO: unknowns/iterations/time/rowpermutations/colpermutations/lrowperm/lcolperm/nonDiagDomRows 66  6  0.000902 0 0 0 0 0 NonPermutedZeros/PermutedZeros 0 0 bPermuted 0 nonPermNearZeros/PermNearZeros 0 0
AztecOO: unknowns/iterations/time/rowpermutations/colpermutations/lrowperm/lcolperm/nonDiagDomRows 66  6  0.000892 0 0 0 0 0 NonPermutedZeros/PermutedZeros 0 0 bPermuted 0 nonPermNearZeros/PermNearZeros 0 0
AztecOO: unknowns/iterations/time/rowpermutations/colpermutations/lrowperm/lcolperm/nonDiagDomRows 66  6  0.000884 0 0 0 0 0 NonPermutedZeros/PermutedZeros 0 0 bPermuted 0 nonPermNearZeros/PermNearZeros 0 0
AztecOO: unknowns/iterations/time/rowpermutations/colpermutations/lrowperm/lcolperm/nonDiagDomRows 66  6  0.000898 0 0 0 0 0 NonPermutedZeros/PermutedZeros 0 0 bPermuted 0 nonPermNearZeros/PermNearZeros 0 0
AztecOO: unknowns/iterations/time/rowpermutations/colpermutations/lrowperm/lcolperm/nonDiagDomRows 66  6  0.000886 0 0 0 0 0 NonPermutedZeros/PermutedZeros 0 0 bPermuted 0 nonPermNearZeros/PermNearZeros 0 0
AztecOO: unknowns/iterations/time/rowpermutations/colpermutations/lrowperm/lcolperm/nonDiagDomRows 66  6  0.000887 0 0 0 0 0 NonPermutedZeros/PermutedZeros 0 0 bPermuted 0 nonPermNearZeros/PermNearZeros 0 0
AztecOO: unknowns/iterations/time/rowpermutations/colpermutations/lrowperm/lcolperm/nonDiagDomRows 66  6  0.000882 0 0 0 0 0 NonPermutedZeros/PermutedZeros 0 0 bPermuted 0 nonPermNearZeros/PermNearZeros 0 0
AztecOO: unknowns/iterations/time/rowpermutations/colpermutations/lrowperm/lcolperm/nonDiagDomRows 66  5  0.000772 0 0 0 0 0 NonPermutedZeros/PermutedZeros 0 0 bPermuted 0 nonPermNearZeros/PermNearZeros 0 0
AztecOO: unknowns/iterations/time/rowpermutations/colpermutations/lrowperm/lcolperm/nonDiagDomRows 66  6  0.000888 0 0 0 0 0 NonPermutedZeros/PermutedZeros 0 0 bPermuted 0 nonPermNearZeros/PermNearZeros 0 0
AztecOO: unknowns/iterations/time/rowpermutations/colpermutations/lrowperm/lcolperm/nonDiagDomRows 66  6  0.000884 0 0 0 0 0 NonPermutedZeros/PermutedZeros 0 0 bPermuted 0 nonPermNearZeros/PermNearZeros 0 0
AztecOO: unknowns/iterations/time/rowpermutations/colpermutations/lrowperm/lcolperm/nonDiagDomRows 66  6  0.000922 0 0 0 0 0 NonPermutedZeros/PermutedZeros 0 0 bPermuted 0 nonPermNearZeros/PermNearZeros 0 0
AztecOO: unknowns/iterations/time/rowpermutations/colpermutations/lrowperm/lcolperm/nonDiagDomRows 66  6  0.000945 0 0 0 0 0 NonPermutedZeros/PermutedZeros 0 0 bPermuted 0 nonPermNearZeros/PermNearZeros 0 0
AztecOO: unknowns/iterations/time/rowpermutations/colpermutations/lrowperm/lcolperm/nonDiagDomRows 66  6  0.000946 0 0 0 0 0 NonPermutedZeros/PermutedZeros 0 0 bPermuted 0 nonPermNearZeros/PermNearZeros 0 0
AztecOO: unknowns/iterations/time/rowpermutations/colpermutations/lrowperm/lcolperm/nonDiagDomRows 66  6  0.000937 0 0 0 0 0 NonPermutedZeros/PermutedZeros 0 0 bPermuted 0 nonPermNearZeros/PermNearZeros 0 0
AztecOO: unknowns/iterations/time/rowpermutations/colpermutations/lrowperm/lcolperm/nonDiagDomRows 66  6  0.000908 0 0 0 0 0 NonPermutedZeros/PermutedZeros 0 0 bPermuted 0 nonPermNearZeros/PermNearZeros 0 0
AztecOO: unknowns/iterations/time/rowpermutations/colpermutations/lrowperm/lcolperm/nonDiagDomRows 66  5  0.000794 0 0 0 0 0 NonPermutedZeros/PermutedZeros 0 0 bPermuted 0 nonPermNearZeros/PermNearZeros 0 0
AztecOO: unknowns/iterations/time/rowpermutations/colpermutations/lrowperm/lcolperm/nonDiagDomRows 66  6  0.000900 0 0 0 0 0 NonPermutedZeros/PermutedZeros 0 0 bPermuted 0 nonPermNearZeros/PermNearZeros 0 0
AztecOO: unknowns/iterations/time/rowpermutations/colpermutations/lrowperm/lcolperm/nonDiagDomRows 66  6  0.000945 0 0 0 0 0 NonPermutedZeros/PermutedZeros 0 0 bPermuted 0 nonPermNearZeros/PermNearZeros 0 0
AztecOO: unknowns/iterations/time/rowpermutations/colpermutations/lrowperm/lcolperm/nonDiagDomRows 66  6  0.000927 0 0 0 0 0 NonPermutedZeros/PermutedZeros 0 0 bPermuted 0 nonPermNearZeros/PermNearZeros 0 0
AztecOO: unknowns/iterations/time/rowpermutations/colpermutations/lrowperm/lcolperm/nonDiagDomRows 66  6  0.000905 0 0 0 0 0 NonPermutedZeros/PermutedZeros 0 0 bPermuted 0 nonPermNearZeros/PermNearZeros 0 0
AztecOO: unknowns/iterations/time/rowpermutations/colpermutations/lrowperm/lcolperm/nonDiagDomRows 66  6  0.000883 0 0 0 0 0 NonPermutedZeros/PermutedZeros 0 0 bPermuted 0 nonPermNearZeros/PermNearZeros 0 0
AztecOO: unknowns/iterations/time/rowpermutations/colpermutations/lrowperm/lcolperm/nonDiagDomRows 66  6  0.000886 0 0 0 0 0 NonPermutedZeros/PermutedZeros 0 0 bPermuted 0 nonPermNearZeros/PermNearZeros 0 0
AztecOO: unknowns/iterations/time/rowpermutations/colpermutations/lrowperm/lcolperm/nonDiagDomRows 66  5  0.000755 0 0 0 0 0 NonPermutedZeros/PermutedZeros 0 0 bPermuted 0 nonPermNearZeros/PermNearZeros 0 0
AztecOO: unknowns/iterations/time/rowpermutations/colpermutations/lrowperm/lcolperm/nonDiagDomRows 66  6  0.000886 0 0 0 0 0 NonPermutedZeros/PermutedZeros 0 0 bPermuted 0 nonPermNearZeros/PermNearZeros 0 0
AztecOO: unknowns/iterations/time/rowpermutations/colpermutations/lrowperm/lcolperm/nonDiagDomRows 66  6  0.000888 0 0 0 0 0 NonPermutedZeros/PermutedZeros 0 0 bPermuted 0 nonPermNearZeros/PermNearZeros 0 0
AztecOO: unknowns/iterations/time/rowpermutations/colpermutations/lrowperm/lcolperm/nonDiagDomRows 66  6  0.000876 0 0 0 0 0 NonPermutedZeros/PermutedZeros 0 0 bPermuted 0 nonPermNearZeros/PermNearZeros 0 0
AztecOO: unknowns/iterations/time/rowpermutations/colpermutations/lrowperm/lcolperm/nonDiagDomRows 66  6  0.000904 0 0 0 0 0 NonPermutedZeros/PermutedZeros 0 0 bPermuted 0 nonPermNearZeros/PermNearZeros 0 0
AztecOO: unknowns/iterations/time/rowpermutations/colpermutations/lrowperm/lcolperm/nonDiagDomRows 66  6  0.000912 0 0 0 0 0 NonPermutedZeros/PermutedZeros 0 0 bPermuted 0 nonPermNearZeros/PermNearZeros 0 0
AztecOO: unknowns/iterations/time/rowpermutations/colpermutations/lrowperm/lcolperm/nonDiagDomRows 66  6  0.000899 0 0 0 0 0 NonPermutedZeros/PermutedZeros 0 0 bPermuted 0 nonPermNearZeros/PermNearZeros 0 0
AztecOO: unknowns/iterations/time/rowpermutations/colpermutations/lrowperm/lcolperm/nonDiagDomRows 66  5  0.000807 0 0 0 0 0 NonPermutedZeros/PermutedZeros 0 0 bPermuted 0 nonPermNearZeros/PermNearZeros 0 0
AztecOO: unknowns/iterations/time/rowpermutations/colpermutations/lrowperm/lcolperm/nonDiagDomRows 66  6  0.000933 0 0 0 0 0 NonPermutedZeros/PermutedZeros 0 0 bPermuted 0 nonPermNearZeros/PermNearZeros 0 0
AztecOO: unknowns/iterations/time/rowpermutations/colpermutations/lrowperm/lcolperm/nonDiagDomRows 66  6  0.001011 0 0 0 0 0 NonPermutedZeros/PermutedZeros 0 0 bPermuted 0 nonPermNearZeros/PermNearZeros 0 0
AztecOO: unknowns/iterations/time/rowpermutations/colpermutations/lrowperm/lcolperm/nonDiagDomRows 66  6  0.000934 0 0 0 0 0 NonPermutedZeros/PermutedZeros 0 0 bPermuted 0 nonPermNearZeros/PermNearZeros 0 0
AztecOO: unknowns/iterations/time/rowpermutations/colpermutations/lrowperm/lcolperm/nonDiagDomRows 66  6  0.000902 0 0 0 0 0 NonPermutedZeros/PermutedZeros 0 0 bPermuted 0 nonPermNearZeros/PermNearZeros 0 0
AztecOO: unknowns/iterations/time/rowpermutations/colpermutations/lrowperm/lcolperm/nonDiagDomRows 66  6  0.000919 0 0 0 0 0 NonPermutedZeros/PermutedZeros 0 0 bPermuted 0 nonPermNearZeros/PermNearZeros 0 0
AztecOO: unknowns/iterations/time/rowpermutations/colpermutations/lrowperm/lcolperm/nonDiagDomRows 66  6  0.000875 0 0 0 0 0 NonPermutedZeros/PermutedZeros 0 0 bPermuted 0 nonPermNearZeros/PermNearZeros 0 0
AztecOO: unknowns/iterations/time/rowpermutations/colpermutations/lrowperm/lcolperm/nonDiagDomRows 66  5  0.000755 0 0 0 0 0 NonPermutedZeros/PermutedZeros 0 0 bPermuted 0 nonPermNearZeros/PermNearZeros 0 0
AztecOO: unknowns/iterations/time/rowpermutations/colpermutations/lrowperm/lcolperm/nonDiagDomRows 66  6  0.000883 0 0 0 0 0 NonPermutedZeros/PermutedZeros 0 0 bPermuted 0 nonPermNearZeros/PermNearZeros 0 0
AztecOO: unknowns/iterations/time/rowpermutations/colpermutations/lrowperm/lcolperm/nonDiagDomRows 66  6  0.000907 0 0 0 0 0 NonPermutedZeros/PermutedZeros 0 0 bPermuted 0 nonPermNearZeros/PermNearZeros 0 0
AztecOO: unknowns/iterations/time/rowpermutations/colpermutations/lrowperm/lcolperm/nonDiagDomRows 66  6  0.000884 0 0 0 0 0 NonPermutedZeros/PermutedZeros 0 0 bPermuted 0 nonPermNearZeros/PermNearZeros 0 0
AztecOO: unknowns/iterations/time/rowpermutations/colpermutations/lrowperm/lcolperm/nonDiagDomRows 66  6  0.000888 0 0 0 0 0 NonPermutedZeros/PermutedZeros 0 0 bPermuted 0 nonPermNearZeros/PermNearZeros 0 0
AztecOO: unknowns/iterations/time/rowpermutations/colpermutations/lrowperm/lcolperm/nonDiagDomRows 66  6  0.000887 0 0 0 0 0 NonPermutedZeros/PermutedZeros 0 0 bPermuted 0 nonPermNearZeros/PermNearZeros 0 0
AztecOO: unknowns/iterations/time/rowpermutations/colpermutations/lrowperm/lcolperm/nonDiagDomRows 66  6  0.000878 0 0 0 0 0 NonPermutedZeros/PermutedZeros 0 0 bPermuted 0 nonPermNearZeros/PermNearZeros 0 0
AztecOO: unknowns/iterations/time/rowpermutations/colpermutations/lrowperm/lcolperm/nonDiagDomRows 66  5  0.000757 0 0 0 0 0 NonPermutedZeros/PermutedZeros 0 0 bPermuted 0 nonPermNearZeros/PermNearZeros 0 0
AztecOO: unknowns/iterations/time/rowpermutations/colpermutations/lrowperm/lcolperm/nonDiagDomRows 66  6  0.000888 0 0 0 0 0 NonPermutedZeros/PermutedZeros 0 0 bPermuted 0 nonPermNearZeros/PermNearZeros 0 0
AztecOO: unknowns/iterations/time/rowpermutations/colpermutations/lrowperm/lcolperm/nonDiagDomRows 66  6  0.000882 0 0 0 0 0 NonPermutedZeros/PermutedZeros 0 0 bPermuted 0 nonPermNearZeros/PermNearZeros 0 0
AztecOO: unknowns/iterations/time/rowpermutations/colpermutations/lrowperm/lcolperm/nonDiagDomRows 66  6  0.000915 0 0 0 0 0 NonPermutedZeros/PermutedZeros 0 0 bPermuted 0 nonPermNearZeros/PermNearZeros 0 0
AztecOO: unknowns/iterations/time/rowpermutations/colpermutations/lrowperm/lcolperm/nonDiagDomRows 66  6  0.000854 0 0 0 0 0 NonPermutedZeros/PermutedZeros 0 0 bPermuted 0 nonPermNearZeros/PermNearZeros 0 0
AztecOO: unknowns/iterations/time/rowpermutations/colpermutations/lrowperm/lcolperm/nonDiagDomRows 66  6  0.000897 0 0 0 0 0 NonPermutedZeros/PermutedZeros 0 0 bPermuted 0 nonPermNearZeros/PermNearZeros 0 0
AztecOO: unknowns/iterations/time/rowpermutations/colpermutations/lrowperm/lcolperm/nonDiagDomRows 66  5  0.000767 0 0 0 0 0 NonPermutedZeros/PermutedZeros 0 0 bPermuted 0 nonPermNearZeros/PermNearZeros 0 0
AztecOO: unknowns/iterations/time/rowpermutations/colpermutations/lrowperm/lcolperm/nonDiagDomRows 66  6  0.000900 0 0 0 0 0 NonPermutedZeros/PermutedZeros 0 0 bPermuted 0 nonPermNearZeros/PermNearZeros 0 0
AztecOO: unknowns/iterations/time/rowpermutations/colpermutations/lrowperm/lcolperm/nonDiagDomRows 66  6  0.000877 0 0 0 0 0 NonPermutedZeros/PermutedZeros 0 0 bPermuted 0 nonPermNearZeros/PermNearZeros 0 0
AztecOO: unknowns/iterations/time/rowpermutations/colpermutations/lrowperm/lcolperm/nonDiagDomRows 66  6  0.000892 0 0 0 0 0 NonPermutedZeros/PermutedZeros 0 0 bPermuted 0 nonPermNearZeros/PermNearZeros 0 0
AztecOO: unknowns/iterations/time/rowpermutations/colpermutations/lrowperm/lcolperm/nonDiagDomRows 66  6  0.000882 0 0 0 0 0 NonPermutedZeros/PermutedZeros 0 0 bPermuted 0 nonPermNearZeros/PermNearZeros 0 0
AztecOO: unknowns/iterations/time/rowpermutations/colpermutations/lrowperm/lcolperm/nonDiagDomRows 66  6  0.000888 0 0 0 0 0 NonPermutedZeros/PermutedZeros 0 0 bPermuted 0 nonPermNearZeros/PermNearZeros 0 0
AztecOO: unknowns/iterations/time/rowpermutations/colpermutations/lrowperm/lcolperm/nonDiagDomRows 66  5  0.000778 0 0 0 0 0 NonPermutedZeros/PermutedZeros 0 0 bPermuted 0 nonPermNearZeros/PermNearZeros 0 0
AztecOO: unknowns/iterations/time/rowpermutations/colpermutations/lrowperm/lcolperm/nonDiagDomRows 66  6  0.000921 0 0 0 0 0 NonPermutedZeros/PermutedZeros 0 0 bPermuted 0 nonPermNearZeros/PermNearZeros 0 0
AztecOO: unknowns/iterations/time/rowpermutations/colpermutations/lrowperm/lcolperm/nonDiagDomRows 66  6  0.000896 0 0 0 0 0 NonPermutedZeros/PermutedZeros 0 0 bPermuted 0 nonPermNearZeros/PermNearZeros 0 0
AztecOO: unknowns/iterations/time/rowpermutations/colpermutations/lrowperm/lcolperm/nonDiagDomRows 66  6  0.000898 0 0 0 0 0 NonPermutedZeros/PermutedZeros 0 0 bPermuted 0 nonPermNearZeros/PermNearZeros 0 0
AztecOO: unknowns/iterations/time/rowpermutations/colpermutations/lrowperm/lcolperm/nonDiagDomRows 66  6  0.000885 0 0 0 0 0 NonPermutedZeros/PermutedZeros 0 0 bPermuted 0 nonPermNearZeros/PermNearZeros 0 0
AztecOO: unknowns/iterations/time/rowpermutations/colpermutations/lrowperm/lcolperm/nonDiagDomRows 66  6  0.000886 0 0 0 0 0 NonPermutedZeros/PermutedZeros 0 0 bPermuted 0 nonPermNearZeros/PermNearZeros 0 0
AztecOO: unknowns/iterations/time/rowpermutations/colpermutations/lrowperm/lcolperm/nonDiagDomRows 66  5  0.000793 0 0 0 0 0 NonPermutedZeros/PermutedZeros 0 0 bPermuted 0 nonPermNearZeros/PermNearZeros 0 0
AztecOO: unknowns/iterations/time/rowpermutations/colpermutations/lrowperm/lcolperm/nonDiagDomRows 66  6  0.000910 0 0 0 0 0 NonPermutedZeros/PermutedZeros 0 0 bPermuted 0 nonPermNearZeros/PermNearZeros 0 0
AztecOO: unknowns/iterations/time/rowpermutations/colpermutations/lrowperm/lcolperm/nonDiagDomRows 66  6  0.000891 0 0 0 0 0 NonPermutedZeros/PermutedZeros 0 0 bPermuted 0 nonPermNearZeros/PermNearZeros 0 0
AztecOO: unknowns/iterations/time/rowpermutations/colpermutations/lrowperm/lcolperm/nonDiagDomRows 66  6  0.000899 0 0 0 0 0 NonPermutedZeros/PermutedZeros 0 0 bPermuted 0 nonPermNearZeros/PermNearZeros 0 0
AztecOO: unknowns/iterations/time/rowpermutations/colpermutations/lrowperm/lcolperm/nonDiagDomRows 66  6  0.000903 0 0 0 0 0 NonPermutedZeros/PermutedZeros 0 0 bPermuted 0 nonPermNearZeros/PermNearZeros 0 0
AztecOO: unknowns/iterations/time/rowpermutations/colpermutations/lrowperm/lcolperm/nonDiagDomRows 66  6  0.000892 0 0 0 0 0 NonPermutedZeros/PermutedZeros 0 0 bPermuted 0 nonPermNearZeros/PermNearZeros 0 0
AztecOO: unknowns/iterations/time/rowpermutations/colpermutations/lrowperm/lcolperm/nonDiagDomRows 66  5  0.000869 0 0 0 0 0 NonPermutedZeros/PermutedZeros 0 0 bPermuted 0 nonPermNearZeros/PermNearZeros 0 0
AztecOO: unknowns/iterations/time/rowpermutations/colpermutations/lrowperm/lcolperm/nonDiagDomRows 66  6  0.000889 0 0 0 0 0 NonPermutedZeros/PermutedZeros 0 0 bPermuted 0 nonPermNearZeros/PermNearZeros 0 0
AztecOO: unknowns/iterations/time/rowpermutations/colpermutations/lrowperm/lcolperm/nonDiagDomRows 66  6  0.000965 0 0 0 0 0 NonPermutedZeros/PermutedZeros 0 0 bPermuted 0 nonPermNearZeros/PermNearZeros 0 0
AztecOO: unknowns/iterations/time/rowpermutations/colpermutations/lrowperm/lcolperm/nonDiagDomRows 66  6  0.000918 0 0 0 0 0 NonPermutedZeros/PermutedZeros 0 0 bPermuted 0 nonPermNearZeros/PermNearZeros 0 0
AztecOO: unknowns/iterations/time/rowpermutations/colpermutations/lrowperm/lcolperm/nonDiagDomRows 66  6  0.000935 0 0 0 0 0 NonPermutedZeros/PermutedZeros 0 0 bPermuted 0 nonPermNearZeros/PermNearZeros 0 0
AztecOO: unknowns/iterations/time/rowpermutations/colpermutations/lrowperm/lcolperm/nonDiagDomRows 66  6  0.000897 0 0 0 0 0 NonPermutedZeros/PermutedZeros 0 0 bPermuted 0 nonPermNearZeros/PermNearZeros 0 0
AztecOO: unknowns/iterations/time/rowpermutations/colpermutations/lrowperm/lcolperm/nonDiagDomRows 66  5  0.000795 0 0 0 0 0 NonPermutedZeros/PermutedZeros 0 0 bPermuted 0 nonPermNearZeros/PermNearZeros 0 0
AztecOO: unknowns/iterations/time/rowpermutations/colpermutations/lrowperm/lcolperm/nonDiagDomRows 66  6  0.000881 0 0 0 0 0 NonPermutedZeros/PermutedZeros 0 0 bPermuted 0 nonPermNearZeros/PermNearZeros 0 0
AztecOO: unknowns/iterations/time/rowpermutations/colpermutations/lrowperm/lcolperm/nonDiagDomRows 66  6  0.000910 0 0 0 0 0 NonPermutedZeros/PermutedZeros 0 0 bPermuted 0 nonPermNearZeros/PermNearZeros 0 0
AztecOO: unknowns/iterations/time/rowpermutations/colpermutations/lrowperm/lcolperm/nonDiagDomRows 66  6  0.000882 0 0 0 0 0 NonPermutedZeros/PermutedZeros 0 0 bPermuted 0 nonPermNearZeros/PermNearZeros 0 0
AztecOO: unknowns/iterations/time/rowpermutations/colpermutations/lrowperm/lcolperm/nonDiagDomRows 66  6  0.000869 0 0 0 0 0 NonPermutedZeros/PermutedZeros 0 0 bPermuted 0 nonPermNearZeros/PermNearZeros 0 0
AztecOO: unknowns/iterations/time/rowpermutations/colpermutations/lrowperm/lcolperm/nonDiagDomRows 66  6  0.000874 0 0 0 0 0 NonPermutedZeros/PermutedZeros 0 0 bPermuted 0 nonPermNearZeros/PermNearZeros 0 0
AztecOO: unknowns/iterations/time/rowpermutations/colpermutations/lrowperm/lcolperm/nonDiagDomRows 66  5  0.000755 0 0 0 0 0 NonPermutedZeros/PermutedZeros 0 0 bPermuted 0 nonPermNearZeros/PermNearZeros 0 0
AztecOO: unknowns/iterations/time/rowpermutations/colpermutations/lrowperm/lcolperm/nonDiagDomRows 66  6  0.000890 0 0 0 0 0 NonPermutedZeros/PermutedZeros 0 0 bPermuted 0 nonPermNearZeros/PermNearZeros 0 0
AztecOO: unknowns/iterations/time/rowpermutations/colpermutations/lrowperm/lcolperm/nonDiagDomRows 66  6  0.000902 0 0 0 0 0 NonPermutedZeros/PermutedZeros 0 0 bPermuted 0 nonPermNearZeros/PermNearZeros 0 0
AztecOO: unknowns/iterations/time/rowpermutations/colpermutations/lrowperm/lcolperm/nonDiagDomRows 66  6  0.000876 0 0 0 0 0 NonPermutedZeros/PermutedZeros 0 0 bPermuted 0 nonPermNearZeros/PermNearZeros 0 0
AztecOO: unknowns/iterations/time/rowpermutations/colpermutations/lrowperm/lcolperm/nonDiagDomRows 66  6  0.000875 0 0 0 0 0 NonPermutedZeros/PermutedZeros 0 0 bPermuted 0 nonPermNearZeros/PermNearZeros 0 0
AztecOO: unknowns/iterations/time/rowpermutations/colpermutations/lrowperm/lcolperm/nonDiagDomRows 66  6  0.000887 0 0 0 0 0 NonPermutedZeros/PermutedZeros 0 0 bPermuted 0 nonPermNearZeros/PermNearZeros 0 0
AztecOO: unknowns/iterations/time/rowpermutations/colpermutations/lrowperm/lcolperm/nonDiagDomRows 66  5  0.000762 0 0 0 0 0 NonPermutedZeros/PermutedZeros 0 0 bPermuted 0 nonPermNearZeros/PermNearZeros 0 0
AztecOO: unknowns/iterations/time/rowpermutations/colpermutations/lrowperm/lcolperm/nonDiagDomRows 66  6  0.000882 0 0 0 0 0 NonPermutedZeros/PermutedZeros 0 0 bPermuted 0 nonPermNearZeros/PermNearZeros 0 0
AztecOO: unknowns/iterations/time/rowpermutations/colpermutations/lrowperm/lcolperm/nonDiagDomRows 66  6  0.000912 0 0 0 0 0 NonPermutedZeros/PermutedZeros 0 0 bPermuted 0 nonPermNearZeros/PermNearZeros 0 0
AztecOO: unknowns/iterations/time/rowpermutations/colpermutations/lrowperm/lcolperm/nonDiagDomRows 66  6  0.000890 0 0 0 0 0 NonPermutedZeros/PermutedZeros 0 0 bPermuted 0 nonPermNearZeros/PermNearZeros 0 0
AztecOO: unknowns/iterations/time/rowpermutations/colpermutations/lrowperm/lcolperm/nonDiagDomRows 66  6  0.000896 0 0 0 0 0 NonPermutedZeros/PermutedZeros 0 0 bPermuted 0 nonPermNearZeros/PermNearZeros 0 0
AztecOO: unknowns/iterations/time/rowpermutations/colpermutations/lrowperm/lcolperm/nonDiagDomRows 66  5  0.000755 0 0 0 0 0 NonPermutedZeros/PermutedZeros 0 0 bPermuted 0 nonPermNearZeros/PermNearZeros 0 0
AztecOO: unknowns/iterations/time/rowpermutations/colpermutations/lrowperm/lcolperm/nonDiagDomRows 66  6  0.000925 0 0 0 0 0 NonPermutedZeros/PermutedZeros 0 0 bPermuted 0 nonPermNearZeros/PermNearZeros 0 0
AztecOO: unknowns/iterations/time/rowpermutations/colpermutations/lrowperm/lcolperm/nonDiagDomRows 66  6  0.000885 0 0 0 0 0 NonPermutedZeros/PermutedZeros 0 0 bPermuted 0 nonPermNearZeros/PermNearZeros 0 0
AztecOO: unknowns/iterations/time/rowpermutations/colpermutations/lrowperm/lcolperm/nonDiagDomRows 66  6  0.000875 0 0 0 0 0 NonPermutedZeros/PermutedZeros 0 0 bPermuted 0 nonPermNearZeros/PermNearZeros 0 0
AztecOO: unknowns/iterations/time/rowpermutations/colpermutations/lrowperm/lcolperm/nonDiagDomRows 66  6  0.000885 0 0 0 0 0 NonPermutedZeros/PermutedZeros 0 0 bPermuted 0 nonPermNearZeros/PermNearZeros 0 0
AztecOO: unknowns/iterations/time/rowpermutations/colpermutations/lrowperm/lcolperm/nonDiagDomRows 66  5  0.000760 0 0 0 0 0 NonPermutedZeros/PermutedZeros 0 0 bPermuted 0 nonPermNearZeros/PermNearZeros 0 0
AztecOO: unknowns/iterations/time/rowpermutations/colpermutations/lrowperm/lcolperm/nonDiagDomRows 66  6  0.000898 0 0 0 0 0 NonPermutedZeros/PermutedZeros 0 0 bPermuted 0 nonPermNearZeros/PermNearZeros 0 0
AztecOO: unknowns/iterations/time/rowpermutations/colpermutations/lrowperm/lcolperm/nonDiagDomRows 66  6  0.000887 0 0 0 0 0 NonPermutedZeros/PermutedZeros 0 0 bPermuted 0 nonPermNearZeros/PermNearZeros 0 0
AztecOO: unknowns/iterations/time/rowpermutations/colpermutations/lrowperm/lcolperm/nonDiagDomRows 66  6  0.000885 0 0 0 0 0 NonPermutedZeros/PermutedZeros 0 0 bPermuted 0 nonPermNearZeros/PermNearZeros 0 0
AztecOO: unknowns/iterations/time/rowpermutations/colpermutations/lrowperm/lcolperm/nonDiagDomRows 66  6  0.000879 0 0 0 0 0 NonPermutedZeros/PermutedZeros 0 0 bPermuted 0 nonPermNearZeros/PermNearZeros 0 0
AztecOO: unknowns/iterations/time/rowpermutations/colpermutations/lrowperm/lcolperm/nonDiagDomRows 66  5  0.000857 0 0 0 0 0 NonPermutedZeros/PermutedZeros 0 0 bPermuted 0 nonPermNearZeros/PermNearZeros 0 0
AztecOO: unknowns/iterations/time/rowpermutations/colpermutations/lrowperm/lcolperm/nonDiagDomRows 66  6  0.000876 0 0 0 0 0 NonPermutedZeros/PermutedZeros 0 0 bPermuted 0 nonPermNearZeros/PermNearZeros 0 0
AztecOO: unknowns/iterations/time/rowpermutations/colpermutations/lrowperm/lcolperm/nonDiagDomRows 66  6  0.000863 0 0 0 0 0 NonPermutedZeros/PermutedZeros 0 0 bPermuted 0 nonPermNearZeros/PermNearZeros 0 0
AztecOO: unknowns/iterations/time/rowpermutations/colpermutations/lrowperm/lcolperm/nonDiagDomRows 66  6  0.000857 0 0 0 0 0 NonPermutedZeros/PermutedZeros 0 0 bPermuted 0 nonPermNearZeros/PermNearZeros 0 0
AztecOO: unknowns/iterations/time/rowpermutations/colpermutations/lrowperm/lcolperm/nonDiagDomRows 66  6  0.000860 0 0 0 0 0 NonPermutedZeros/PermutedZeros 0 0 bPermuted 0 nonPermNearZeros/PermNearZeros 0 0
AztecOO: unknowns/iterations/time/rowpermutations/colpermutations/lrowperm/lcolperm/nonDiagDomRows 66  5  0.000757 0 0 0 0 0 NonPermutedZeros/PermutedZeros 0 0 bPermuted 0 nonPermNearZeros/PermNearZeros 0 0
AztecOO: unknowns/iterations/time/rowpermutations/colpermutations/lrowperm/lcolperm/nonDiagDomRows 66  6  0.000882 0 0 0 0 0 NonPermutedZeros/PermutedZeros 0 0 bPermuted 0 nonPermNearZeros/PermNearZeros 0 0
AztecOO: unknowns/iterations/time/rowpermutations/colpermutations/lrowperm/lcolperm/nonDiagDomRows 66  6  0.000882 0 0 0 0 0 NonPermutedZeros/PermutedZeros 0 0 bPermuted 0 nonPermNearZeros/PermNearZeros 0 0
AztecOO: unknowns/iterations/time/rowpermutations/colpermutations/lrowperm/lcolperm/nonDiagDomRows 66  6  0.000886 0 0 0 0 0 NonPermutedZeros/PermutedZeros 0 0 bPermuted 0 nonPermNearZeros/PermNearZeros 0 0
AztecOO: unknowns/iterations/time/rowpermutations/colpermutations/lrowperm/lcolperm/nonDiagDomRows 66  6  0.000889 0 0 0 0 0 NonPermutedZeros/PermutedZeros 0 0 bPermuted 0 nonPermNearZeros/PermNearZeros 0 0
AztecOO: unknowns/iterations/time/rowpermutations/colpermutations/lrowperm/lcolperm/nonDiagDomRows 66  5  0.000763 0 0 0 0 0 NonPermutedZeros/PermutedZeros 0 0 bPermuted 0 nonPermNearZeros/PermNearZeros 0 0
AztecOO: unknowns/iterations/time/rowpermutations/colpermutations/lrowperm/lcolperm/nonDiagDomRows 66  6  0.000864 0 0 0 0 0 NonPermutedZeros/PermutedZeros 0 0 bPermuted 0 nonPermNearZeros/PermNearZeros 0 0
AztecOO: unknowns/iterations/time/rowpermutations/colpermutations/lrowperm/lcolperm/nonDiagDomRows 66  6  0.000871 0 0 0 0 0 NonPermutedZeros/PermutedZeros 0 0 bPermuted 0 nonPermNearZeros/PermNearZeros 0 0
AztecOO: unknowns/iterations/time/rowpermutations/colpermutations/lrowperm/lcolperm/nonDiagDomRows 66  6  0.000881 0 0 0 0 0 NonPermutedZeros/PermutedZeros 0 0 bPermuted 0 nonPermNearZeros/PermNearZeros 0 0
AztecOO: unknowns/iterations/time/rowpermutations/colpermutations/lrowperm/lcolperm/nonDiagDomRows 66  6  0.000878 0 0 0 0 0 NonPermutedZeros/PermutedZeros 0 0 bPermuted 0 nonPermNearZeros/PermNearZeros 0 0
AztecOO: unknowns/iterations/time/rowpermutations/colpermutations/lrowperm/lcolperm/nonDiagDomRows 66  5  0.000762 0 0 0 0 0 NonPermutedZeros/PermutedZeros 0 0 bPermuted 0 nonPermNearZeros/PermNearZeros 0 0
AztecOO: unknowns/iterations/time/rowpermutations/colpermutations/lrowperm/lcolperm/nonDiagDomRows 66  6  0.000910 0 0 0 0 0 NonPermutedZeros/PermutedZeros 0 0 bPermuted 0 nonPermNearZeros/PermNearZeros 0 0
AztecOO: unknowns/iterations/time/rowpermutations/colpermutations/lrowperm/lcolperm/nonDiagDomRows 66  6  0.000862 0 0 0 0 0 NonPermutedZeros/PermutedZeros 0 0 bPermuted 0 nonPermNearZeros/PermNearZeros 0 0
AztecOO: unknowns/iterations/time/rowpermutations/colpermutations/lrowperm/lcolperm/nonDiagDomRows 66  6  0.000877 0 0 0 0 0 NonPermutedZeros/PermutedZeros 0 0 bPermuted 0 nonPermNearZeros/PermNearZeros 0 0
AztecOO: unknowns/iterations/time/rowpermutations/colpermutations/lrowperm/lcolperm/nonDiagDomRows 66  6  0.000872 0 0 0 0 0 NonPermutedZeros/PermutedZeros 0 0 bPermuted 0 nonPermNearZeros/PermNearZeros 0 0
AztecOO: unknowns/iterations/time/rowpermutations/colpermutations/lrowperm/lcolperm/nonDiagDomRows 66  5  0.000766 0 0 0 0 0 NonPermutedZeros/PermutedZeros 0 0 bPermuted 0 nonPermNearZeros/PermNearZeros 0 0
AztecOO: unknowns/iterations/time/rowpermutations/colpermutations/lrowperm/lcolperm/nonDiagDomRows 66  6  0.000892 0 0 0 0 0 NonPermutedZeros/PermutedZeros 0 0 bPermuted 0 nonPermNearZeros/PermNearZeros 0 0
AztecOO: unknowns/iterations/time/rowpermutations/colpermutations/lrowperm/lcolperm/nonDiagDomRows 66  6  0.000864 0 0 0 0 0 NonPermutedZeros/PermutedZeros 0 0 bPermuted 0 nonPermNearZeros/PermNearZeros 0 0
AztecOO: unknowns/iterations/time/rowpermutations/colpermutations/lrowperm/lcolperm/nonDiagDomRows 66  6  0.000861 0 0 0 0 0 NonPermutedZeros/PermutedZeros 0 0 bPermuted 0 nonPermNearZeros/PermNearZeros 0 0
AztecOO: unknowns/iterations/time/rowpermutations/colpermutations/lrowperm/lcolperm/nonDiagDomRows 66  6  0.000850 0 0 0 0 0 NonPermutedZeros/PermutedZeros 0 0 bPermuted 0 nonPermNearZeros/PermNearZeros 0 0
