AztecOO: unknowns/iterations/time/rowpermutations/colpermutations/lrowperm/lcolperm/nonDiagDomRows 22  6  0.001265 0 0 0 0 0 NonPermutedZeros/PermutedZeros 0 0 bPermuted 0 nonPermNearZeros/PermNearZeros 0 0
AztecOO: unknowns/iterations/time/rowpermutations/colpermutations/lrowperm/lcolperm/nonDiagDomRows 22  6  0.000802 0 0 0 0 0 NonPermutedZeros/PermutedZeros 0 0 bPermuted 0 nonPermNearZeros/PermNearZeros 0 0
AztecOO: unknowns/iterations/time/rowpermutations/colpermutations/lrowperm/lcolperm/nonDiagDomRows 22  5  0.000692 0 0 0 0 0 NonPermutedZeros/PermutedZeros 0 0 bPermuted 0 nonPermNearZeros/PermNearZeros 0 0
AztecOO: unknowns/iterations/time/rowpermutations/colpermutations/lrowperm/lcolperm/nonDiagDomRows 22  6  0.000811 0 0 0 0 0 NonPermutedZeros/PermutedZeros 0 0 bPermuted 0 nonPermNearZeros/PermNearZeros 0 0
AztecOO: unknowns/iterations/time/rowpermutations/colpermutations/lrowperm/lcolperm/nonDiagDomRows 22  6  0.000807 0 0 0 0 0 NonPermutedZeros/PermutedZeros 0 0 bPermuted 0 nonPermNearZeros/PermNearZeros 0 0
AztecOO: unknowns/iterations/time/rowpermutations/colpermutations/lrowperm/lcolperm/nonDiagDomRows 22  6  0.000806 0 0 0 0 0 NonPermutedZeros/PermutedZeros 0 0 bPermuted 0 nonPermNearZeros/PermNearZeros 0 0
AztecOO: unknowns/iterations/time/rowpermutations/colpermutations/lrowperm/lcolperm/nonDiagDomRows 22  5  0.000698 0 0 0 0 0 NonPermutedZeros/PermutedZeros 0 0 bPermuted 0 nonPermNearZeros/PermNearZeros 0 0
AztecOO: unknowns/iterations/time/rowpermutations/colpermutations/lrowperm/lcolperm/nonDiagDomRows 22  6  0.000810 0 0 0 0 0 NonPermutedZeros/PermutedZeros 0 0 bPermuted 0 nonPermNearZeros/PermNearZeros 0 0
AztecOO: unknowns/iterations/time/rowpermutations/colpermutations/lrowperm/lcolperm/nonDiagDomRows 22  5  0.000701 0 0 0 0 0 NonPermutedZeros/PermutedZeros 0 0 bPermuted 0 nonPermNearZeros/PermNearZeros 0 0
AztecOO: unknowns/iterations/time/rowpermutations/colpermutations/lrowperm/lcolperm/nonDiagDomRows 22  6  0.000811 0 0 0 0 0 NonPermutedZeros/PermutedZeros 0 0 bPermuted 0 nonPermNearZeros/PermNearZeros 0 0
AztecOO: unknowns/iterations/time/rowpermutations/colpermutations/lrowperm/lcolperm/nonDiagDomRows 22  6  0.000798 0 0 0 0 0 NonPermutedZeros/PermutedZeros 0 0 bPermuted 0 nonPermNearZeros/PermNearZeros 0 0
AztecOO: unknowns/iterations/time/rowpermutations/colpermutations/lrowperm/lcolperm/nonDiagDomRows 22  6  0.000822 0 0 0 0 0 NonPermutedZeros/PermutedZeros 0 0 bPermuted 0 nonPermNearZeros/PermNearZeros 0 0
AztecOO: unknowns/iterations/time/rowpermutations/colpermutations/lrowperm/lcolperm/nonDiagDomRows 22  6  0.000810 0 0 0 0 0 NonPermutedZeros/PermutedZeros 0 0 bPermuted 0 nonPermNearZeros/PermNearZeros 0 0
AztecOO: unknowns/iterations/time/rowpermutations/colpermutations/lrowperm/lcolperm/nonDiagDomRows 22  6  0.000811 0 0 0 0 0 NonPermutedZeros/PermutedZeros 0 0 bPermuted 0 nonPermNearZeros/PermNearZeros 0 0
AztecOO: unknowns/iterations/time/rowpermutations/colpermutations/lrowperm/lcolperm/nonDiagDomRows 22  6  0.000793 0 0 0 0 0 NonPermutedZeros/PermutedZeros 0 0 bPermuted 0 nonPermNearZeros/PermNearZeros 0 0
AztecOO: unknowns/iterations/time/rowpermutations/colpermutations/lrowperm/lcolperm/nonDiagDomRows 22  5  0.000695 0 0 0 0 0 NonPermutedZeros/PermutedZeros 0 0 bPermuted 0 nonPermNearZeros/PermNearZeros 0 0
AztecOO: unknowns/iterations/time/rowpermutations/colpermutations/lrowperm/lcolperm/nonDiagDomRows 22  6  0.000813 0 0 0 0 0 NonPermutedZeros/PermutedZeros 0 0 bPermuted 0 nonPermNearZeros/PermNearZeros 0 0
AztecOO: unknowns/iterations/time/rowpermutations/colpermutations/lrowperm/lcolperm/nonDiagDomRows 22  6  0.000811 0 0 0 0 0 NonPermutedZeros/PermutedZeros 0 0 bPermuted 0 nonPermNearZeros/PermNearZeros 0 0
AztecOO: unknowns/iterations/time/rowpermutations/colpermutations/lrowperm/lcolperm/nonDiagDomRows 22  6  0.000822 0 0 0 0 0 NonPermutedZeros/PermutedZeros 0 0 bPermuted 0 nonPermNearZeros/PermNearZeros 0 0
AztecOO: unknowns/iterations/time/rowpermutations/colpermutations/lrowperm/lcolperm/nonDiagDomRows 22  6  0.000815 0 0 0 0 0 NonPermutedZeros/PermutedZeros 0 0 bPermuted 0 nonPermNearZeros/PermNearZeros 0 0
AztecOO: unknowns/iterations/time/rowpermutations/colpermutations/lrowperm/lcolperm/nonDiagDomRows 22  6  0.000793 0 0 0 0 0 NonPermutedZeros/PermutedZeros 0 0 bPermuted 0 nonPermNearZeros/PermNearZeros 0 0
AztecOO: unknowns/iterations/time/rowpermutations/colpermutations/lrowperm/lcolperm/nonDiagDomRows 22  6  0.000810 0 0 0 0 0 NonPermutedZeros/PermutedZeros 0 0 bPermuted 0 nonPermNearZeros/PermNearZeros 0 0
AztecOO: unknowns/iterations/time/rowpermutations/colpermutations/lrowperm/lcolperm/nonDiagDomRows 22  6  0.000817 0 0 0 0 0 NonPermutedZeros/PermutedZeros 0 0 bPermuted 0 nonPermNearZeros/PermNearZeros 0 0
AztecOO: unknowns/iterations/time/rowpermutations/colpermutations/lrowperm/lcolperm/nonDiagDomRows 22  6  0.000808 0 0 0 0 0 NonPermutedZeros/PermutedZeros 0 0 bPermuted 0 nonPermNearZeros/PermNearZeros 0 0
AztecOO: unknowns/iterations/time/rowpermutations/colpermutations/lrowperm/lcolperm/nonDiagDomRows 22  6  0.000801 0 0 0 0 0 NonPermutedZeros/PermutedZeros 0 0 bPermuted 0 nonPermNearZeros/PermNearZeros 0 0
AztecOO: unknowns/iterations/time/rowpermutations/colpermutations/lrowperm/lcolperm/nonDiagDomRows 22  6  0.000822 0 0 0 0 0 NonPermutedZeros/PermutedZeros 0 0 bPermuted 0 nonPermNearZeros/PermNearZeros 0 0
AztecOO: unknowns/iterations/time/rowpermutations/colpermutations/lrowperm/lcolperm/nonDiagDomRows 22  6  0.000808 0 0 0 0 0 NonPermutedZeros/PermutedZeros 0 0 bPermuted 0 nonPermNearZeros/PermNearZeros 0 0
AztecOO: unknowns/iterations/time/rowpermutations/colpermutations/lrowperm/lcolperm/nonDiagDomRows 22  5  0.000690 0 0 0 0 0 NonPermutedZeros/PermutedZeros 0 0 bPermuted 0 nonPermNearZeros/PermNearZeros 0 0
AztecOO: unknowns/iterations/time/rowpermutations/colpermutations/lrowperm/lcolperm/nonDiagDomRows 22  6  0.000803 0 0 0 0 0 NonPermutedZeros/PermutedZeros 0 0 bPermuted 0 nonPermNearZeros/PermNearZeros 0 0
AztecOO: unknowns/iterations/time/rowpermutations/colpermutations/lrowperm/lcolperm/nonDiagDomRows 22  6  0.000805 0 0 0 0 0 NonPermutedZeros/PermutedZeros 0 0 bPermuted 0 nonPermNearZeros/PermNearZeros 0 0
AztecOO: unknowns/iterations/time/rowpermutations/colpermutations/lrowperm/lcolperm/nonDiagDomRows 22  6  0.000797 0 0 0 0 0 NonPermutedZeros/PermutedZeros 0 0 bPermuted 0 nonPermNearZeros/PermNearZeros 0 0
AztecOO: unknowns/iterations/time/rowpermutations/colpermutations/lrowperm/lcolperm/nonDiagDomRows 22  6  0.000801 0 0 0 0 0 NonPermutedZeros/PermutedZeros 0 0 bPermuted 0 nonPermNearZeros/PermNearZeros 0 0
AztecOO: unknowns/iterations/time/rowpermutations/colpermutations/lrowperm/lcolperm/nonDiagDomRows 22  6  0.000807 0 0 0 0 0 NonPermutedZeros/PermutedZeros 0 0 bPermuted 0 nonPermNearZeros/PermNearZeros 0 0
AztecOO: unknowns/iterations/time/rowpermutations/colpermutations/lrowperm/lcolperm/nonDiagDomRows 22  6  0.000822 0 0 0 0 0 NonPermutedZeros/PermutedZeros 0 0 bPermuted 0 nonPermNearZeros/PermNearZeros 0 0
AztecOO: unknowns/iterations/time/rowpermutations/colpermutations/lrowperm/lcolperm/nonDiagDomRows 22  6  0.000810 0 0 0 0 0 NonPermutedZeros/PermutedZeros 0 0 bPermuted 0 nonPermNearZeros/PermNearZeros 0 0
AztecOO: unknowns/iterations/time/rowpermutations/colpermutations/lrowperm/lcolperm/nonDiagDomRows 22  5  0.000699 0 0 0 0 0 NonPermutedZeros/PermutedZeros 0 0 bPermuted 0 nonPermNearZeros/PermNearZeros 0 0
AztecOO: unknowns/iterations/time/rowpermutations/colpermutations/lrowperm/lcolperm/nonDiagDomRows 22  6  0.000810 0 0 0 0 0 NonPermutedZeros/PermutedZeros 0 0 bPermuted 0 nonPermNearZeros/PermNearZeros 0 0
AztecOO: unknowns/iterations/time/rowpermutations/colpermutations/lrowperm/lcolperm/nonDiagDomRows 22  6  0.000792 0 0 0 0 0 NonPermutedZeros/PermutedZeros 0 0 bPermuted 0 nonPermNearZeros/PermNearZeros 0 0
AztecOO: unknowns/iterations/time/rowpermutations/colpermutations/lrowperm/lcolperm/nonDiagDomRows 22  6  0.000842 0 0 0 0 0 NonPermutedZeros/PermutedZeros 0 0 bPermuted 0 nonPermNearZeros/PermNearZeros 0 0
AztecOO: unknowns/iterations/time/rowpermutations/colpermutations/lrowperm/lcolperm/nonDiagDomRows 22  6  0.000805 0 0 0 0 0 NonPermutedZeros/PermutedZeros 0 0 bPermuted 0 nonPermNearZeros/PermNearZeros 0 0
AztecOO: unknowns/iterations/time/rowpermutations/colpermutations/lrowperm/lcolperm/nonDiagDomRows 22  5  0.000700 0 0 0 0 0 NonPermutedZeros/PermutedZeros 0 0 bPermuted 0 nonPermNearZeros/PermNearZeros 0 0
AztecOO: unknowns/iterations/time/rowpermutations/colpermutations/lrowperm/lcolperm/nonDiagDomRows 22  6  0.000806 0 0 0 0 0 NonPermutedZeros/PermutedZeros 0 0 bPermuted 0 nonPermNearZeros/PermNearZeros 0 0
AztecOO: unknowns/iterations/time/rowpermutations/colpermutations/lrowperm/lcolperm/nonDiagDomRows 22  5  0.000713 0 0 0 0 0 NonPermutedZeros/PermutedZeros 0 0 bPermuted 0 nonPermNearZeros/PermNearZeros 0 0
AztecOO: unknowns/iterations/time/rowpermutations/colpermutations/lrowperm/lcolperm/nonDiagDomRows 22  6  0.000821 0 0 0 0 0 NonPermutedZeros/PermutedZeros 0 0 bPermuted 0 nonPermNearZeros/PermNearZeros 0 0
AztecOO: unknowns/iterations/time/rowpermutations/colpermutations/lrowperm/lcolperm/nonDiagDomRows 22  6  0.000796 0 0 0 0 0 NonPermutedZeros/PermutedZeros 0 0 bPermuted 0 nonPermNearZeros/PermNearZeros 0 0
AztecOO: unknowns/iterations/time/rowpermutations/colpermutations/lrowperm/lcolperm/nonDiagDomRows 22  5  0.000703 0 0 0 0 0 NonPermutedZeros/PermutedZeros 0 0 bPermuted 0 nonPermNearZeros/PermNearZeros 0 0
AztecOO: unknowns/iterations/time/rowpermutations/colpermutations/lrowperm/lcolperm/nonDiagDomRows 22  6  0.000812 0 0 0 0 0 NonPermutedZeros/PermutedZeros 0 0 bPermuted 0 nonPermNearZeros/PermNearZeros 0 0
AztecOO: unknowns/iterations/time/rowpermutations/colpermutations/lrowperm/lcolperm/nonDiagDomRows 22  6  0.000813 0 0 0 0 0 NonPermutedZeros/PermutedZeros 0 0 bPermuted 0 nonPermNearZeros/PermNearZeros 0 0
AztecOO: unknowns/iterations/time/rowpermutations/colpermutations/lrowperm/lcolperm/nonDiagDomRows 22  6  0.000819 0 0 0 0 0 NonPermutedZeros/PermutedZeros 0 0 bPermuted 0 nonPermNearZeros/PermNearZeros 0 0
AztecOO: unknowns/iterations/time/rowpermutations/colpermutations/lrowperm/lcolperm/nonDiagDomRows 22  6  0.000815 0 0 0 0 0 NonPermutedZeros/PermutedZeros 0 0 bPermuted 0 nonPermNearZeros/PermNearZeros 0 0
AztecOO: unknowns/iterations/time/rowpermutations/colpermutations/lrowperm/lcolperm/nonDiagDomRows 22  6  0.000815 0 0 0 0 0 NonPermutedZeros/PermutedZeros 0 0 bPermuted 0 nonPermNearZeros/PermNearZeros 0 0
AztecOO: unknowns/iterations/time/rowpermutations/colpermutations/lrowperm/lcolperm/nonDiagDomRows 22  5  0.000710 0 0 0 0 0 NonPermutedZeros/PermutedZeros 0 0 bPermuted 0 nonPermNearZeros/PermNearZeros 0 0
AztecOO: unknowns/iterations/time/rowpermutations/colpermutations/lrowperm/lcolperm/nonDiagDomRows 22  6  0.000821 0 0 0 0 0 NonPermutedZeros/PermutedZeros 0 0 bPermuted 0 nonPermNearZeros/PermNearZeros 0 0
AztecOO: unknowns/iterations/time/rowpermutations/colpermutations/lrowperm/lcolperm/nonDiagDomRows 22  6  0.000816 0 0 0 0 0 NonPermutedZeros/PermutedZeros 0 0 bPermuted 0 nonPermNearZeros/PermNearZeros 0 0
AztecOO: unknowns/iterations/time/rowpermutations/colpermutations/lrowperm/lcolperm/nonDiagDomRows 22  6  0.000817 0 0 0 0 0 NonPermutedZeros/PermutedZeros 0 0 bPermuted 0 nonPermNearZeros/PermNearZeros 0 0
AztecOO: unknowns/iterations/time/rowpermutations/colpermutations/lrowperm/lcolperm/nonDiagDomRows 22  6  0.000798 0 0 0 0 0 NonPermutedZeros/PermutedZeros 0 0 bPermuted 0 nonPermNearZeros/PermNearZeros 0 0
AztecOO: unknowns/iterations/time/rowpermutations/colpermutations/lrowperm/lcolperm/nonDiagDomRows 22  5  0.000714 0 0 0 0 0 NonPermutedZeros/PermutedZeros 0 0 bPermuted 0 nonPermNearZeros/PermNearZeros 0 0
AztecOO: unknowns/iterations/time/rowpermutations/colpermutations/lrowperm/lcolperm/nonDiagDomRows 22  5  0.000702 0 0 0 0 0 NonPermutedZeros/PermutedZeros 0 0 bPermuted 0 nonPermNearZeros/PermNearZeros 0 0
AztecOO: unknowns/iterations/time/rowpermutations/colpermutations/lrowperm/lcolperm/nonDiagDomRows 22  6  0.000802 0 0 0 0 0 NonPermutedZeros/PermutedZeros 0 0 bPermuted 0 nonPermNearZeros/PermNearZeros 0 0
AztecOO: unknowns/iterations/time/rowpermutations/colpermutations/lrowperm/lcolperm/nonDiagDomRows 22  6  0.000812 0 0 0 0 0 NonPermutedZeros/PermutedZeros 0 0 bPermuted 0 nonPermNearZeros/PermNearZeros 0 0
AztecOO: unknowns/iterations/time/rowpermutations/colpermutations/lrowperm/lcolperm/nonDiagDomRows 22  6  0.000809 0 0 0 0 0 NonPermutedZeros/PermutedZeros 0 0 bPermuted 0 nonPermNearZeros/PermNearZeros 0 0
AztecOO: unknowns/iterations/time/rowpermutations/colpermutations/lrowperm/lcolperm/nonDiagDomRows 22  6  0.000803 0 0 0 0 0 NonPermutedZeros/PermutedZeros 0 0 bPermuted 0 nonPermNearZeros/PermNearZeros 0 0
AztecOO: unknowns/iterations/time/rowpermutations/colpermutations/lrowperm/lcolperm/nonDiagDomRows 22  6  0.000824 0 0 0 0 0 NonPermutedZeros/PermutedZeros 0 0 bPermuted 0 nonPermNearZeros/PermNearZeros 0 0
AztecOO: unknowns/iterations/time/rowpermutations/colpermutations/lrowperm/lcolperm/nonDiagDomRows 22  6  0.000797 0 0 0 0 0 NonPermutedZeros/PermutedZeros 0 0 bPermuted 0 nonPermNearZeros/PermNearZeros 0 0
AztecOO: unknowns/iterations/time/rowpermutations/colpermutations/lrowperm/lcolperm/nonDiagDomRows 22  6  0.000819 0 0 0 0 0 NonPermutedZeros/PermutedZeros 0 0 bPermuted 0 nonPermNearZeros/PermNearZeros 0 0
AztecOO: unknowns/iterations/time/rowpermutations/colpermutations/lrowperm/lcolperm/nonDiagDomRows 22  6  0.000810 0 0 0 0 0 NonPermutedZeros/PermutedZeros 0 0 bPermuted 0 nonPermNearZeros/PermNearZeros 0 0
AztecOO: unknowns/iterations/time/rowpermutations/colpermutations/lrowperm/lcolperm/nonDiagDomRows 22  6  0.000802 0 0 0 0 0 NonPermutedZeros/PermutedZeros 0 0 bPermuted 0 nonPermNearZeros/PermNearZeros 0 0
AztecOO: unknowns/iterations/time/rowpermutations/colpermutations/lrowperm/lcolperm/nonDiagDomRows 22  5  0.000701 0 0 0 0 0 NonPermutedZeros/PermutedZeros 0 0 bPermuted 0 nonPermNearZeros/PermNearZeros 0 0
AztecOO: unknowns/iterations/time/rowpermutations/colpermutations/lrowperm/lcolperm/nonDiagDomRows 22  5  0.000703 0 0 0 0 0 NonPermutedZeros/PermutedZeros 0 0 bPermuted 0 nonPermNearZeros/PermNearZeros 0 0
AztecOO: unknowns/iterations/time/rowpermutations/colpermutations/lrowperm/lcolperm/nonDiagDomRows 22  6  0.000811 0 0 0 0 0 NonPermutedZeros/PermutedZeros 0 0 bPermuted 0 nonPermNearZeros/PermNearZeros 0 0
AztecOO: unknowns/iterations/time/rowpermutations/colpermutations/lrowperm/lcolperm/nonDiagDomRows 22  6  0.000807 0 0 0 0 0 NonPermutedZeros/PermutedZeros 0 0 bPermuted 0 nonPermNearZeros/PermNearZeros 0 0
AztecOO: unknowns/iterations/time/rowpermutations/colpermutations/lrowperm/lcolperm/nonDiagDomRows 22  5  0.000717 0 0 0 0 0 NonPermutedZeros/PermutedZeros 0 0 bPermuted 0 nonPermNearZeros/PermNearZeros 0 0
AztecOO: unknowns/iterations/time/rowpermutations/colpermutations/lrowperm/lcolperm/nonDiagDomRows 22  6  0.000800 0 0 0 0 0 NonPermutedZeros/PermutedZeros 0 0 bPermuted 0 nonPermNearZeros/PermNearZeros 0 0
AztecOO: unknowns/iterations/time/rowpermutations/colpermutations/lrowperm/lcolperm/nonDiagDomRows 22  6  0.000810 0 0 0 0 0 NonPermutedZeros/PermutedZeros 0 0 bPermuted 0 nonPermNearZeros/PermNearZeros 0 0
AztecOO: unknowns/iterations/time/rowpermutations/colpermutations/lrowperm/lcolperm/nonDiagDomRows 22  6  0.000813 0 0 0 0 0 NonPermutedZeros/PermutedZeros 0 0 bPermuted 0 nonPermNearZeros/PermNearZeros 0 0
AztecOO: unknowns/iterations/time/rowpermutations/colpermutations/lrowperm/lcolperm/nonDiagDomRows 22  6  0.000820 0 0 0 0 0 NonPermutedZeros/PermutedZeros 0 0 bPermuted 0 nonPermNearZeros/PermNearZeros 0 0
AztecOO: unknowns/iterations/time/rowpermutations/colpermutations/lrowperm/lcolperm/nonDiagDomRows 22  6  0.000797 0 0 0 0 0 NonPermutedZeros/PermutedZeros 0 0 bPermuted 0 nonPermNearZeros/PermNearZeros 0 0
AztecOO: unknowns/iterations/time/rowpermutations/colpermutations/lrowperm/lcolperm/nonDiagDomRows 22  6  0.000810 0 0 0 0 0 NonPermutedZeros/PermutedZeros 0 0 bPermuted 0 nonPermNearZeros/PermNearZeros 0 0
AztecOO: unknowns/iterations/time/rowpermutations/colpermutations/lrowperm/lcolperm/nonDiagDomRows 22  6  0.000804 0 0 0 0 0 NonPermutedZeros/PermutedZeros 0 0 bPermuted 0 nonPermNearZeros/PermNearZeros 0 0
AztecOO: unknowns/iterations/time/rowpermutations/colpermutations/lrowperm/lcolperm/nonDiagDomRows 22  5  0.000748 0 0 0 0 0 NonPermutedZeros/PermutedZeros 0 0 bPermuted 0 nonPermNearZeros/PermNearZeros 0 0
AztecOO: unknowns/iterations/time/rowpermutations/colpermutations/lrowperm/lcolperm/nonDiagDomRows 22  6  0.000808 0 0 0 0 0 NonPermutedZeros/PermutedZeros 0 0 bPermuted 0 nonPermNearZeros/PermNearZeros 0 0
AztecOO: unknowns/iterations/time/rowpermutations/colpermutations/lrowperm/lcolperm/nonDiagDomRows 22  6  0.000810 0 0 0 0 0 NonPermutedZeros/PermutedZeros 0 0 bPermuted 0 nonPermNearZeros/PermNearZeros 0 0
AztecOO: unknowns/iterations/time/rowpermutations/colpermutations/lrowperm/lcolperm/nonDiagDomRows 22  5  0.000699 0 0 0 0 0 NonPermutedZeros/PermutedZeros 0 0 bPermuted 0 nonPermNearZeros/PermNearZeros 0 0
AztecOO: unknowns/iterations/time/rowpermutations/colpermutations/lrowperm/lcolperm/nonDiagDomRows 22  6  0.000801 0 0 0 0 0 NonPermutedZeros/PermutedZeros 0 0 bPermuted 0 nonPermNearZeros/PermNearZeros 0 0
AztecOO: unknowns/iterations/time/rowpermutations/colpermutations/lrowperm/lcolperm/nonDiagDomRows 22  6  0.000815 0 0 0 0 0 NonPermutedZeros/PermutedZeros 0 0 bPermuted 0 nonPermNearZeros/PermNearZeros 0 0
AztecOO: unknowns/iterations/time/rowpermutations/colpermutations/lrowperm/lcolperm/nonDiagDomRows 22  6  0.000823 0 0 0 0 0 NonPermutedZeros/PermutedZeros 0 0 bPermuted 0 nonPermNearZeros/PermNearZeros 0 0
AztecOO: unknowns/iterations/time/rowpermutations/colpermutations/lrowperm/lcolperm/nonDiagDomRows 22  6  0.000807 0 0 0 0 0 NonPermutedZeros/PermutedZeros 0 0 bPermuted 0 nonPermNearZeros/PermNearZeros 0 0
AztecOO: unknowns/iterations/time/rowpermutations/colpermutations/lrowperm/lcolperm/nonDiagDomRows 22  6  0.000813 0 0 0 0 0 NonPermutedZeros/PermutedZeros 0 0 bPermuted 0 nonPermNearZeros/PermNearZeros 0 0
AztecOO: unknowns/iterations/time/rowpermutations/colpermutations/lrowperm/lcolperm/nonDiagDomRows 22  6  0.000795 0 0 0 0 0 NonPermutedZeros/PermutedZeros 0 0 bPermuted 0 nonPermNearZeros/PermNearZeros 0 0
AztecOO: unknowns/iterations/time/rowpermutations/colpermutations/lrowperm/lcolperm/nonDiagDomRows 22  5  0.000696 0 0 0 0 0 NonPermutedZeros/PermutedZeros 0 0 bPermuted 0 nonPermNearZeros/PermNearZeros 0 0
AztecOO: unknowns/iterations/time/rowpermutations/colpermutations/lrowperm/lcolperm/nonDiagDomRows 22  6  0.000819 0 0 0 0 0 NonPermutedZeros/PermutedZeros 0 0 bPermuted 0 nonPermNearZeros/PermNearZeros 0 0
AztecOO: unknowns/iterations/time/rowpermutations/colpermutations/lrowperm/lcolperm/nonDiagDomRows 22  6  0.000816 0 0 0 0 0 NonPermutedZeros/PermutedZeros 0 0 bPermuted 0 nonPermNearZeros/PermNearZeros 0 0
AztecOO: unknowns/iterations/time/rowpermutations/colpermutations/lrowperm/lcolperm/nonDiagDomRows 22  5  0.000701 0 0 0 0 0 NonPermutedZeros/PermutedZeros 0 0 bPermuted 0 nonPermNearZeros/PermNearZeros 0 0
AztecOO: unknowns/iterations/time/rowpermutations/colpermutations/lrowperm/lcolperm/nonDiagDomRows 22  6  0.000801 0 0 0 0 0 NonPermutedZeros/PermutedZeros 0 0 bPermuted 0 nonPermNearZeros/PermNearZeros 0 0
AztecOO: unknowns/iterations/time/rowpermutations/colpermutations/lrowperm/lcolperm/nonDiagDomRows 22  6  0.000808 0 0 0 0 0 NonPermutedZeros/PermutedZeros 0 0 bPermuted 0 nonPermNearZeros/PermNearZeros 0 0
AztecOO: unknowns/iterations/time/rowpermutations/colpermutations/lrowperm/lcolperm/nonDiagDomRows 22  6  0.000808 0 0 0 0 0 NonPermutedZeros/PermutedZeros 0 0 bPermuted 0 nonPermNearZeros/PermNearZeros 0 0
AztecOO: unknowns/iterations/time/rowpermutations/colpermutations/lrowperm/lcolperm/nonDiagDomRows 22  6  0.000813 0 0 0 0 0 NonPermutedZeros/PermutedZeros 0 0 bPermuted 0 nonPermNearZeros/PermNearZeros 0 0
AztecOO: unknowns/iterations/time/rowpermutations/colpermutations/lrowperm/lcolperm/nonDiagDomRows 22  6  0.000824 0 0 0 0 0 NonPermutedZeros/PermutedZeros 0 0 bPermuted 0 nonPermNearZeros/PermNearZeros 0 0
AztecOO: unknowns/iterations/time/rowpermutations/colpermutations/lrowperm/lcolperm/nonDiagDomRows 22  5  0.000710 0 0 0 0 0 NonPermutedZeros/PermutedZeros 0 0 bPermuted 0 nonPermNearZeros/PermNearZeros 0 0
AztecOO: unknowns/iterations/time/rowpermutations/colpermutations/lrowperm/lcolperm/nonDiagDomRows 22  6  0.000831 0 0 0 0 0 NonPermutedZeros/PermutedZeros 0 0 bPermuted 0 nonPermNearZeros/PermNearZeros 0 0
AztecOO: unknowns/iterations/time/rowpermutations/colpermutations/lrowperm/lcolperm/nonDiagDomRows 22  6  0.000809 0 0 0 0 0 NonPermutedZeros/PermutedZeros 0 0 bPermuted 0 nonPermNearZeros/PermNearZeros 0 0
AztecOO: unknowns/iterations/time/rowpermutations/colpermutations/lrowperm/lcolperm/nonDiagDomRows 22  5  0.000694 0 0 0 0 0 NonPermutedZeros/PermutedZeros 0 0 bPermuted 0 nonPermNearZeros/PermNearZeros 0 0
AztecOO: unknowns/iterations/time/rowpermutations/colpermutations/lrowperm/lcolperm/nonDiagDomRows 22  6  0.000821 0 0 0 0 0 NonPermutedZeros/PermutedZeros 0 0 bPermuted 0 nonPermNearZeros/PermNearZeros 0 0
AztecOO: unknowns/iterations/time/rowpermutations/colpermutations/lrowperm/lcolperm/nonDiagDomRows 22  6  0.000806 0 0 0 0 0 NonPermutedZeros/PermutedZeros 0 0 bPermuted 0 nonPermNearZeros/PermNearZeros 0 0
AztecOO: unknowns/iterations/time/rowpermutations/colpermutations/lrowperm/lcolperm/nonDiagDomRows 22  6  0.000808 0 0 0 0 0 NonPermutedZeros/PermutedZeros 0 0 bPermuted 0 nonPermNearZeros/PermNearZeros 0 0
AztecOO: unknowns/iterations/time/rowpermutations/colpermutations/lrowperm/lcolperm/nonDiagDomRows 22  6  0.000810 0 0 0 0 0 NonPermutedZeros/PermutedZeros 0 0 bPermuted 0 nonPermNearZeros/PermNearZeros 0 0
AztecOO: unknowns/iterations/time/rowpermutations/colpermutations/lrowperm/lcolperm/nonDiagDomRows 22  5  0.000700 0 0 0 0 0 NonPermutedZeros/PermutedZeros 0 0 bPermuted 0 nonPermNearZeros/PermNearZeros 0 0
AztecOO: unknowns/iterations/time/rowpermutations/colpermutations/lrowperm/lcolperm/nonDiagDomRows 22  6  0.000823 0 0 0 0 0 NonPermutedZeros/PermutedZeros 0 0 bPermuted 0 nonPermNearZeros/PermNearZeros 0 0
AztecOO: unknowns/iterations/time/rowpermutations/colpermutations/lrowperm/lcolperm/nonDiagDomRows 22  6  0.000844 0 0 0 0 0 NonPermutedZeros/PermutedZeros 0 0 bPermuted 0 nonPermNearZeros/PermNearZeros 0 0
AztecOO: unknowns/iterations/time/rowpermutations/colpermutations/lrowperm/lcolperm/nonDiagDomRows 22  5  0.000702 0 0 0 0 0 NonPermutedZeros/PermutedZeros 0 0 bPermuted 0 nonPermNearZeros/PermNearZeros 0 0
AztecOO: unknowns/iterations/time/rowpermutations/colpermutations/lrowperm/lcolperm/nonDiagDomRows 22  6  0.000880 0 0 0 0 0 NonPermutedZeros/PermutedZeros 0 0 bPermuted 0 nonPermNearZeros/PermNearZeros 0 0
AztecOO: unknowns/iterations/time/rowpermutations/colpermutations/lrowperm/lcolperm/nonDiagDomRows 22  6  0.000826 0 0 0 0 0 NonPermutedZeros/PermutedZeros 0 0 bPermuted 0 nonPermNearZeros/PermNearZeros 0 0
AztecOO: unknowns/iterations/time/rowpermutations/colpermutations/lrowperm/lcolperm/nonDiagDomRows 22  6  0.000828 0 0 0 0 0 NonPermutedZeros/PermutedZeros 0 0 bPermuted 0 nonPermNearZeros/PermNearZeros 0 0
AztecOO: unknowns/iterations/time/rowpermutations/colpermutations/lrowperm/lcolperm/nonDiagDomRows 22  6  0.000824 0 0 0 0 0 NonPermutedZeros/PermutedZeros 0 0 bPermuted 0 nonPermNearZeros/PermNearZeros 0 0
AztecOO: unknowns/iterations/time/rowpermutations/colpermutations/lrowperm/lcolperm/nonDiagDomRows 22  5  0.000702 0 0 0 0 0 NonPermutedZeros/PermutedZeros 0 0 bPermuted 0 nonPermNearZeros/PermNearZeros 0 0
AztecOO: unknowns/iterations/time/rowpermutations/colpermutations/lrowperm/lcolperm/nonDiagDomRows 22  6  0.000814 0 0 0 0 0 NonPermutedZeros/PermutedZeros 0 0 bPermuted 0 nonPermNearZeros/PermNearZeros 0 0
AztecOO: unknowns/iterations/time/rowpermutations/colpermutations/lrowperm/lcolperm/nonDiagDomRows 22  6  0.000822 0 0 0 0 0 NonPermutedZeros/PermutedZeros 0 0 bPermuted 0 nonPermNearZeros/PermNearZeros 0 0
AztecOO: unknowns/iterations/time/rowpermutations/colpermutations/lrowperm/lcolperm/nonDiagDomRows 22  5  0.000716 0 0 0 0 0 NonPermutedZeros/PermutedZeros 0 0 bPermuted 0 nonPermNearZeros/PermNearZeros 0 0
AztecOO: unknowns/iterations/time/rowpermutations/colpermutations/lrowperm/lcolperm/nonDiagDomRows 22  6  0.000816 0 0 0 0 0 NonPermutedZeros/PermutedZeros 0 0 bPermuted 0 nonPermNearZeros/PermNearZeros 0 0
AztecOO: unknowns/iterations/time/rowpermutations/colpermutations/lrowperm/lcolperm/nonDiagDomRows 22  6  0.000801 0 0 0 0 0 NonPermutedZeros/PermutedZeros 0 0 bPermuted 0 nonPermNearZeros/PermNearZeros 0 0
AztecOO: unknowns/iterations/time/rowpermutations/colpermutations/lrowperm/lcolperm/nonDiagDomRows 22  6  0.000809 0 0 0 0 0 NonPermutedZeros/PermutedZeros 0 0 bPermuted 0 nonPermNearZeros/PermNearZeros 0 0
AztecOO: unknowns/iterations/time/rowpermutations/colpermutations/lrowperm/lcolperm/nonDiagDomRows 22  5  0.000707 0 0 0 0 0 NonPermutedZeros/PermutedZeros 0 0 bPermuted 0 nonPermNearZeros/PermNearZeros 0 0
AztecOO: unknowns/iterations/time/rowpermutations/colpermutations/lrowperm/lcolperm/nonDiagDomRows 22  6  0.000820 0 0 0 0 0 NonPermutedZeros/PermutedZeros 0 0 bPermuted 0 nonPermNearZeros/PermNearZeros 0 0
AztecOO: unknowns/iterations/time/rowpermutations/colpermutations/lrowperm/lcolperm/nonDiagDomRows 22  6  0.000806 0 0 0 0 0 NonPermutedZeros/PermutedZeros 0 0 bPermuted 0 nonPermNearZeros/PermNearZeros 0 0
AztecOO: unknowns/iterations/time/rowpermutations/colpermutations/lrowperm/lcolperm/nonDiagDomRows 22  5  0.000753 0 0 0 0 0 NonPermutedZeros/PermutedZeros 0 0 bPermuted 0 nonPermNearZeros/PermNearZeros 0 0
AztecOO: unknowns/iterations/time/rowpermutations/colpermutations/lrowperm/lcolperm/nonDiagDomRows 22  6  0.000812 0 0 0 0 0 NonPermutedZeros/PermutedZeros 0 0 bPermuted 0 nonPermNearZeros/PermNearZeros 0 0
AztecOO: unknowns/iterations/time/rowpermutations/colpermutations/lrowperm/lcolperm/nonDiagDomRows 22  6  0.000809 0 0 0 0 0 NonPermutedZeros/PermutedZeros 0 0 bPermuted 0 nonPermNearZeros/PermNearZeros 0 0
AztecOO: unknowns/iterations/time/rowpermutations/colpermutations/lrowperm/lcolperm/nonDiagDomRows 22  6  0.000800 0 0 0 0 0 NonPermutedZeros/PermutedZeros 0 0 bPermuted 0 nonPermNearZeros/PermNearZeros 0 0
AztecOO: unknowns/iterations/time/rowpermutations/colpermutations/lrowperm/lcolperm/nonDiagDomRows 22  5  0.000717 0 0 0 0 0 NonPermutedZeros/PermutedZeros 0 0 bPermuted 0 nonPermNearZeros/PermNearZeros 0 0
AztecOO: unknowns/iterations/time/rowpermutations/colpermutations/lrowperm/lcolperm/nonDiagDomRows 22  6  0.000808 0 0 0 0 0 NonPermutedZeros/PermutedZeros 0 0 bPermuted 0 nonPermNearZeros/PermNearZeros 0 0
AztecOO: unknowns/iterations/time/rowpermutations/colpermutations/lrowperm/lcolperm/nonDiagDomRows 22  6  0.000792 0 0 0 0 0 NonPermutedZeros/PermutedZeros 0 0 bPermuted 0 nonPermNearZeros/PermNearZeros 0 0
AztecOO: unknowns/iterations/time/rowpermutations/colpermutations/lrowperm/lcolperm/nonDiagDomRows 22  5  0.000715 0 0 0 0 0 NonPermutedZeros/PermutedZeros 0 0 bPermuted 0 nonPermNearZeros/PermNearZeros 0 0
AztecOO: unknowns/iterations/time/rowpermutations/colpermutations/lrowperm/lcolperm/nonDiagDomRows 22  6  0.000817 0 0 0 0 0 NonPermutedZeros/PermutedZeros 0 0 bPermuted 0 nonPermNearZeros/PermNearZeros 0 0
AztecOO: unknowns/iterations/time/rowpermutations/colpermutations/lrowperm/lcolperm/nonDiagDomRows 22  6  0.000812 0 0 0 0 0 NonPermutedZeros/PermutedZeros 0 0 bPermuted 0 nonPermNearZeros/PermNearZeros 0 0
AztecOO: unknowns/iterations/time/rowpermutations/colpermutations/lrowperm/lcolperm/nonDiagDomRows 22  5  0.000713 0 0 0 0 0 NonPermutedZeros/PermutedZeros 0 0 bPermuted 0 nonPermNearZeros/PermNearZeros 0 0
AztecOO: unknowns/iterations/time/rowpermutations/colpermutations/lrowperm/lcolperm/nonDiagDomRows 22  6  0.000810 0 0 0 0 0 NonPermutedZeros/PermutedZeros 0 0 bPermuted 0 nonPermNearZeros/PermNearZeros 0 0
AztecOO: unknowns/iterations/time/rowpermutations/colpermutations/lrowperm/lcolperm/nonDiagDomRows 22  6  0.000799 0 0 0 0 0 NonPermutedZeros/PermutedZeros 0 0 bPermuted 0 nonPermNearZeros/PermNearZeros 0 0
AztecOO: unknowns/iterations/time/rowpermutations/colpermutations/lrowperm/lcolperm/nonDiagDomRows 22  5  0.000697 0 0 0 0 0 NonPermutedZeros/PermutedZeros 0 0 bPermuted 0 nonPermNearZeros/PermNearZeros 0 0
AztecOO: unknowns/iterations/time/rowpermutations/colpermutations/lrowperm/lcolperm/nonDiagDomRows 22  6  0.000789 0 0 0 0 0 NonPermutedZeros/PermutedZeros 0 0 bPermuted 0 nonPermNearZeros/PermNearZeros 0 0
AztecOO: unknowns/iterations/time/rowpermutations/colpermutations/lrowperm/lcolperm/nonDiagDomRows 22  6  0.000793 0 0 0 0 0 NonPermutedZeros/PermutedZeros 0 0 bPermuted 0 nonPermNearZeros/PermNearZeros 0 0
AztecOO: unknowns/iterations/time/rowpermutations/colpermutations/lrowperm/lcolperm/nonDiagDomRows 22  5  0.000718 0 0 0 0 0 NonPermutedZeros/PermutedZeros 0 0 bPermuted 0 nonPermNearZeros/PermNearZeros 0 0
AztecOO: unknowns/iterations/time/rowpermutations/colpermutations/lrowperm/lcolperm/nonDiagDomRows 22  6  0.000795 0 0 0 0 0 NonPermutedZeros/PermutedZeros 0 0 bPermuted 0 nonPermNearZeros/PermNearZeros 0 0
AztecOO: unknowns/iterations/time/rowpermutations/colpermutations/lrowperm/lcolperm/nonDiagDomRows 22  6  0.000816 0 0 0 0 0 NonPermutedZeros/PermutedZeros 0 0 bPermuted 0 nonPermNearZeros/PermNearZeros 0 0
AztecOO: unknowns/iterations/time/rowpermutations/colpermutations/lrowperm/lcolperm/nonDiagDomRows 22  5  0.000715 0 0 0 0 0 NonPermutedZeros/PermutedZeros 0 0 bPermuted 0 nonPermNearZeros/PermNearZeros 0 0
AztecOO: unknowns/iterations/time/rowpermutations/colpermutations/lrowperm/lcolperm/nonDiagDomRows 22  6  0.000812 0 0 0 0 0 NonPermutedZeros/PermutedZeros 0 0 bPermuted 0 nonPermNearZeros/PermNearZeros 0 0
AztecOO: unknowns/iterations/time/rowpermutations/colpermutations/lrowperm/lcolperm/nonDiagDomRows 22  6  0.000795 0 0 0 0 0 NonPermutedZeros/PermutedZeros 0 0 bPermuted 0 nonPermNearZeros/PermNearZeros 0 0
AztecOO: unknowns/iterations/time/rowpermutations/colpermutations/lrowperm/lcolperm/nonDiagDomRows 22  5  0.000713 0 0 0 0 0 NonPermutedZeros/PermutedZeros 0 0 bPermuted 0 nonPermNearZeros/PermNearZeros 0 0
AztecOO: unknowns/iterations/time/rowpermutations/colpermutations/lrowperm/lcolperm/nonDiagDomRows 22  6  0.000802 0 0 0 0 0 NonPermutedZeros/PermutedZeros 0 0 bPermuted 0 nonPermNearZeros/PermNearZeros 0 0
AztecOO: unknowns/iterations/time/rowpermutations/colpermutations/lrowperm/lcolperm/nonDiagDomRows 22  6  0.000815 0 0 0 0 0 NonPermutedZeros/PermutedZeros 0 0 bPermuted 0 nonPermNearZeros/PermNearZeros 0 0
AztecOO: unknowns/iterations/time/rowpermutations/colpermutations/lrowperm/lcolperm/nonDiagDomRows 22  5  0.000691 0 0 0 0 0 NonPermutedZeros/PermutedZeros 0 0 bPermuted 0 nonPermNearZeros/PermNearZeros 0 0
AztecOO: unknowns/iterations/time/rowpermutations/colpermutations/lrowperm/lcolperm/nonDiagDomRows 22  6  0.000809 0 0 0 0 0 NonPermutedZeros/PermutedZeros 0 0 bPermuted 0 nonPermNearZeros/PermNearZeros 0 0
AztecOO: unknowns/iterations/time/rowpermutations/colpermutations/lrowperm/lcolperm/nonDiagDomRows 22  6  0.000810 0 0 0 0 0 NonPermutedZeros/PermutedZeros 0 0 bPermuted 0 nonPermNearZeros/PermNearZeros 0 0
AztecOO: unknowns/iterations/time/rowpermutations/colpermutations/lrowperm/lcolperm/nonDiagDomRows 22  5  0.000685 0 0 0 0 0 NonPermutedZeros/PermutedZeros 0 0 bPermuted 0 nonPermNearZeros/PermNearZeros 0 0
AztecOO: unknowns/iterations/time/rowpermutations/colpermutations/lrowperm/lcolperm/nonDiagDomRows 22  6  0.000812 0 0 0 0 0 NonPermutedZeros/PermutedZeros 0 0 bPermuted 0 nonPermNearZeros/PermNearZeros 0 0
AztecOO: unknowns/iterations/time/rowpermutations/colpermutations/lrowperm/lcolperm/nonDiagDomRows 22  6  0.000813 0 0 0 0 0 NonPermutedZeros/PermutedZeros 0 0 bPermuted 0 nonPermNearZeros/PermNearZeros 0 0
AztecOO: unknowns/iterations/time/rowpermutations/colpermutations/lrowperm/lcolperm/nonDiagDomRows 22  5  0.000710 0 0 0 0 0 NonPermutedZeros/PermutedZeros 0 0 bPermuted 0 nonPermNearZeros/PermNearZeros 0 0
AztecOO: unknowns/iterations/time/rowpermutations/colpermutations/lrowperm/lcolperm/nonDiagDomRows 22  6  0.000794 0 0 0 0 0 NonPermutedZeros/PermutedZeros 0 0 bPermuted 0 nonPermNearZeros/PermNearZeros 0 0
