AztecOO: unknowns/iterations/time/rowpermutations/colpermutations/lrowperm/lcolperm/nonDiagDomRows 34  6  0.001315 0 0 0 0 0 NonPermutedZeros/PermutedZeros 0 0 bPermuted 0 nonPermNearZeros/PermNearZeros 0 0
AztecOO: unknowns/iterations/time/rowpermutations/colpermutations/lrowperm/lcolperm/nonDiagDomRows 34  6  0.000843 0 0 0 0 0 NonPermutedZeros/PermutedZeros 0 0 bPermuted 0 nonPermNearZeros/PermNearZeros 0 0
AztecOO: unknowns/iterations/time/rowpermutations/colpermutations/lrowperm/lcolperm/nonDiagDomRows 34  5  0.000713 0 0 0 0 0 NonPermutedZeros/PermutedZeros 0 0 bPermuted 0 nonPermNearZeros/PermNearZeros 0 0
AztecOO: unknowns/iterations/time/rowpermutations/colpermutations/lrowperm/lcolperm/nonDiagDomRows 34  5  0.000722 0 0 0 0 0 NonPermutedZeros/PermutedZeros 0 0 bPermuted 0 nonPermNearZeros/PermNearZeros 0 0
AztecOO: unknowns/iterations/time/rowpermutations/colpermutations/lrowperm/lcolperm/nonDiagDomRows 34  5  0.000766 0 0 0 0 0 NonPermutedZeros/PermutedZeros 0 0 bPermuted 0 nonPermNearZeros/PermNearZeros 0 0
AztecOO: unknowns/iterations/time/rowpermutations/colpermutations/lrowperm/lcolperm/nonDiagDomRows 34  5  0.000739 0 0 0 0 0 NonPermutedZeros/PermutedZeros 0 0 bPermuted 0 nonPermNearZeros/PermNearZeros 0 0
AztecOO: unknowns/iterations/time/rowpermutations/colpermutations/lrowperm/lcolperm/nonDiagDomRows 34  5  0.000750 0 0 0 0 0 NonPermutedZeros/PermutedZeros 0 0 bPermuted 0 nonPermNearZeros/PermNearZeros 0 0
AztecOO: unknowns/iterations/time/rowpermutations/colpermutations/lrowperm/lcolperm/nonDiagDomRows 34  6  0.001299 0 0 0 0 0 NonPermutedZeros/PermutedZeros 0 0 bPermuted 0 nonPermNearZeros/PermNearZeros 0 0
AztecOO: unknowns/iterations/time/rowpermutations/colpermutations/lrowperm/lcolperm/nonDiagDomRows 34  6  0.000851 0 0 0 0 0 NonPermutedZeros/PermutedZeros 0 0 bPermuted 0 nonPermNearZeros/PermNearZeros 0 0
AztecOO: unknowns/iterations/time/rowpermutations/colpermutations/lrowperm/lcolperm/nonDiagDomRows 34  5  0.000718 0 0 0 0 0 NonPermutedZeros/PermutedZeros 0 0 bPermuted 0 nonPermNearZeros/PermNearZeros 0 0
AztecOO: unknowns/iterations/time/rowpermutations/colpermutations/lrowperm/lcolperm/nonDiagDomRows 34  6  0.000823 0 0 0 0 0 NonPermutedZeros/PermutedZeros 0 0 bPermuted 0 nonPermNearZeros/PermNearZeros 0 0
AztecOO: unknowns/iterations/time/rowpermutations/colpermutations/lrowperm/lcolperm/nonDiagDomRows 34  6  0.000819 0 0 0 0 0 NonPermutedZeros/PermutedZeros 0 0 bPermuted 0 nonPermNearZeros/PermNearZeros 0 0
AztecOO: unknowns/iterations/time/rowpermutations/colpermutations/lrowperm/lcolperm/nonDiagDomRows 34  6  0.000824 0 0 0 0 0 NonPermutedZeros/PermutedZeros 0 0 bPermuted 0 nonPermNearZeros/PermNearZeros 0 0
AztecOO: unknowns/iterations/time/rowpermutations/colpermutations/lrowperm/lcolperm/nonDiagDomRows 34  5  0.000746 0 0 0 0 0 NonPermutedZeros/PermutedZeros 0 0 bPermuted 0 nonPermNearZeros/PermNearZeros 0 0
AztecOO: unknowns/iterations/time/rowpermutations/colpermutations/lrowperm/lcolperm/nonDiagDomRows 34  6  0.000828 0 0 0 0 0 NonPermutedZeros/PermutedZeros 0 0 bPermuted 0 nonPermNearZeros/PermNearZeros 0 0
AztecOO: unknowns/iterations/time/rowpermutations/colpermutations/lrowperm/lcolperm/nonDiagDomRows 34  6  0.000843 0 0 0 0 0 NonPermutedZeros/PermutedZeros 0 0 bPermuted 0 nonPermNearZeros/PermNearZeros 0 0
AztecOO: unknowns/iterations/time/rowpermutations/colpermutations/lrowperm/lcolperm/nonDiagDomRows 34  6  0.000839 0 0 0 0 0 NonPermutedZeros/PermutedZeros 0 0 bPermuted 0 nonPermNearZeros/PermNearZeros 0 0
AztecOO: unknowns/iterations/time/rowpermutations/colpermutations/lrowperm/lcolperm/nonDiagDomRows 34  5  0.000717 0 0 0 0 0 NonPermutedZeros/PermutedZeros 0 0 bPermuted 0 nonPermNearZeros/PermNearZeros 0 0
AztecOO: unknowns/iterations/time/rowpermutations/colpermutations/lrowperm/lcolperm/nonDiagDomRows 34  6  0.000816 0 0 0 0 0 NonPermutedZeros/PermutedZeros 0 0 bPermuted 0 nonPermNearZeros/PermNearZeros 0 0
AztecOO: unknowns/iterations/time/rowpermutations/colpermutations/lrowperm/lcolperm/nonDiagDomRows 34  6  0.000832 0 0 0 0 0 NonPermutedZeros/PermutedZeros 0 0 bPermuted 0 nonPermNearZeros/PermNearZeros 0 0
AztecOO: unknowns/iterations/time/rowpermutations/colpermutations/lrowperm/lcolperm/nonDiagDomRows 34  6  0.000828 0 0 0 0 0 NonPermutedZeros/PermutedZeros 0 0 bPermuted 0 nonPermNearZeros/PermNearZeros 0 0
AztecOO: unknowns/iterations/time/rowpermutations/colpermutations/lrowperm/lcolperm/nonDiagDomRows 34  5  0.000746 0 0 0 0 0 NonPermutedZeros/PermutedZeros 0 0 bPermuted 0 nonPermNearZeros/PermNearZeros 0 0
AztecOO: unknowns/iterations/time/rowpermutations/colpermutations/lrowperm/lcolperm/nonDiagDomRows 34  6  0.000856 0 0 0 0 0 NonPermutedZeros/PermutedZeros 0 0 bPermuted 0 nonPermNearZeros/PermNearZeros 0 0
AztecOO: unknowns/iterations/time/rowpermutations/colpermutations/lrowperm/lcolperm/nonDiagDomRows 34  6  0.000874 0 0 0 0 0 NonPermutedZeros/PermutedZeros 0 0 bPermuted 0 nonPermNearZeros/PermNearZeros 0 0
AztecOO: unknowns/iterations/time/rowpermutations/colpermutations/lrowperm/lcolperm/nonDiagDomRows 34  5  0.000755 0 0 0 0 0 NonPermutedZeros/PermutedZeros 0 0 bPermuted 0 nonPermNearZeros/PermNearZeros 0 0
AztecOO: unknowns/iterations/time/rowpermutations/colpermutations/lrowperm/lcolperm/nonDiagDomRows 34  6  0.000835 0 0 0 0 0 NonPermutedZeros/PermutedZeros 0 0 bPermuted 0 nonPermNearZeros/PermNearZeros 0 0
AztecOO: unknowns/iterations/time/rowpermutations/colpermutations/lrowperm/lcolperm/nonDiagDomRows 34  5  0.000737 0 0 0 0 0 NonPermutedZeros/PermutedZeros 0 0 bPermuted 0 nonPermNearZeros/PermNearZeros 0 0
AztecOO: unknowns/iterations/time/rowpermutations/colpermutations/lrowperm/lcolperm/nonDiagDomRows 34  5  0.000711 0 0 0 0 0 NonPermutedZeros/PermutedZeros 0 0 bPermuted 0 nonPermNearZeros/PermNearZeros 0 0
AztecOO: unknowns/iterations/time/rowpermutations/colpermutations/lrowperm/lcolperm/nonDiagDomRows 34  5  0.000728 0 0 0 0 0 NonPermutedZeros/PermutedZeros 0 0 bPermuted 0 nonPermNearZeros/PermNearZeros 0 0
AztecOO: unknowns/iterations/time/rowpermutations/colpermutations/lrowperm/lcolperm/nonDiagDomRows 34  5  0.000715 0 0 0 0 0 NonPermutedZeros/PermutedZeros 0 0 bPermuted 0 nonPermNearZeros/PermNearZeros 0 0
AztecOO: unknowns/iterations/time/rowpermutations/colpermutations/lrowperm/lcolperm/nonDiagDomRows 34  5  0.000736 0 0 0 0 0 NonPermutedZeros/PermutedZeros 0 0 bPermuted 0 nonPermNearZeros/PermNearZeros 0 0
AztecOO: unknowns/iterations/time/rowpermutations/colpermutations/lrowperm/lcolperm/nonDiagDomRows 34  5  0.000728 0 0 0 0 0 NonPermutedZeros/PermutedZeros 0 0 bPermuted 0 nonPermNearZeros/PermNearZeros 0 0
AztecOO: unknowns/iterations/time/rowpermutations/colpermutations/lrowperm/lcolperm/nonDiagDomRows 34  5  0.000700 0 0 0 0 0 NonPermutedZeros/PermutedZeros 0 0 bPermuted 0 nonPermNearZeros/PermNearZeros 0 0
AztecOO: unknowns/iterations/time/rowpermutations/colpermutations/lrowperm/lcolperm/nonDiagDomRows 34  6  0.000823 0 0 0 0 0 NonPermutedZeros/PermutedZeros 0 0 bPermuted 0 nonPermNearZeros/PermNearZeros 0 0
AztecOO: unknowns/iterations/time/rowpermutations/colpermutations/lrowperm/lcolperm/nonDiagDomRows 34  5  0.000783 0 0 0 0 0 NonPermutedZeros/PermutedZeros 0 0 bPermuted 0 nonPermNearZeros/PermNearZeros 0 0
AztecOO: unknowns/iterations/time/rowpermutations/colpermutations/lrowperm/lcolperm/nonDiagDomRows 34  6  0.000852 0 0 0 0 0 NonPermutedZeros/PermutedZeros 0 0 bPermuted 0 nonPermNearZeros/PermNearZeros 0 0
AztecOO: unknowns/iterations/time/rowpermutations/colpermutations/lrowperm/lcolperm/nonDiagDomRows 34  5  0.000747 0 0 0 0 0 NonPermutedZeros/PermutedZeros 0 0 bPermuted 0 nonPermNearZeros/PermNearZeros 0 0
AztecOO: unknowns/iterations/time/rowpermutations/colpermutations/lrowperm/lcolperm/nonDiagDomRows 34  6  0.000849 0 0 0 0 0 NonPermutedZeros/PermutedZeros 0 0 bPermuted 0 nonPermNearZeros/PermNearZeros 0 0
AztecOO: unknowns/iterations/time/rowpermutations/colpermutations/lrowperm/lcolperm/nonDiagDomRows 34  6  0.000834 0 0 0 0 0 NonPermutedZeros/PermutedZeros 0 0 bPermuted 0 nonPermNearZeros/PermNearZeros 0 0
AztecOO: unknowns/iterations/time/rowpermutations/colpermutations/lrowperm/lcolperm/nonDiagDomRows 34  5  0.000749 0 0 0 0 0 NonPermutedZeros/PermutedZeros 0 0 bPermuted 0 nonPermNearZeros/PermNearZeros 0 0
AztecOO: unknowns/iterations/time/rowpermutations/colpermutations/lrowperm/lcolperm/nonDiagDomRows 34  6  0.000847 0 0 0 0 0 NonPermutedZeros/PermutedZeros 0 0 bPermuted 0 nonPermNearZeros/PermNearZeros 0 0
AztecOO: unknowns/iterations/time/rowpermutations/colpermutations/lrowperm/lcolperm/nonDiagDomRows 34  5  0.000740 0 0 0 0 0 NonPermutedZeros/PermutedZeros 0 0 bPermuted 0 nonPermNearZeros/PermNearZeros 0 0
AztecOO: unknowns/iterations/time/rowpermutations/colpermutations/lrowperm/lcolperm/nonDiagDomRows 34  6  0.000838 0 0 0 0 0 NonPermutedZeros/PermutedZeros 0 0 bPermuted 0 nonPermNearZeros/PermNearZeros 0 0
AztecOO: unknowns/iterations/time/rowpermutations/colpermutations/lrowperm/lcolperm/nonDiagDomRows 34  5  0.000747 0 0 0 0 0 NonPermutedZeros/PermutedZeros 0 0 bPermuted 0 nonPermNearZeros/PermNearZeros 0 0
AztecOO: unknowns/iterations/time/rowpermutations/colpermutations/lrowperm/lcolperm/nonDiagDomRows 34  5  0.000768 0 0 0 0 0 NonPermutedZeros/PermutedZeros 0 0 bPermuted 0 nonPermNearZeros/PermNearZeros 0 0
AztecOO: unknowns/iterations/time/rowpermutations/colpermutations/lrowperm/lcolperm/nonDiagDomRows 34  5  0.000774 0 0 0 0 0 NonPermutedZeros/PermutedZeros 0 0 bPermuted 0 nonPermNearZeros/PermNearZeros 0 0
AztecOO: unknowns/iterations/time/rowpermutations/colpermutations/lrowperm/lcolperm/nonDiagDomRows 34  5  0.000731 0 0 0 0 0 NonPermutedZeros/PermutedZeros 0 0 bPermuted 0 nonPermNearZeros/PermNearZeros 0 0
AztecOO: unknowns/iterations/time/rowpermutations/colpermutations/lrowperm/lcolperm/nonDiagDomRows 34  5  0.000718 0 0 0 0 0 NonPermutedZeros/PermutedZeros 0 0 bPermuted 0 nonPermNearZeros/PermNearZeros 0 0
AztecOO: unknowns/iterations/time/rowpermutations/colpermutations/lrowperm/lcolperm/nonDiagDomRows 34  5  0.000727 0 0 0 0 0 NonPermutedZeros/PermutedZeros 0 0 bPermuted 0 nonPermNearZeros/PermNearZeros 0 0
AztecOO: unknowns/iterations/time/rowpermutations/colpermutations/lrowperm/lcolperm/nonDiagDomRows 34  6  0.000825 0 0 0 0 0 NonPermutedZeros/PermutedZeros 0 0 bPermuted 0 nonPermNearZeros/PermNearZeros 0 0
AztecOO: unknowns/iterations/time/rowpermutations/colpermutations/lrowperm/lcolperm/nonDiagDomRows 34  5  0.000733 0 0 0 0 0 NonPermutedZeros/PermutedZeros 0 0 bPermuted 0 nonPermNearZeros/PermNearZeros 0 0
AztecOO: unknowns/iterations/time/rowpermutations/colpermutations/lrowperm/lcolperm/nonDiagDomRows 34  6  0.000840 0 0 0 0 0 NonPermutedZeros/PermutedZeros 0 0 bPermuted 0 nonPermNearZeros/PermNearZeros 0 0
AztecOO: unknowns/iterations/time/rowpermutations/colpermutations/lrowperm/lcolperm/nonDiagDomRows 34  5  0.000734 0 0 0 0 0 NonPermutedZeros/PermutedZeros 0 0 bPermuted 0 nonPermNearZeros/PermNearZeros 0 0
AztecOO: unknowns/iterations/time/rowpermutations/colpermutations/lrowperm/lcolperm/nonDiagDomRows 34  5  0.000751 0 0 0 0 0 NonPermutedZeros/PermutedZeros 0 0 bPermuted 0 nonPermNearZeros/PermNearZeros 0 0
AztecOO: unknowns/iterations/time/rowpermutations/colpermutations/lrowperm/lcolperm/nonDiagDomRows 34  6  0.000853 0 0 0 0 0 NonPermutedZeros/PermutedZeros 0 0 bPermuted 0 nonPermNearZeros/PermNearZeros 0 0
AztecOO: unknowns/iterations/time/rowpermutations/colpermutations/lrowperm/lcolperm/nonDiagDomRows 34  5  0.000760 0 0 0 0 0 NonPermutedZeros/PermutedZeros 0 0 bPermuted 0 nonPermNearZeros/PermNearZeros 0 0
AztecOO: unknowns/iterations/time/rowpermutations/colpermutations/lrowperm/lcolperm/nonDiagDomRows 34  6  0.000893 0 0 0 0 0 NonPermutedZeros/PermutedZeros 0 0 bPermuted 0 nonPermNearZeros/PermNearZeros 0 0
AztecOO: unknowns/iterations/time/rowpermutations/colpermutations/lrowperm/lcolperm/nonDiagDomRows 34  5  0.000774 0 0 0 0 0 NonPermutedZeros/PermutedZeros 0 0 bPermuted 0 nonPermNearZeros/PermNearZeros 0 0
AztecOO: unknowns/iterations/time/rowpermutations/colpermutations/lrowperm/lcolperm/nonDiagDomRows 34  5  0.000808 0 0 0 0 0 NonPermutedZeros/PermutedZeros 0 0 bPermuted 0 nonPermNearZeros/PermNearZeros 0 0
AztecOO: unknowns/iterations/time/rowpermutations/colpermutations/lrowperm/lcolperm/nonDiagDomRows 34  5  0.000753 0 0 0 0 0 NonPermutedZeros/PermutedZeros 0 0 bPermuted 0 nonPermNearZeros/PermNearZeros 0 0
AztecOO: unknowns/iterations/time/rowpermutations/colpermutations/lrowperm/lcolperm/nonDiagDomRows 34  5  0.000733 0 0 0 0 0 NonPermutedZeros/PermutedZeros 0 0 bPermuted 0 nonPermNearZeros/PermNearZeros 0 0
AztecOO: unknowns/iterations/time/rowpermutations/colpermutations/lrowperm/lcolperm/nonDiagDomRows 34  5  0.000737 0 0 0 0 0 NonPermutedZeros/PermutedZeros 0 0 bPermuted 0 nonPermNearZeros/PermNearZeros 0 0
AztecOO: unknowns/iterations/time/rowpermutations/colpermutations/lrowperm/lcolperm/nonDiagDomRows 34  5  0.000723 0 0 0 0 0 NonPermutedZeros/PermutedZeros 0 0 bPermuted 0 nonPermNearZeros/PermNearZeros 0 0
AztecOO: unknowns/iterations/time/rowpermutations/colpermutations/lrowperm/lcolperm/nonDiagDomRows 34  5  0.000801 0 0 0 0 0 NonPermutedZeros/PermutedZeros 0 0 bPermuted 0 nonPermNearZeros/PermNearZeros 0 0
AztecOO: unknowns/iterations/time/rowpermutations/colpermutations/lrowperm/lcolperm/nonDiagDomRows 34  5  0.000728 0 0 0 0 0 NonPermutedZeros/PermutedZeros 0 0 bPermuted 0 nonPermNearZeros/PermNearZeros 0 0
AztecOO: unknowns/iterations/time/rowpermutations/colpermutations/lrowperm/lcolperm/nonDiagDomRows 34  5  0.000738 0 0 0 0 0 NonPermutedZeros/PermutedZeros 0 0 bPermuted 0 nonPermNearZeros/PermNearZeros 0 0
AztecOO: unknowns/iterations/time/rowpermutations/colpermutations/lrowperm/lcolperm/nonDiagDomRows 34  5  0.000737 0 0 0 0 0 NonPermutedZeros/PermutedZeros 0 0 bPermuted 0 nonPermNearZeros/PermNearZeros 0 0
AztecOO: unknowns/iterations/time/rowpermutations/colpermutations/lrowperm/lcolperm/nonDiagDomRows 34  6  0.000827 0 0 0 0 0 NonPermutedZeros/PermutedZeros 0 0 bPermuted 0 nonPermNearZeros/PermNearZeros 0 0
AztecOO: unknowns/iterations/time/rowpermutations/colpermutations/lrowperm/lcolperm/nonDiagDomRows 34  5  0.000719 0 0 0 0 0 NonPermutedZeros/PermutedZeros 0 0 bPermuted 0 nonPermNearZeros/PermNearZeros 0 0
AztecOO: unknowns/iterations/time/rowpermutations/colpermutations/lrowperm/lcolperm/nonDiagDomRows 34  4  0.000648 0 0 0 0 0 NonPermutedZeros/PermutedZeros 0 0 bPermuted 0 nonPermNearZeros/PermNearZeros 0 0
AztecOO: unknowns/iterations/time/rowpermutations/colpermutations/lrowperm/lcolperm/nonDiagDomRows 34  5  0.000734 0 0 0 0 0 NonPermutedZeros/PermutedZeros 0 0 bPermuted 0 nonPermNearZeros/PermNearZeros 0 0
AztecOO: unknowns/iterations/time/rowpermutations/colpermutations/lrowperm/lcolperm/nonDiagDomRows 34  5  0.000780 0 0 0 0 0 NonPermutedZeros/PermutedZeros 0 0 bPermuted 0 nonPermNearZeros/PermNearZeros 0 0
AztecOO: unknowns/iterations/time/rowpermutations/colpermutations/lrowperm/lcolperm/nonDiagDomRows 34  5  0.000799 0 0 0 0 0 NonPermutedZeros/PermutedZeros 0 0 bPermuted 0 nonPermNearZeros/PermNearZeros 0 0
AztecOO: unknowns/iterations/time/rowpermutations/colpermutations/lrowperm/lcolperm/nonDiagDomRows 34  5  0.000778 0 0 0 0 0 NonPermutedZeros/PermutedZeros 0 0 bPermuted 0 nonPermNearZeros/PermNearZeros 0 0
AztecOO: unknowns/iterations/time/rowpermutations/colpermutations/lrowperm/lcolperm/nonDiagDomRows 34  5  0.000754 0 0 0 0 0 NonPermutedZeros/PermutedZeros 0 0 bPermuted 0 nonPermNearZeros/PermNearZeros 0 0
AztecOO: unknowns/iterations/time/rowpermutations/colpermutations/lrowperm/lcolperm/nonDiagDomRows 34  5  0.000743 0 0 0 0 0 NonPermutedZeros/PermutedZeros 0 0 bPermuted 0 nonPermNearZeros/PermNearZeros 0 0
AztecOO: unknowns/iterations/time/rowpermutations/colpermutations/lrowperm/lcolperm/nonDiagDomRows 34  5  0.000725 0 0 0 0 0 NonPermutedZeros/PermutedZeros 0 0 bPermuted 0 nonPermNearZeros/PermNearZeros 0 0
AztecOO: unknowns/iterations/time/rowpermutations/colpermutations/lrowperm/lcolperm/nonDiagDomRows 34  5  0.000714 0 0 0 0 0 NonPermutedZeros/PermutedZeros 0 0 bPermuted 0 nonPermNearZeros/PermNearZeros 0 0
AztecOO: unknowns/iterations/time/rowpermutations/colpermutations/lrowperm/lcolperm/nonDiagDomRows 34  5  0.000720 0 0 0 0 0 NonPermutedZeros/PermutedZeros 0 0 bPermuted 0 nonPermNearZeros/PermNearZeros 0 0
AztecOO: unknowns/iterations/time/rowpermutations/colpermutations/lrowperm/lcolperm/nonDiagDomRows 34  5  0.000726 0 0 0 0 0 NonPermutedZeros/PermutedZeros 0 0 bPermuted 0 nonPermNearZeros/PermNearZeros 0 0
AztecOO: unknowns/iterations/time/rowpermutations/colpermutations/lrowperm/lcolperm/nonDiagDomRows 34  5  0.000747 0 0 0 0 0 NonPermutedZeros/PermutedZeros 0 0 bPermuted 0 nonPermNearZeros/PermNearZeros 0 0
AztecOO: unknowns/iterations/time/rowpermutations/colpermutations/lrowperm/lcolperm/nonDiagDomRows 34  5  0.000723 0 0 0 0 0 NonPermutedZeros/PermutedZeros 0 0 bPermuted 0 nonPermNearZeros/PermNearZeros 0 0
AztecOO: unknowns/iterations/time/rowpermutations/colpermutations/lrowperm/lcolperm/nonDiagDomRows 34  5  0.000733 0 0 0 0 0 NonPermutedZeros/PermutedZeros 0 0 bPermuted 0 nonPermNearZeros/PermNearZeros 0 0
AztecOO: unknowns/iterations/time/rowpermutations/colpermutations/lrowperm/lcolperm/nonDiagDomRows 34  5  0.000731 0 0 0 0 0 NonPermutedZeros/PermutedZeros 0 0 bPermuted 0 nonPermNearZeros/PermNearZeros 0 0
AztecOO: unknowns/iterations/time/rowpermutations/colpermutations/lrowperm/lcolperm/nonDiagDomRows 34  5  0.000761 0 0 0 0 0 NonPermutedZeros/PermutedZeros 0 0 bPermuted 0 nonPermNearZeros/PermNearZeros 0 0
AztecOO: unknowns/iterations/time/rowpermutations/colpermutations/lrowperm/lcolperm/nonDiagDomRows 34  5  0.000708 0 0 0 0 0 NonPermutedZeros/PermutedZeros 0 0 bPermuted 0 nonPermNearZeros/PermNearZeros 0 0
AztecOO: unknowns/iterations/time/rowpermutations/colpermutations/lrowperm/lcolperm/nonDiagDomRows 34  5  0.000765 0 0 0 0 0 NonPermutedZeros/PermutedZeros 0 0 bPermuted 0 nonPermNearZeros/PermNearZeros 0 0
AztecOO: unknowns/iterations/time/rowpermutations/colpermutations/lrowperm/lcolperm/nonDiagDomRows 34  5  0.000783 0 0 0 0 0 NonPermutedZeros/PermutedZeros 0 0 bPermuted 0 nonPermNearZeros/PermNearZeros 0 0
AztecOO: unknowns/iterations/time/rowpermutations/colpermutations/lrowperm/lcolperm/nonDiagDomRows 34  5  0.000819 0 0 0 0 0 NonPermutedZeros/PermutedZeros 0 0 bPermuted 0 nonPermNearZeros/PermNearZeros 0 0
AztecOO: unknowns/iterations/time/rowpermutations/colpermutations/lrowperm/lcolperm/nonDiagDomRows 34  5  0.000818 0 0 0 0 0 NonPermutedZeros/PermutedZeros 0 0 bPermuted 0 nonPermNearZeros/PermNearZeros 0 0
AztecOO: unknowns/iterations/time/rowpermutations/colpermutations/lrowperm/lcolperm/nonDiagDomRows 34  5  0.000794 0 0 0 0 0 NonPermutedZeros/PermutedZeros 0 0 bPermuted 0 nonPermNearZeros/PermNearZeros 0 0
AztecOO: unknowns/iterations/time/rowpermutations/colpermutations/lrowperm/lcolperm/nonDiagDomRows 34  5  0.000751 0 0 0 0 0 NonPermutedZeros/PermutedZeros 0 0 bPermuted 0 nonPermNearZeros/PermNearZeros 0 0
AztecOO: unknowns/iterations/time/rowpermutations/colpermutations/lrowperm/lcolperm/nonDiagDomRows 34  5  0.000791 0 0 0 0 0 NonPermutedZeros/PermutedZeros 0 0 bPermuted 0 nonPermNearZeros/PermNearZeros 0 0
AztecOO: unknowns/iterations/time/rowpermutations/colpermutations/lrowperm/lcolperm/nonDiagDomRows 34  5  0.000744 0 0 0 0 0 NonPermutedZeros/PermutedZeros 0 0 bPermuted 0 nonPermNearZeros/PermNearZeros 0 0
AztecOO: unknowns/iterations/time/rowpermutations/colpermutations/lrowperm/lcolperm/nonDiagDomRows 34  5  0.000836 0 0 0 0 0 NonPermutedZeros/PermutedZeros 0 0 bPermuted 0 nonPermNearZeros/PermNearZeros 0 0
AztecOO: unknowns/iterations/time/rowpermutations/colpermutations/lrowperm/lcolperm/nonDiagDomRows 34  5  0.000760 0 0 0 0 0 NonPermutedZeros/PermutedZeros 0 0 bPermuted 0 nonPermNearZeros/PermNearZeros 0 0
AztecOO: unknowns/iterations/time/rowpermutations/colpermutations/lrowperm/lcolperm/nonDiagDomRows 34  5  0.000753 0 0 0 0 0 NonPermutedZeros/PermutedZeros 0 0 bPermuted 0 nonPermNearZeros/PermNearZeros 0 0
AztecOO: unknowns/iterations/time/rowpermutations/colpermutations/lrowperm/lcolperm/nonDiagDomRows 34  5  0.000768 0 0 0 0 0 NonPermutedZeros/PermutedZeros 0 0 bPermuted 0 nonPermNearZeros/PermNearZeros 0 0
AztecOO: unknowns/iterations/time/rowpermutations/colpermutations/lrowperm/lcolperm/nonDiagDomRows 34  5  0.000747 0 0 0 0 0 NonPermutedZeros/PermutedZeros 0 0 bPermuted 0 nonPermNearZeros/PermNearZeros 0 0
AztecOO: unknowns/iterations/time/rowpermutations/colpermutations/lrowperm/lcolperm/nonDiagDomRows 34  5  0.000754 0 0 0 0 0 NonPermutedZeros/PermutedZeros 0 0 bPermuted 0 nonPermNearZeros/PermNearZeros 0 0
AztecOO: unknowns/iterations/time/rowpermutations/colpermutations/lrowperm/lcolperm/nonDiagDomRows 34  5  0.000725 0 0 0 0 0 NonPermutedZeros/PermutedZeros 0 0 bPermuted 0 nonPermNearZeros/PermNearZeros 0 0
AztecOO: unknowns/iterations/time/rowpermutations/colpermutations/lrowperm/lcolperm/nonDiagDomRows 34  5  0.000754 0 0 0 0 0 NonPermutedZeros/PermutedZeros 0 0 bPermuted 0 nonPermNearZeros/PermNearZeros 0 0
AztecOO: unknowns/iterations/time/rowpermutations/colpermutations/lrowperm/lcolperm/nonDiagDomRows 34  5  0.000769 0 0 0 0 0 NonPermutedZeros/PermutedZeros 0 0 bPermuted 0 nonPermNearZeros/PermNearZeros 0 0
AztecOO: unknowns/iterations/time/rowpermutations/colpermutations/lrowperm/lcolperm/nonDiagDomRows 34  5  0.000758 0 0 0 0 0 NonPermutedZeros/PermutedZeros 0 0 bPermuted 0 nonPermNearZeros/PermNearZeros 0 0
AztecOO: unknowns/iterations/time/rowpermutations/colpermutations/lrowperm/lcolperm/nonDiagDomRows 34  5  0.000762 0 0 0 0 0 NonPermutedZeros/PermutedZeros 0 0 bPermuted 0 nonPermNearZeros/PermNearZeros 0 0
AztecOO: unknowns/iterations/time/rowpermutations/colpermutations/lrowperm/lcolperm/nonDiagDomRows 34  5  0.000768 0 0 0 0 0 NonPermutedZeros/PermutedZeros 0 0 bPermuted 0 nonPermNearZeros/PermNearZeros 0 0
AztecOO: unknowns/iterations/time/rowpermutations/colpermutations/lrowperm/lcolperm/nonDiagDomRows 34  5  0.000726 0 0 0 0 0 NonPermutedZeros/PermutedZeros 0 0 bPermuted 0 nonPermNearZeros/PermNearZeros 0 0
AztecOO: unknowns/iterations/time/rowpermutations/colpermutations/lrowperm/lcolperm/nonDiagDomRows 34  5  0.000717 0 0 0 0 0 NonPermutedZeros/PermutedZeros 0 0 bPermuted 0 nonPermNearZeros/PermNearZeros 0 0
AztecOO: unknowns/iterations/time/rowpermutations/colpermutations/lrowperm/lcolperm/nonDiagDomRows 34  5  0.000736 0 0 0 0 0 NonPermutedZeros/PermutedZeros 0 0 bPermuted 0 nonPermNearZeros/PermNearZeros 0 0
AztecOO: unknowns/iterations/time/rowpermutations/colpermutations/lrowperm/lcolperm/nonDiagDomRows 34  5  0.000730 0 0 0 0 0 NonPermutedZeros/PermutedZeros 0 0 bPermuted 0 nonPermNearZeros/PermNearZeros 0 0
AztecOO: unknowns/iterations/time/rowpermutations/colpermutations/lrowperm/lcolperm/nonDiagDomRows 34  5  0.000723 0 0 0 0 0 NonPermutedZeros/PermutedZeros 0 0 bPermuted 0 nonPermNearZeros/PermNearZeros 0 0
AztecOO: unknowns/iterations/time/rowpermutations/colpermutations/lrowperm/lcolperm/nonDiagDomRows 34  5  0.000720 0 0 0 0 0 NonPermutedZeros/PermutedZeros 0 0 bPermuted 0 nonPermNearZeros/PermNearZeros 0 0
AztecOO: unknowns/iterations/time/rowpermutations/colpermutations/lrowperm/lcolperm/nonDiagDomRows 34  5  0.000731 0 0 0 0 0 NonPermutedZeros/PermutedZeros 0 0 bPermuted 0 nonPermNearZeros/PermNearZeros 0 0
AztecOO: unknowns/iterations/time/rowpermutations/colpermutations/lrowperm/lcolperm/nonDiagDomRows 34  5  0.000720 0 0 0 0 0 NonPermutedZeros/PermutedZeros 0 0 bPermuted 0 nonPermNearZeros/PermNearZeros 0 0
AztecOO: unknowns/iterations/time/rowpermutations/colpermutations/lrowperm/lcolperm/nonDiagDomRows 34  5  0.000736 0 0 0 0 0 NonPermutedZeros/PermutedZeros 0 0 bPermuted 0 nonPermNearZeros/PermNearZeros 0 0
AztecOO: unknowns/iterations/time/rowpermutations/colpermutations/lrowperm/lcolperm/nonDiagDomRows 34  5  0.000746 0 0 0 0 0 NonPermutedZeros/PermutedZeros 0 0 bPermuted 0 nonPermNearZeros/PermNearZeros 0 0
AztecOO: unknowns/iterations/time/rowpermutations/colpermutations/lrowperm/lcolperm/nonDiagDomRows 34  5  0.000734 0 0 0 0 0 NonPermutedZeros/PermutedZeros 0 0 bPermuted 0 nonPermNearZeros/PermNearZeros 0 0
AztecOO: unknowns/iterations/time/rowpermutations/colpermutations/lrowperm/lcolperm/nonDiagDomRows 34  5  0.000722 0 0 0 0 0 NonPermutedZeros/PermutedZeros 0 0 bPermuted 0 nonPermNearZeros/PermNearZeros 0 0
AztecOO: unknowns/iterations/time/rowpermutations/colpermutations/lrowperm/lcolperm/nonDiagDomRows 34  5  0.000803 0 0 0 0 0 NonPermutedZeros/PermutedZeros 0 0 bPermuted 0 nonPermNearZeros/PermNearZeros 0 0
AztecOO: unknowns/iterations/time/rowpermutations/colpermutations/lrowperm/lcolperm/nonDiagDomRows 34  5  0.000738 0 0 0 0 0 NonPermutedZeros/PermutedZeros 0 0 bPermuted 0 nonPermNearZeros/PermNearZeros 0 0
AztecOO: unknowns/iterations/time/rowpermutations/colpermutations/lrowperm/lcolperm/nonDiagDomRows 34  5  0.000746 0 0 0 0 0 NonPermutedZeros/PermutedZeros 0 0 bPermuted 0 nonPermNearZeros/PermNearZeros 0 0
AztecOO: unknowns/iterations/time/rowpermutations/colpermutations/lrowperm/lcolperm/nonDiagDomRows 34  5  0.000750 0 0 0 0 0 NonPermutedZeros/PermutedZeros 0 0 bPermuted 0 nonPermNearZeros/PermNearZeros 0 0
AztecOO: unknowns/iterations/time/rowpermutations/colpermutations/lrowperm/lcolperm/nonDiagDomRows 34  5  0.001124 0 0 0 0 0 NonPermutedZeros/PermutedZeros 0 0 bPermuted 0 nonPermNearZeros/PermNearZeros 0 0
AztecOO: unknowns/iterations/time/rowpermutations/colpermutations/lrowperm/lcolperm/nonDiagDomRows 34  5  0.000745 0 0 0 0 0 NonPermutedZeros/PermutedZeros 0 0 bPermuted 0 nonPermNearZeros/PermNearZeros 0 0
AztecOO: unknowns/iterations/time/rowpermutations/colpermutations/lrowperm/lcolperm/nonDiagDomRows 34  5  0.000767 0 0 0 0 0 NonPermutedZeros/PermutedZeros 0 0 bPermuted 0 nonPermNearZeros/PermNearZeros 0 0
AztecOO: unknowns/iterations/time/rowpermutations/colpermutations/lrowperm/lcolperm/nonDiagDomRows 34  5  0.000743 0 0 0 0 0 NonPermutedZeros/PermutedZeros 0 0 bPermuted 0 nonPermNearZeros/PermNearZeros 0 0
AztecOO: unknowns/iterations/time/rowpermutations/colpermutations/lrowperm/lcolperm/nonDiagDomRows 34  5  0.000745 0 0 0 0 0 NonPermutedZeros/PermutedZeros 0 0 bPermuted 0 nonPermNearZeros/PermNearZeros 0 0
AztecOO: unknowns/iterations/time/rowpermutations/colpermutations/lrowperm/lcolperm/nonDiagDomRows 34  5  0.001103 0 0 0 0 0 NonPermutedZeros/PermutedZeros 0 0 bPermuted 0 nonPermNearZeros/PermNearZeros 0 0
AztecOO: unknowns/iterations/time/rowpermutations/colpermutations/lrowperm/lcolperm/nonDiagDomRows 34  5  0.000742 0 0 0 0 0 NonPermutedZeros/PermutedZeros 0 0 bPermuted 0 nonPermNearZeros/PermNearZeros 0 0
AztecOO: unknowns/iterations/time/rowpermutations/colpermutations/lrowperm/lcolperm/nonDiagDomRows 34  5  0.000751 0 0 0 0 0 NonPermutedZeros/PermutedZeros 0 0 bPermuted 0 nonPermNearZeros/PermNearZeros 0 0
AztecOO: unknowns/iterations/time/rowpermutations/colpermutations/lrowperm/lcolperm/nonDiagDomRows 34  5  0.000720 0 0 0 0 0 NonPermutedZeros/PermutedZeros 0 0 bPermuted 0 nonPermNearZeros/PermNearZeros 0 0
AztecOO: unknowns/iterations/time/rowpermutations/colpermutations/lrowperm/lcolperm/nonDiagDomRows 34  5  0.000746 0 0 0 0 0 NonPermutedZeros/PermutedZeros 0 0 bPermuted 0 nonPermNearZeros/PermNearZeros 0 0
AztecOO: unknowns/iterations/time/rowpermutations/colpermutations/lrowperm/lcolperm/nonDiagDomRows 34  5  0.000738 0 0 0 0 0 NonPermutedZeros/PermutedZeros 0 0 bPermuted 0 nonPermNearZeros/PermNearZeros 0 0
AztecOO: unknowns/iterations/time/rowpermutations/colpermutations/lrowperm/lcolperm/nonDiagDomRows 34  5  0.000773 0 0 0 0 0 NonPermutedZeros/PermutedZeros 0 0 bPermuted 0 nonPermNearZeros/PermNearZeros 0 0
AztecOO: unknowns/iterations/time/rowpermutations/colpermutations/lrowperm/lcolperm/nonDiagDomRows 34  5  0.000779 0 0 0 0 0 NonPermutedZeros/PermutedZeros 0 0 bPermuted 0 nonPermNearZeros/PermNearZeros 0 0
AztecOO: unknowns/iterations/time/rowpermutations/colpermutations/lrowperm/lcolperm/nonDiagDomRows 34  5  0.000794 0 0 0 0 0 NonPermutedZeros/PermutedZeros 0 0 bPermuted 0 nonPermNearZeros/PermNearZeros 0 0
AztecOO: unknowns/iterations/time/rowpermutations/colpermutations/lrowperm/lcolperm/nonDiagDomRows 34  5  0.000777 0 0 0 0 0 NonPermutedZeros/PermutedZeros 0 0 bPermuted 0 nonPermNearZeros/PermNearZeros 0 0
AztecOO: unknowns/iterations/time/rowpermutations/colpermutations/lrowperm/lcolperm/nonDiagDomRows 34  5  0.000779 0 0 0 0 0 NonPermutedZeros/PermutedZeros 0 0 bPermuted 0 nonPermNearZeros/PermNearZeros 0 0
AztecOO: unknowns/iterations/time/rowpermutations/colpermutations/lrowperm/lcolperm/nonDiagDomRows 34  5  0.000741 0 0 0 0 0 NonPermutedZeros/PermutedZeros 0 0 bPermuted 0 nonPermNearZeros/PermNearZeros 0 0
AztecOO: unknowns/iterations/time/rowpermutations/colpermutations/lrowperm/lcolperm/nonDiagDomRows 34  5  0.000749 0 0 0 0 0 NonPermutedZeros/PermutedZeros 0 0 bPermuted 0 nonPermNearZeros/PermNearZeros 0 0
AztecOO: unknowns/iterations/time/rowpermutations/colpermutations/lrowperm/lcolperm/nonDiagDomRows 34  5  0.000757 0 0 0 0 0 NonPermutedZeros/PermutedZeros 0 0 bPermuted 0 nonPermNearZeros/PermNearZeros 0 0
AztecOO: unknowns/iterations/time/rowpermutations/colpermutations/lrowperm/lcolperm/nonDiagDomRows 34  5  0.000750 0 0 0 0 0 NonPermutedZeros/PermutedZeros 0 0 bPermuted 0 nonPermNearZeros/PermNearZeros 0 0
AztecOO: unknowns/iterations/time/rowpermutations/colpermutations/lrowperm/lcolperm/nonDiagDomRows 34  5  0.000787 0 0 0 0 0 NonPermutedZeros/PermutedZeros 0 0 bPermuted 0 nonPermNearZeros/PermNearZeros 0 0
AztecOO: unknowns/iterations/time/rowpermutations/colpermutations/lrowperm/lcolperm/nonDiagDomRows 34  5  0.000751 0 0 0 0 0 NonPermutedZeros/PermutedZeros 0 0 bPermuted 0 nonPermNearZeros/PermNearZeros 0 0
AztecOO: unknowns/iterations/time/rowpermutations/colpermutations/lrowperm/lcolperm/nonDiagDomRows 34  5  0.000725 0 0 0 0 0 NonPermutedZeros/PermutedZeros 0 0 bPermuted 0 nonPermNearZeros/PermNearZeros 0 0
AztecOO: unknowns/iterations/time/rowpermutations/colpermutations/lrowperm/lcolperm/nonDiagDomRows 34  5  0.000741 0 0 0 0 0 NonPermutedZeros/PermutedZeros 0 0 bPermuted 0 nonPermNearZeros/PermNearZeros 0 0
AztecOO: unknowns/iterations/time/rowpermutations/colpermutations/lrowperm/lcolperm/nonDiagDomRows 34  5  0.000754 0 0 0 0 0 NonPermutedZeros/PermutedZeros 0 0 bPermuted 0 nonPermNearZeros/PermNearZeros 0 0
AztecOO: unknowns/iterations/time/rowpermutations/colpermutations/lrowperm/lcolperm/nonDiagDomRows 34  5  0.000736 0 0 0 0 0 NonPermutedZeros/PermutedZeros 0 0 bPermuted 0 nonPermNearZeros/PermNearZeros 0 0
AztecOO: unknowns/iterations/time/rowpermutations/colpermutations/lrowperm/lcolperm/nonDiagDomRows 34  5  0.000742 0 0 0 0 0 NonPermutedZeros/PermutedZeros 0 0 bPermuted 0 nonPermNearZeros/PermNearZeros 0 0
AztecOO: unknowns/iterations/time/rowpermutations/colpermutations/lrowperm/lcolperm/nonDiagDomRows 34  5  0.000741 0 0 0 0 0 NonPermutedZeros/PermutedZeros 0 0 bPermuted 0 nonPermNearZeros/PermNearZeros 0 0
AztecOO: unknowns/iterations/time/rowpermutations/colpermutations/lrowperm/lcolperm/nonDiagDomRows 34  5  0.000755 0 0 0 0 0 NonPermutedZeros/PermutedZeros 0 0 bPermuted 0 nonPermNearZeros/PermNearZeros 0 0
AztecOO: unknowns/iterations/time/rowpermutations/colpermutations/lrowperm/lcolperm/nonDiagDomRows 34  5  0.000779 0 0 0 0 0 NonPermutedZeros/PermutedZeros 0 0 bPermuted 0 nonPermNearZeros/PermNearZeros 0 0
AztecOO: unknowns/iterations/time/rowpermutations/colpermutations/lrowperm/lcolperm/nonDiagDomRows 34  5  0.000726 0 0 0 0 0 NonPermutedZeros/PermutedZeros 0 0 bPermuted 0 nonPermNearZeros/PermNearZeros 0 0
AztecOO: unknowns/iterations/time/rowpermutations/colpermutations/lrowperm/lcolperm/nonDiagDomRows 34  5  0.000743 0 0 0 0 0 NonPermutedZeros/PermutedZeros 0 0 bPermuted 0 nonPermNearZeros/PermNearZeros 0 0
AztecOO: unknowns/iterations/time/rowpermutations/colpermutations/lrowperm/lcolperm/nonDiagDomRows 34  5  0.000734 0 0 0 0 0 NonPermutedZeros/PermutedZeros 0 0 bPermuted 0 nonPermNearZeros/PermNearZeros 0 0
AztecOO: unknowns/iterations/time/rowpermutations/colpermutations/lrowperm/lcolperm/nonDiagDomRows 34  5  0.000711 0 0 0 0 0 NonPermutedZeros/PermutedZeros 0 0 bPermuted 0 nonPermNearZeros/PermNearZeros 0 0
AztecOO: unknowns/iterations/time/rowpermutations/colpermutations/lrowperm/lcolperm/nonDiagDomRows 34  5  0.000726 0 0 0 0 0 NonPermutedZeros/PermutedZeros 0 0 bPermuted 0 nonPermNearZeros/PermNearZeros 0 0
AztecOO: unknowns/iterations/time/rowpermutations/colpermutations/lrowperm/lcolperm/nonDiagDomRows 34  5  0.000742 0 0 0 0 0 NonPermutedZeros/PermutedZeros 0 0 bPermuted 0 nonPermNearZeros/PermNearZeros 0 0
