AztecOO: unknowns/iterations/time/rowpermutations/colpermutations/lrowperm/lcolperm/nonDiagDomRows 18  5  0.001205 0 0 0 0 0 NonPermutedZeros/PermutedZeros 0 0 bPermuted 0 nonPermNearZeros/PermNearZeros 0 0
AztecOO: unknowns/iterations/time/rowpermutations/colpermutations/lrowperm/lcolperm/nonDiagDomRows 18  5  0.000712 0 0 0 0 0 NonPermutedZeros/PermutedZeros 0 0 bPermuted 0 nonPermNearZeros/PermNearZeros 0 0
AztecOO: unknowns/iterations/time/rowpermutations/colpermutations/lrowperm/lcolperm/nonDiagDomRows 18  5  0.000716 0 0 0 0 0 NonPermutedZeros/PermutedZeros 0 0 bPermuted 0 nonPermNearZeros/PermNearZeros 0 0
AztecOO: unknowns/iterations/time/rowpermutations/colpermutations/lrowperm/lcolperm/nonDiagDomRows 18  5  0.000707 0 0 0 0 0 NonPermutedZeros/PermutedZeros 0 0 bPermuted 0 nonPermNearZeros/PermNearZeros 0 0
AztecOO: unknowns/iterations/time/rowpermutations/colpermutations/lrowperm/lcolperm/nonDiagDomRows 18  5  0.000708 0 0 0 0 0 NonPermutedZeros/PermutedZeros 0 0 bPermuted 0 nonPermNearZeros/PermNearZeros 0 0
AztecOO: unknowns/iterations/time/rowpermutations/colpermutations/lrowperm/lcolperm/nonDiagDomRows 18  5  0.000722 0 0 0 0 0 NonPermutedZeros/PermutedZeros 0 0 bPermuted 0 nonPermNearZeros/PermNearZeros 0 0
AztecOO: unknowns/iterations/time/rowpermutations/colpermutations/lrowperm/lcolperm/nonDiagDomRows 18  5  0.000703 0 0 0 0 0 NonPermutedZeros/PermutedZeros 0 0 bPermuted 0 nonPermNearZeros/PermNearZeros 0 0
AztecOO: unknowns/iterations/time/rowpermutations/colpermutations/lrowperm/lcolperm/nonDiagDomRows 18  5  0.000705 0 0 0 0 0 NonPermutedZeros/PermutedZeros 0 0 bPermuted 0 nonPermNearZeros/PermNearZeros 0 0
AztecOO: unknowns/iterations/time/rowpermutations/colpermutations/lrowperm/lcolperm/nonDiagDomRows 18  5  0.000694 0 0 0 0 0 NonPermutedZeros/PermutedZeros 0 0 bPermuted 0 nonPermNearZeros/PermNearZeros 0 0
AztecOO: unknowns/iterations/time/rowpermutations/colpermutations/lrowperm/lcolperm/nonDiagDomRows 18  5  0.000701 0 0 0 0 0 NonPermutedZeros/PermutedZeros 0 0 bPermuted 0 nonPermNearZeros/PermNearZeros 0 0
AztecOO: unknowns/iterations/time/rowpermutations/colpermutations/lrowperm/lcolperm/nonDiagDomRows 18  5  0.000701 0 0 0 0 0 NonPermutedZeros/PermutedZeros 0 0 bPermuted 0 nonPermNearZeros/PermNearZeros 0 0
AztecOO: unknowns/iterations/time/rowpermutations/colpermutations/lrowperm/lcolperm/nonDiagDomRows 18  5  0.000707 0 0 0 0 0 NonPermutedZeros/PermutedZeros 0 0 bPermuted 0 nonPermNearZeros/PermNearZeros 0 0
AztecOO: unknowns/iterations/time/rowpermutations/colpermutations/lrowperm/lcolperm/nonDiagDomRows 18  5  0.000710 0 0 0 0 0 NonPermutedZeros/PermutedZeros 0 0 bPermuted 0 nonPermNearZeros/PermNearZeros 0 0
AztecOO: unknowns/iterations/time/rowpermutations/colpermutations/lrowperm/lcolperm/nonDiagDomRows 18  5  0.000702 0 0 0 0 0 NonPermutedZeros/PermutedZeros 0 0 bPermuted 0 nonPermNearZeros/PermNearZeros 0 0
AztecOO: unknowns/iterations/time/rowpermutations/colpermutations/lrowperm/lcolperm/nonDiagDomRows 18  5  0.000712 0 0 0 0 0 NonPermutedZeros/PermutedZeros 0 0 bPermuted 0 nonPermNearZeros/PermNearZeros 0 0
AztecOO: unknowns/iterations/time/rowpermutations/colpermutations/lrowperm/lcolperm/nonDiagDomRows 18  5  0.000702 0 0 0 0 0 NonPermutedZeros/PermutedZeros 0 0 bPermuted 0 nonPermNearZeros/PermNearZeros 0 0
AztecOO: unknowns/iterations/time/rowpermutations/colpermutations/lrowperm/lcolperm/nonDiagDomRows 18  5  0.000703 0 0 0 0 0 NonPermutedZeros/PermutedZeros 0 0 bPermuted 0 nonPermNearZeros/PermNearZeros 0 0
AztecOO: unknowns/iterations/time/rowpermutations/colpermutations/lrowperm/lcolperm/nonDiagDomRows 18  5  0.000762 0 0 0 0 0 NonPermutedZeros/PermutedZeros 0 0 bPermuted 0 nonPermNearZeros/PermNearZeros 0 0
AztecOO: unknowns/iterations/time/rowpermutations/colpermutations/lrowperm/lcolperm/nonDiagDomRows 18  5  0.000727 0 0 0 0 0 NonPermutedZeros/PermutedZeros 0 0 bPermuted 0 nonPermNearZeros/PermNearZeros 0 0
AztecOO: unknowns/iterations/time/rowpermutations/colpermutations/lrowperm/lcolperm/nonDiagDomRows 18  5  0.000729 0 0 0 0 0 NonPermutedZeros/PermutedZeros 0 0 bPermuted 0 nonPermNearZeros/PermNearZeros 0 0
AztecOO: unknowns/iterations/time/rowpermutations/colpermutations/lrowperm/lcolperm/nonDiagDomRows 18  5  0.000753 0 0 0 0 0 NonPermutedZeros/PermutedZeros 0 0 bPermuted 0 nonPermNearZeros/PermNearZeros 0 0
AztecOO: unknowns/iterations/time/rowpermutations/colpermutations/lrowperm/lcolperm/nonDiagDomRows 18  5  0.000728 0 0 0 0 0 NonPermutedZeros/PermutedZeros 0 0 bPermuted 0 nonPermNearZeros/PermNearZeros 0 0
AztecOO: unknowns/iterations/time/rowpermutations/colpermutations/lrowperm/lcolperm/nonDiagDomRows 18  5  0.000873 0 0 0 0 0 NonPermutedZeros/PermutedZeros 0 0 bPermuted 0 nonPermNearZeros/PermNearZeros 0 0
AztecOO: unknowns/iterations/time/rowpermutations/colpermutations/lrowperm/lcolperm/nonDiagDomRows 18  5  0.000724 0 0 0 0 0 NonPermutedZeros/PermutedZeros 0 0 bPermuted 0 nonPermNearZeros/PermNearZeros 0 0
AztecOO: unknowns/iterations/time/rowpermutations/colpermutations/lrowperm/lcolperm/nonDiagDomRows 18  5  0.000694 0 0 0 0 0 NonPermutedZeros/PermutedZeros 0 0 bPermuted 0 nonPermNearZeros/PermNearZeros 0 0
AztecOO: unknowns/iterations/time/rowpermutations/colpermutations/lrowperm/lcolperm/nonDiagDomRows 18  5  0.000697 0 0 0 0 0 NonPermutedZeros/PermutedZeros 0 0 bPermuted 0 nonPermNearZeros/PermNearZeros 0 0
AztecOO: unknowns/iterations/time/rowpermutations/colpermutations/lrowperm/lcolperm/nonDiagDomRows 18  5  0.000707 0 0 0 0 0 NonPermutedZeros/PermutedZeros 0 0 bPermuted 0 nonPermNearZeros/PermNearZeros 0 0
AztecOO: unknowns/iterations/time/rowpermutations/colpermutations/lrowperm/lcolperm/nonDiagDomRows 18  5  0.000733 0 0 0 0 0 NonPermutedZeros/PermutedZeros 0 0 bPermuted 0 nonPermNearZeros/PermNearZeros 0 0
AztecOO: unknowns/iterations/time/rowpermutations/colpermutations/lrowperm/lcolperm/nonDiagDomRows 18  5  0.000706 0 0 0 0 0 NonPermutedZeros/PermutedZeros 0 0 bPermuted 0 nonPermNearZeros/PermNearZeros 0 0
AztecOO: unknowns/iterations/time/rowpermutations/colpermutations/lrowperm/lcolperm/nonDiagDomRows 18  5  0.000704 0 0 0 0 0 NonPermutedZeros/PermutedZeros 0 0 bPermuted 0 nonPermNearZeros/PermNearZeros 0 0
AztecOO: unknowns/iterations/time/rowpermutations/colpermutations/lrowperm/lcolperm/nonDiagDomRows 18  5  0.000702 0 0 0 0 0 NonPermutedZeros/PermutedZeros 0 0 bPermuted 0 nonPermNearZeros/PermNearZeros 0 0
AztecOO: unknowns/iterations/time/rowpermutations/colpermutations/lrowperm/lcolperm/nonDiagDomRows 18  5  0.000709 0 0 0 0 0 NonPermutedZeros/PermutedZeros 0 0 bPermuted 0 nonPermNearZeros/PermNearZeros 0 0
AztecOO: unknowns/iterations/time/rowpermutations/colpermutations/lrowperm/lcolperm/nonDiagDomRows 18  5  0.000704 0 0 0 0 0 NonPermutedZeros/PermutedZeros 0 0 bPermuted 0 nonPermNearZeros/PermNearZeros 0 0
AztecOO: unknowns/iterations/time/rowpermutations/colpermutations/lrowperm/lcolperm/nonDiagDomRows 18  5  0.000716 0 0 0 0 0 NonPermutedZeros/PermutedZeros 0 0 bPermuted 0 nonPermNearZeros/PermNearZeros 0 0
AztecOO: unknowns/iterations/time/rowpermutations/colpermutations/lrowperm/lcolperm/nonDiagDomRows 18  5  0.000707 0 0 0 0 0 NonPermutedZeros/PermutedZeros 0 0 bPermuted 0 nonPermNearZeros/PermNearZeros 0 0
AztecOO: unknowns/iterations/time/rowpermutations/colpermutations/lrowperm/lcolperm/nonDiagDomRows 18  5  0.000722 0 0 0 0 0 NonPermutedZeros/PermutedZeros 0 0 bPermuted 0 nonPermNearZeros/PermNearZeros 0 0
AztecOO: unknowns/iterations/time/rowpermutations/colpermutations/lrowperm/lcolperm/nonDiagDomRows 18  5  0.000728 0 0 0 0 0 NonPermutedZeros/PermutedZeros 0 0 bPermuted 0 nonPermNearZeros/PermNearZeros 0 0
AztecOO: unknowns/iterations/time/rowpermutations/colpermutations/lrowperm/lcolperm/nonDiagDomRows 18  4  0.000641 0 0 0 0 0 NonPermutedZeros/PermutedZeros 0 0 bPermuted 0 nonPermNearZeros/PermNearZeros 0 0
AztecOO: unknowns/iterations/time/rowpermutations/colpermutations/lrowperm/lcolperm/nonDiagDomRows 18  5  0.000712 0 0 0 0 0 NonPermutedZeros/PermutedZeros 0 0 bPermuted 0 nonPermNearZeros/PermNearZeros 0 0
AztecOO: unknowns/iterations/time/rowpermutations/colpermutations/lrowperm/lcolperm/nonDiagDomRows 18  5  0.000697 0 0 0 0 0 NonPermutedZeros/PermutedZeros 0 0 bPermuted 0 nonPermNearZeros/PermNearZeros 0 0
AztecOO: unknowns/iterations/time/rowpermutations/colpermutations/lrowperm/lcolperm/nonDiagDomRows 18  5  0.000718 0 0 0 0 0 NonPermutedZeros/PermutedZeros 0 0 bPermuted 0 nonPermNearZeros/PermNearZeros 0 0
AztecOO: unknowns/iterations/time/rowpermutations/colpermutations/lrowperm/lcolperm/nonDiagDomRows 18  5  0.000695 0 0 0 0 0 NonPermutedZeros/PermutedZeros 0 0 bPermuted 0 nonPermNearZeros/PermNearZeros 0 0
AztecOO: unknowns/iterations/time/rowpermutations/colpermutations/lrowperm/lcolperm/nonDiagDomRows 18  5  0.000694 0 0 0 0 0 NonPermutedZeros/PermutedZeros 0 0 bPermuted 0 nonPermNearZeros/PermNearZeros 0 0
AztecOO: unknowns/iterations/time/rowpermutations/colpermutations/lrowperm/lcolperm/nonDiagDomRows 18  5  0.000702 0 0 0 0 0 NonPermutedZeros/PermutedZeros 0 0 bPermuted 0 nonPermNearZeros/PermNearZeros 0 0
AztecOO: unknowns/iterations/time/rowpermutations/colpermutations/lrowperm/lcolperm/nonDiagDomRows 18  5  0.000708 0 0 0 0 0 NonPermutedZeros/PermutedZeros 0 0 bPermuted 0 nonPermNearZeros/PermNearZeros 0 0
AztecOO: unknowns/iterations/time/rowpermutations/colpermutations/lrowperm/lcolperm/nonDiagDomRows 18  5  0.000709 0 0 0 0 0 NonPermutedZeros/PermutedZeros 0 0 bPermuted 0 nonPermNearZeros/PermNearZeros 0 0
AztecOO: unknowns/iterations/time/rowpermutations/colpermutations/lrowperm/lcolperm/nonDiagDomRows 18  5  0.000708 0 0 0 0 0 NonPermutedZeros/PermutedZeros 0 0 bPermuted 0 nonPermNearZeros/PermNearZeros 0 0
AztecOO: unknowns/iterations/time/rowpermutations/colpermutations/lrowperm/lcolperm/nonDiagDomRows 18  5  0.000711 0 0 0 0 0 NonPermutedZeros/PermutedZeros 0 0 bPermuted 0 nonPermNearZeros/PermNearZeros 0 0
AztecOO: unknowns/iterations/time/rowpermutations/colpermutations/lrowperm/lcolperm/nonDiagDomRows 18  4  0.000589 0 0 0 0 0 NonPermutedZeros/PermutedZeros 0 0 bPermuted 0 nonPermNearZeros/PermNearZeros 0 0
AztecOO: unknowns/iterations/time/rowpermutations/colpermutations/lrowperm/lcolperm/nonDiagDomRows 18  5  0.000693 0 0 0 0 0 NonPermutedZeros/PermutedZeros 0 0 bPermuted 0 nonPermNearZeros/PermNearZeros 0 0
AztecOO: unknowns/iterations/time/rowpermutations/colpermutations/lrowperm/lcolperm/nonDiagDomRows 18  5  0.000707 0 0 0 0 0 NonPermutedZeros/PermutedZeros 0 0 bPermuted 0 nonPermNearZeros/PermNearZeros 0 0
AztecOO: unknowns/iterations/time/rowpermutations/colpermutations/lrowperm/lcolperm/nonDiagDomRows 18  5  0.000727 0 0 0 0 0 NonPermutedZeros/PermutedZeros 0 0 bPermuted 0 nonPermNearZeros/PermNearZeros 0 0
AztecOO: unknowns/iterations/time/rowpermutations/colpermutations/lrowperm/lcolperm/nonDiagDomRows 18  5  0.000735 0 0 0 0 0 NonPermutedZeros/PermutedZeros 0 0 bPermuted 0 nonPermNearZeros/PermNearZeros 0 0
AztecOO: unknowns/iterations/time/rowpermutations/colpermutations/lrowperm/lcolperm/nonDiagDomRows 18  5  0.000737 0 0 0 0 0 NonPermutedZeros/PermutedZeros 0 0 bPermuted 0 nonPermNearZeros/PermNearZeros 0 0
AztecOO: unknowns/iterations/time/rowpermutations/colpermutations/lrowperm/lcolperm/nonDiagDomRows 18  5  0.000728 0 0 0 0 0 NonPermutedZeros/PermutedZeros 0 0 bPermuted 0 nonPermNearZeros/PermNearZeros 0 0
AztecOO: unknowns/iterations/time/rowpermutations/colpermutations/lrowperm/lcolperm/nonDiagDomRows 18  5  0.000707 0 0 0 0 0 NonPermutedZeros/PermutedZeros 0 0 bPermuted 0 nonPermNearZeros/PermNearZeros 0 0
AztecOO: unknowns/iterations/time/rowpermutations/colpermutations/lrowperm/lcolperm/nonDiagDomRows 18  5  0.000709 0 0 0 0 0 NonPermutedZeros/PermutedZeros 0 0 bPermuted 0 nonPermNearZeros/PermNearZeros 0 0
AztecOO: unknowns/iterations/time/rowpermutations/colpermutations/lrowperm/lcolperm/nonDiagDomRows 18  5  0.000734 0 0 0 0 0 NonPermutedZeros/PermutedZeros 0 0 bPermuted 0 nonPermNearZeros/PermNearZeros 0 0
AztecOO: unknowns/iterations/time/rowpermutations/colpermutations/lrowperm/lcolperm/nonDiagDomRows 18  4  0.000615 0 0 0 0 0 NonPermutedZeros/PermutedZeros 0 0 bPermuted 0 nonPermNearZeros/PermNearZeros 0 0
AztecOO: unknowns/iterations/time/rowpermutations/colpermutations/lrowperm/lcolperm/nonDiagDomRows 18  5  0.000709 0 0 0 0 0 NonPermutedZeros/PermutedZeros 0 0 bPermuted 0 nonPermNearZeros/PermNearZeros 0 0
AztecOO: unknowns/iterations/time/rowpermutations/colpermutations/lrowperm/lcolperm/nonDiagDomRows 18  5  0.000695 0 0 0 0 0 NonPermutedZeros/PermutedZeros 0 0 bPermuted 0 nonPermNearZeros/PermNearZeros 0 0
AztecOO: unknowns/iterations/time/rowpermutations/colpermutations/lrowperm/lcolperm/nonDiagDomRows 18  5  0.000711 0 0 0 0 0 NonPermutedZeros/PermutedZeros 0 0 bPermuted 0 nonPermNearZeros/PermNearZeros 0 0
AztecOO: unknowns/iterations/time/rowpermutations/colpermutations/lrowperm/lcolperm/nonDiagDomRows 18  5  0.000722 0 0 0 0 0 NonPermutedZeros/PermutedZeros 0 0 bPermuted 0 nonPermNearZeros/PermNearZeros 0 0
AztecOO: unknowns/iterations/time/rowpermutations/colpermutations/lrowperm/lcolperm/nonDiagDomRows 18  5  0.000707 0 0 0 0 0 NonPermutedZeros/PermutedZeros 0 0 bPermuted 0 nonPermNearZeros/PermNearZeros 0 0
AztecOO: unknowns/iterations/time/rowpermutations/colpermutations/lrowperm/lcolperm/nonDiagDomRows 18  5  0.000721 0 0 0 0 0 NonPermutedZeros/PermutedZeros 0 0 bPermuted 0 nonPermNearZeros/PermNearZeros 0 0
AztecOO: unknowns/iterations/time/rowpermutations/colpermutations/lrowperm/lcolperm/nonDiagDomRows 18  5  0.000711 0 0 0 0 0 NonPermutedZeros/PermutedZeros 0 0 bPermuted 0 nonPermNearZeros/PermNearZeros 0 0
AztecOO: unknowns/iterations/time/rowpermutations/colpermutations/lrowperm/lcolperm/nonDiagDomRows 18  4  0.000613 0 0 0 0 0 NonPermutedZeros/PermutedZeros 0 0 bPermuted 0 nonPermNearZeros/PermNearZeros 0 0
AztecOO: unknowns/iterations/time/rowpermutations/colpermutations/lrowperm/lcolperm/nonDiagDomRows 18  5  0.000749 0 0 0 0 0 NonPermutedZeros/PermutedZeros 0 0 bPermuted 0 nonPermNearZeros/PermNearZeros 0 0
AztecOO: unknowns/iterations/time/rowpermutations/colpermutations/lrowperm/lcolperm/nonDiagDomRows 18  5  0.000772 0 0 0 0 0 NonPermutedZeros/PermutedZeros 0 0 bPermuted 0 nonPermNearZeros/PermNearZeros 0 0
AztecOO: unknowns/iterations/time/rowpermutations/colpermutations/lrowperm/lcolperm/nonDiagDomRows 18  5  0.000750 0 0 0 0 0 NonPermutedZeros/PermutedZeros 0 0 bPermuted 0 nonPermNearZeros/PermNearZeros 0 0
AztecOO: unknowns/iterations/time/rowpermutations/colpermutations/lrowperm/lcolperm/nonDiagDomRows 18  5  0.000754 0 0 0 0 0 NonPermutedZeros/PermutedZeros 0 0 bPermuted 0 nonPermNearZeros/PermNearZeros 0 0
AztecOO: unknowns/iterations/time/rowpermutations/colpermutations/lrowperm/lcolperm/nonDiagDomRows 18  5  0.000737 0 0 0 0 0 NonPermutedZeros/PermutedZeros 0 0 bPermuted 0 nonPermNearZeros/PermNearZeros 0 0
AztecOO: unknowns/iterations/time/rowpermutations/colpermutations/lrowperm/lcolperm/nonDiagDomRows 18  5  0.000713 0 0 0 0 0 NonPermutedZeros/PermutedZeros 0 0 bPermuted 0 nonPermNearZeros/PermNearZeros 0 0
AztecOO: unknowns/iterations/time/rowpermutations/colpermutations/lrowperm/lcolperm/nonDiagDomRows 18  4  0.000616 0 0 0 0 0 NonPermutedZeros/PermutedZeros 0 0 bPermuted 0 nonPermNearZeros/PermNearZeros 0 0
AztecOO: unknowns/iterations/time/rowpermutations/colpermutations/lrowperm/lcolperm/nonDiagDomRows 18  5  0.000712 0 0 0 0 0 NonPermutedZeros/PermutedZeros 0 0 bPermuted 0 nonPermNearZeros/PermNearZeros 0 0
AztecOO: unknowns/iterations/time/rowpermutations/colpermutations/lrowperm/lcolperm/nonDiagDomRows 18  5  0.000728 0 0 0 0 0 NonPermutedZeros/PermutedZeros 0 0 bPermuted 0 nonPermNearZeros/PermNearZeros 0 0
AztecOO: unknowns/iterations/time/rowpermutations/colpermutations/lrowperm/lcolperm/nonDiagDomRows 18  5  0.000748 0 0 0 0 0 NonPermutedZeros/PermutedZeros 0 0 bPermuted 0 nonPermNearZeros/PermNearZeros 0 0
AztecOO: unknowns/iterations/time/rowpermutations/colpermutations/lrowperm/lcolperm/nonDiagDomRows 18  5  0.000728 0 0 0 0 0 NonPermutedZeros/PermutedZeros 0 0 bPermuted 0 nonPermNearZeros/PermNearZeros 0 0
AztecOO: unknowns/iterations/time/rowpermutations/colpermutations/lrowperm/lcolperm/nonDiagDomRows 18  5  0.000717 0 0 0 0 0 NonPermutedZeros/PermutedZeros 0 0 bPermuted 0 nonPermNearZeros/PermNearZeros 0 0
AztecOO: unknowns/iterations/time/rowpermutations/colpermutations/lrowperm/lcolperm/nonDiagDomRows 18  5  0.000700 0 0 0 0 0 NonPermutedZeros/PermutedZeros 0 0 bPermuted 0 nonPermNearZeros/PermNearZeros 0 0
AztecOO: unknowns/iterations/time/rowpermutations/colpermutations/lrowperm/lcolperm/nonDiagDomRows 18  4  0.000593 0 0 0 0 0 NonPermutedZeros/PermutedZeros 0 0 bPermuted 0 nonPermNearZeros/PermNearZeros 0 0
AztecOO: unknowns/iterations/time/rowpermutations/colpermutations/lrowperm/lcolperm/nonDiagDomRows 18  5  0.000697 0 0 0 0 0 NonPermutedZeros/PermutedZeros 0 0 bPermuted 0 nonPermNearZeros/PermNearZeros 0 0
AztecOO: unknowns/iterations/time/rowpermutations/colpermutations/lrowperm/lcolperm/nonDiagDomRows 18  5  0.000699 0 0 0 0 0 NonPermutedZeros/PermutedZeros 0 0 bPermuted 0 nonPermNearZeros/PermNearZeros 0 0
AztecOO: unknowns/iterations/time/rowpermutations/colpermutations/lrowperm/lcolperm/nonDiagDomRows 18  5  0.000715 0 0 0 0 0 NonPermutedZeros/PermutedZeros 0 0 bPermuted 0 nonPermNearZeros/PermNearZeros 0 0
AztecOO: unknowns/iterations/time/rowpermutations/colpermutations/lrowperm/lcolperm/nonDiagDomRows 18  5  0.000754 0 0 0 0 0 NonPermutedZeros/PermutedZeros 0 0 bPermuted 0 nonPermNearZeros/PermNearZeros 0 0
AztecOO: unknowns/iterations/time/rowpermutations/colpermutations/lrowperm/lcolperm/nonDiagDomRows 18  5  0.000737 0 0 0 0 0 NonPermutedZeros/PermutedZeros 0 0 bPermuted 0 nonPermNearZeros/PermNearZeros 0 0
