AztecOO: unknowns/iterations/time/rowpermutations/colpermutations/lrowperm/lcolperm/nonDiagDomRows 22  5  0.001170 0 0 0 0 0 NonPermutedZeros/PermutedZeros 0 0 bPermuted 0 nonPermNearZeros/PermNearZeros 0 0
AztecOO: unknowns/iterations/time/rowpermutations/colpermutations/lrowperm/lcolperm/nonDiagDomRows 22  5  0.000747 0 0 0 0 0 NonPermutedZeros/PermutedZeros 0 0 bPermuted 0 nonPermNearZeros/PermNearZeros 0 0
AztecOO: unknowns/iterations/time/rowpermutations/colpermutations/lrowperm/lcolperm/nonDiagDomRows 22  5  0.000718 0 0 0 0 0 NonPermutedZeros/PermutedZeros 0 0 bPermuted 0 nonPermNearZeros/PermNearZeros 0 0
AztecOO: unknowns/iterations/time/rowpermutations/colpermutations/lrowperm/lcolperm/nonDiagDomRows 22  5  0.000728 0 0 0 0 0 NonPermutedZeros/PermutedZeros 0 0 bPermuted 0 nonPermNearZeros/PermNearZeros 0 0
AztecOO: unknowns/iterations/time/rowpermutations/colpermutations/lrowperm/lcolperm/nonDiagDomRows 22  5  0.000713 0 0 0 0 0 NonPermutedZeros/PermutedZeros 0 0 bPermuted 0 nonPermNearZeros/PermNearZeros 0 0
AztecOO: unknowns/iterations/time/rowpermutations/colpermutations/lrowperm/lcolperm/nonDiagDomRows 22  5  0.000705 0 0 0 0 0 NonPermutedZeros/PermutedZeros 0 0 bPermuted 0 nonPermNearZeros/PermNearZeros 0 0
AztecOO: unknowns/iterations/time/rowpermutations/colpermutations/lrowperm/lcolperm/nonDiagDomRows 22  5  0.000703 0 0 0 0 0 NonPermutedZeros/PermutedZeros 0 0 bPermuted 0 nonPermNearZeros/PermNearZeros 0 0
AztecOO: unknowns/iterations/time/rowpermutations/colpermutations/lrowperm/lcolperm/nonDiagDomRows 22  5  0.000714 0 0 0 0 0 NonPermutedZeros/PermutedZeros 0 0 bPermuted 0 nonPermNearZeros/PermNearZeros 0 0
AztecOO: unknowns/iterations/time/rowpermutations/colpermutations/lrowperm/lcolperm/nonDiagDomRows 22  5  0.000792 0 0 0 0 0 NonPermutedZeros/PermutedZeros 0 0 bPermuted 0 nonPermNearZeros/PermNearZeros 0 0
AztecOO: unknowns/iterations/time/rowpermutations/colpermutations/lrowperm/lcolperm/nonDiagDomRows 22  5  0.000712 0 0 0 0 0 NonPermutedZeros/PermutedZeros 0 0 bPermuted 0 nonPermNearZeros/PermNearZeros 0 0
AztecOO: unknowns/iterations/time/rowpermutations/colpermutations/lrowperm/lcolperm/nonDiagDomRows 22  5  0.000735 0 0 0 0 0 NonPermutedZeros/PermutedZeros 0 0 bPermuted 0 nonPermNearZeros/PermNearZeros 0 0
AztecOO: unknowns/iterations/time/rowpermutations/colpermutations/lrowperm/lcolperm/nonDiagDomRows 22  5  0.000726 0 0 0 0 0 NonPermutedZeros/PermutedZeros 0 0 bPermuted 0 nonPermNearZeros/PermNearZeros 0 0
AztecOO: unknowns/iterations/time/rowpermutations/colpermutations/lrowperm/lcolperm/nonDiagDomRows 22  5  0.000701 0 0 0 0 0 NonPermutedZeros/PermutedZeros 0 0 bPermuted 0 nonPermNearZeros/PermNearZeros 0 0
AztecOO: unknowns/iterations/time/rowpermutations/colpermutations/lrowperm/lcolperm/nonDiagDomRows 22  5  0.000696 0 0 0 0 0 NonPermutedZeros/PermutedZeros 0 0 bPermuted 0 nonPermNearZeros/PermNearZeros 0 0
AztecOO: unknowns/iterations/time/rowpermutations/colpermutations/lrowperm/lcolperm/nonDiagDomRows 22  5  0.000724 0 0 0 0 0 NonPermutedZeros/PermutedZeros 0 0 bPermuted 0 nonPermNearZeros/PermNearZeros 0 0
AztecOO: unknowns/iterations/time/rowpermutations/colpermutations/lrowperm/lcolperm/nonDiagDomRows 22  5  0.000724 0 0 0 0 0 NonPermutedZeros/PermutedZeros 0 0 bPermuted 0 nonPermNearZeros/PermNearZeros 0 0
AztecOO: unknowns/iterations/time/rowpermutations/colpermutations/lrowperm/lcolperm/nonDiagDomRows 22  5  0.000743 0 0 0 0 0 NonPermutedZeros/PermutedZeros 0 0 bPermuted 0 nonPermNearZeros/PermNearZeros 0 0
AztecOO: unknowns/iterations/time/rowpermutations/colpermutations/lrowperm/lcolperm/nonDiagDomRows 22  5  0.000707 0 0 0 0 0 NonPermutedZeros/PermutedZeros 0 0 bPermuted 0 nonPermNearZeros/PermNearZeros 0 0
AztecOO: unknowns/iterations/time/rowpermutations/colpermutations/lrowperm/lcolperm/nonDiagDomRows 22  5  0.000706 0 0 0 0 0 NonPermutedZeros/PermutedZeros 0 0 bPermuted 0 nonPermNearZeros/PermNearZeros 0 0
AztecOO: unknowns/iterations/time/rowpermutations/colpermutations/lrowperm/lcolperm/nonDiagDomRows 22  5  0.000711 0 0 0 0 0 NonPermutedZeros/PermutedZeros 0 0 bPermuted 0 nonPermNearZeros/PermNearZeros 0 0
AztecOO: unknowns/iterations/time/rowpermutations/colpermutations/lrowperm/lcolperm/nonDiagDomRows 22  5  0.000711 0 0 0 0 0 NonPermutedZeros/PermutedZeros 0 0 bPermuted 0 nonPermNearZeros/PermNearZeros 0 0
AztecOO: unknowns/iterations/time/rowpermutations/colpermutations/lrowperm/lcolperm/nonDiagDomRows 22  5  0.000712 0 0 0 0 0 NonPermutedZeros/PermutedZeros 0 0 bPermuted 0 nonPermNearZeros/PermNearZeros 0 0
AztecOO: unknowns/iterations/time/rowpermutations/colpermutations/lrowperm/lcolperm/nonDiagDomRows 22  5  0.000724 0 0 0 0 0 NonPermutedZeros/PermutedZeros 0 0 bPermuted 0 nonPermNearZeros/PermNearZeros 0 0
AztecOO: unknowns/iterations/time/rowpermutations/colpermutations/lrowperm/lcolperm/nonDiagDomRows 22  5  0.000739 0 0 0 0 0 NonPermutedZeros/PermutedZeros 0 0 bPermuted 0 nonPermNearZeros/PermNearZeros 0 0
AztecOO: unknowns/iterations/time/rowpermutations/colpermutations/lrowperm/lcolperm/nonDiagDomRows 22  5  0.000714 0 0 0 0 0 NonPermutedZeros/PermutedZeros 0 0 bPermuted 0 nonPermNearZeros/PermNearZeros 0 0
AztecOO: unknowns/iterations/time/rowpermutations/colpermutations/lrowperm/lcolperm/nonDiagDomRows 22  5  0.000716 0 0 0 0 0 NonPermutedZeros/PermutedZeros 0 0 bPermuted 0 nonPermNearZeros/PermNearZeros 0 0
AztecOO: unknowns/iterations/time/rowpermutations/colpermutations/lrowperm/lcolperm/nonDiagDomRows 22  5  0.000708 0 0 0 0 0 NonPermutedZeros/PermutedZeros 0 0 bPermuted 0 nonPermNearZeros/PermNearZeros 0 0
AztecOO: unknowns/iterations/time/rowpermutations/colpermutations/lrowperm/lcolperm/nonDiagDomRows 22  5  0.000707 0 0 0 0 0 NonPermutedZeros/PermutedZeros 0 0 bPermuted 0 nonPermNearZeros/PermNearZeros 0 0
AztecOO: unknowns/iterations/time/rowpermutations/colpermutations/lrowperm/lcolperm/nonDiagDomRows 22  5  0.000716 0 0 0 0 0 NonPermutedZeros/PermutedZeros 0 0 bPermuted 0 nonPermNearZeros/PermNearZeros 0 0
AztecOO: unknowns/iterations/time/rowpermutations/colpermutations/lrowperm/lcolperm/nonDiagDomRows 22  5  0.000717 0 0 0 0 0 NonPermutedZeros/PermutedZeros 0 0 bPermuted 0 nonPermNearZeros/PermNearZeros 0 0
AztecOO: unknowns/iterations/time/rowpermutations/colpermutations/lrowperm/lcolperm/nonDiagDomRows 22  5  0.000714 0 0 0 0 0 NonPermutedZeros/PermutedZeros 0 0 bPermuted 0 nonPermNearZeros/PermNearZeros 0 0
AztecOO: unknowns/iterations/time/rowpermutations/colpermutations/lrowperm/lcolperm/nonDiagDomRows 22  5  0.000718 0 0 0 0 0 NonPermutedZeros/PermutedZeros 0 0 bPermuted 0 nonPermNearZeros/PermNearZeros 0 0
AztecOO: unknowns/iterations/time/rowpermutations/colpermutations/lrowperm/lcolperm/nonDiagDomRows 22  5  0.000733 0 0 0 0 0 NonPermutedZeros/PermutedZeros 0 0 bPermuted 0 nonPermNearZeros/PermNearZeros 0 0
AztecOO: unknowns/iterations/time/rowpermutations/colpermutations/lrowperm/lcolperm/nonDiagDomRows 22  5  0.000703 0 0 0 0 0 NonPermutedZeros/PermutedZeros 0 0 bPermuted 0 nonPermNearZeros/PermNearZeros 0 0
AztecOO: unknowns/iterations/time/rowpermutations/colpermutations/lrowperm/lcolperm/nonDiagDomRows 22  5  0.000708 0 0 0 0 0 NonPermutedZeros/PermutedZeros 0 0 bPermuted 0 nonPermNearZeros/PermNearZeros 0 0
AztecOO: unknowns/iterations/time/rowpermutations/colpermutations/lrowperm/lcolperm/nonDiagDomRows 22  5  0.000721 0 0 0 0 0 NonPermutedZeros/PermutedZeros 0 0 bPermuted 0 nonPermNearZeros/PermNearZeros 0 0
AztecOO: unknowns/iterations/time/rowpermutations/colpermutations/lrowperm/lcolperm/nonDiagDomRows 22  5  0.000718 0 0 0 0 0 NonPermutedZeros/PermutedZeros 0 0 bPermuted 0 nonPermNearZeros/PermNearZeros 0 0
AztecOO: unknowns/iterations/time/rowpermutations/colpermutations/lrowperm/lcolperm/nonDiagDomRows 22  4  0.000603 0 0 0 0 0 NonPermutedZeros/PermutedZeros 0 0 bPermuted 0 nonPermNearZeros/PermNearZeros 0 0
AztecOO: unknowns/iterations/time/rowpermutations/colpermutations/lrowperm/lcolperm/nonDiagDomRows 22  5  0.000709 0 0 0 0 0 NonPermutedZeros/PermutedZeros 0 0 bPermuted 0 nonPermNearZeros/PermNearZeros 0 0
AztecOO: unknowns/iterations/time/rowpermutations/colpermutations/lrowperm/lcolperm/nonDiagDomRows 22  5  0.000719 0 0 0 0 0 NonPermutedZeros/PermutedZeros 0 0 bPermuted 0 nonPermNearZeros/PermNearZeros 0 0
AztecOO: unknowns/iterations/time/rowpermutations/colpermutations/lrowperm/lcolperm/nonDiagDomRows 22  5  0.000730 0 0 0 0 0 NonPermutedZeros/PermutedZeros 0 0 bPermuted 0 nonPermNearZeros/PermNearZeros 0 0
AztecOO: unknowns/iterations/time/rowpermutations/colpermutations/lrowperm/lcolperm/nonDiagDomRows 22  5  0.000714 0 0 0 0 0 NonPermutedZeros/PermutedZeros 0 0 bPermuted 0 nonPermNearZeros/PermNearZeros 0 0
AztecOO: unknowns/iterations/time/rowpermutations/colpermutations/lrowperm/lcolperm/nonDiagDomRows 22  5  0.000708 0 0 0 0 0 NonPermutedZeros/PermutedZeros 0 0 bPermuted 0 nonPermNearZeros/PermNearZeros 0 0
AztecOO: unknowns/iterations/time/rowpermutations/colpermutations/lrowperm/lcolperm/nonDiagDomRows 22  5  0.000705 0 0 0 0 0 NonPermutedZeros/PermutedZeros 0 0 bPermuted 0 nonPermNearZeros/PermNearZeros 0 0
AztecOO: unknowns/iterations/time/rowpermutations/colpermutations/lrowperm/lcolperm/nonDiagDomRows 22  5  0.000701 0 0 0 0 0 NonPermutedZeros/PermutedZeros 0 0 bPermuted 0 nonPermNearZeros/PermNearZeros 0 0
AztecOO: unknowns/iterations/time/rowpermutations/colpermutations/lrowperm/lcolperm/nonDiagDomRows 22  5  0.000717 0 0 0 0 0 NonPermutedZeros/PermutedZeros 0 0 bPermuted 0 nonPermNearZeros/PermNearZeros 0 0
AztecOO: unknowns/iterations/time/rowpermutations/colpermutations/lrowperm/lcolperm/nonDiagDomRows 22  5  0.000722 0 0 0 0 0 NonPermutedZeros/PermutedZeros 0 0 bPermuted 0 nonPermNearZeros/PermNearZeros 0 0
AztecOO: unknowns/iterations/time/rowpermutations/colpermutations/lrowperm/lcolperm/nonDiagDomRows 22  5  0.000721 0 0 0 0 0 NonPermutedZeros/PermutedZeros 0 0 bPermuted 0 nonPermNearZeros/PermNearZeros 0 0
AztecOO: unknowns/iterations/time/rowpermutations/colpermutations/lrowperm/lcolperm/nonDiagDomRows 22  4  0.000618 0 0 0 0 0 NonPermutedZeros/PermutedZeros 0 0 bPermuted 0 nonPermNearZeros/PermNearZeros 0 0
AztecOO: unknowns/iterations/time/rowpermutations/colpermutations/lrowperm/lcolperm/nonDiagDomRows 22  5  0.000722 0 0 0 0 0 NonPermutedZeros/PermutedZeros 0 0 bPermuted 0 nonPermNearZeros/PermNearZeros 0 0
AztecOO: unknowns/iterations/time/rowpermutations/colpermutations/lrowperm/lcolperm/nonDiagDomRows 22  5  0.000722 0 0 0 0 0 NonPermutedZeros/PermutedZeros 0 0 bPermuted 0 nonPermNearZeros/PermNearZeros 0 0
AztecOO: unknowns/iterations/time/rowpermutations/colpermutations/lrowperm/lcolperm/nonDiagDomRows 22  5  0.000715 0 0 0 0 0 NonPermutedZeros/PermutedZeros 0 0 bPermuted 0 nonPermNearZeros/PermNearZeros 0 0
AztecOO: unknowns/iterations/time/rowpermutations/colpermutations/lrowperm/lcolperm/nonDiagDomRows 22  5  0.000716 0 0 0 0 0 NonPermutedZeros/PermutedZeros 0 0 bPermuted 0 nonPermNearZeros/PermNearZeros 0 0
AztecOO: unknowns/iterations/time/rowpermutations/colpermutations/lrowperm/lcolperm/nonDiagDomRows 22  5  0.000716 0 0 0 0 0 NonPermutedZeros/PermutedZeros 0 0 bPermuted 0 nonPermNearZeros/PermNearZeros 0 0
AztecOO: unknowns/iterations/time/rowpermutations/colpermutations/lrowperm/lcolperm/nonDiagDomRows 22  5  0.000715 0 0 0 0 0 NonPermutedZeros/PermutedZeros 0 0 bPermuted 0 nonPermNearZeros/PermNearZeros 0 0
AztecOO: unknowns/iterations/time/rowpermutations/colpermutations/lrowperm/lcolperm/nonDiagDomRows 22  5  0.000725 0 0 0 0 0 NonPermutedZeros/PermutedZeros 0 0 bPermuted 0 nonPermNearZeros/PermNearZeros 0 0
AztecOO: unknowns/iterations/time/rowpermutations/colpermutations/lrowperm/lcolperm/nonDiagDomRows 22  5  0.000725 0 0 0 0 0 NonPermutedZeros/PermutedZeros 0 0 bPermuted 0 nonPermNearZeros/PermNearZeros 0 0
AztecOO: unknowns/iterations/time/rowpermutations/colpermutations/lrowperm/lcolperm/nonDiagDomRows 22  5  0.000742 0 0 0 0 0 NonPermutedZeros/PermutedZeros 0 0 bPermuted 0 nonPermNearZeros/PermNearZeros 0 0
AztecOO: unknowns/iterations/time/rowpermutations/colpermutations/lrowperm/lcolperm/nonDiagDomRows 22  4  0.000618 0 0 0 0 0 NonPermutedZeros/PermutedZeros 0 0 bPermuted 0 nonPermNearZeros/PermNearZeros 0 0
AztecOO: unknowns/iterations/time/rowpermutations/colpermutations/lrowperm/lcolperm/nonDiagDomRows 22  5  0.000727 0 0 0 0 0 NonPermutedZeros/PermutedZeros 0 0 bPermuted 0 nonPermNearZeros/PermNearZeros 0 0
AztecOO: unknowns/iterations/time/rowpermutations/colpermutations/lrowperm/lcolperm/nonDiagDomRows 22  5  0.000721 0 0 0 0 0 NonPermutedZeros/PermutedZeros 0 0 bPermuted 0 nonPermNearZeros/PermNearZeros 0 0
AztecOO: unknowns/iterations/time/rowpermutations/colpermutations/lrowperm/lcolperm/nonDiagDomRows 22  5  0.000713 0 0 0 0 0 NonPermutedZeros/PermutedZeros 0 0 bPermuted 0 nonPermNearZeros/PermNearZeros 0 0
AztecOO: unknowns/iterations/time/rowpermutations/colpermutations/lrowperm/lcolperm/nonDiagDomRows 22  5  0.000756 0 0 0 0 0 NonPermutedZeros/PermutedZeros 0 0 bPermuted 0 nonPermNearZeros/PermNearZeros 0 0
AztecOO: unknowns/iterations/time/rowpermutations/colpermutations/lrowperm/lcolperm/nonDiagDomRows 22  5  0.000743 0 0 0 0 0 NonPermutedZeros/PermutedZeros 0 0 bPermuted 0 nonPermNearZeros/PermNearZeros 0 0
AztecOO: unknowns/iterations/time/rowpermutations/colpermutations/lrowperm/lcolperm/nonDiagDomRows 22  5  0.000710 0 0 0 0 0 NonPermutedZeros/PermutedZeros 0 0 bPermuted 0 nonPermNearZeros/PermNearZeros 0 0
AztecOO: unknowns/iterations/time/rowpermutations/colpermutations/lrowperm/lcolperm/nonDiagDomRows 22  5  0.000724 0 0 0 0 0 NonPermutedZeros/PermutedZeros 0 0 bPermuted 0 nonPermNearZeros/PermNearZeros 0 0
AztecOO: unknowns/iterations/time/rowpermutations/colpermutations/lrowperm/lcolperm/nonDiagDomRows 22  4  0.000602 0 0 0 0 0 NonPermutedZeros/PermutedZeros 0 0 bPermuted 0 nonPermNearZeros/PermNearZeros 0 0
AztecOO: unknowns/iterations/time/rowpermutations/colpermutations/lrowperm/lcolperm/nonDiagDomRows 22  5  0.000719 0 0 0 0 0 NonPermutedZeros/PermutedZeros 0 0 bPermuted 0 nonPermNearZeros/PermNearZeros 0 0
AztecOO: unknowns/iterations/time/rowpermutations/colpermutations/lrowperm/lcolperm/nonDiagDomRows 22  5  0.000710 0 0 0 0 0 NonPermutedZeros/PermutedZeros 0 0 bPermuted 0 nonPermNearZeros/PermNearZeros 0 0
AztecOO: unknowns/iterations/time/rowpermutations/colpermutations/lrowperm/lcolperm/nonDiagDomRows 22  5  0.000737 0 0 0 0 0 NonPermutedZeros/PermutedZeros 0 0 bPermuted 0 nonPermNearZeros/PermNearZeros 0 0
AztecOO: unknowns/iterations/time/rowpermutations/colpermutations/lrowperm/lcolperm/nonDiagDomRows 22  5  0.000730 0 0 0 0 0 NonPermutedZeros/PermutedZeros 0 0 bPermuted 0 nonPermNearZeros/PermNearZeros 0 0
AztecOO: unknowns/iterations/time/rowpermutations/colpermutations/lrowperm/lcolperm/nonDiagDomRows 22  5  0.000718 0 0 0 0 0 NonPermutedZeros/PermutedZeros 0 0 bPermuted 0 nonPermNearZeros/PermNearZeros 0 0
AztecOO: unknowns/iterations/time/rowpermutations/colpermutations/lrowperm/lcolperm/nonDiagDomRows 22  5  0.000746 0 0 0 0 0 NonPermutedZeros/PermutedZeros 0 0 bPermuted 0 nonPermNearZeros/PermNearZeros 0 0
AztecOO: unknowns/iterations/time/rowpermutations/colpermutations/lrowperm/lcolperm/nonDiagDomRows 22  5  0.000705 0 0 0 0 0 NonPermutedZeros/PermutedZeros 0 0 bPermuted 0 nonPermNearZeros/PermNearZeros 0 0
AztecOO: unknowns/iterations/time/rowpermutations/colpermutations/lrowperm/lcolperm/nonDiagDomRows 22  4  0.000621 0 0 0 0 0 NonPermutedZeros/PermutedZeros 0 0 bPermuted 0 nonPermNearZeros/PermNearZeros 0 0
AztecOO: unknowns/iterations/time/rowpermutations/colpermutations/lrowperm/lcolperm/nonDiagDomRows 22  5  0.000730 0 0 0 0 0 NonPermutedZeros/PermutedZeros 0 0 bPermuted 0 nonPermNearZeros/PermNearZeros 0 0
AztecOO: unknowns/iterations/time/rowpermutations/colpermutations/lrowperm/lcolperm/nonDiagDomRows 22  5  0.000740 0 0 0 0 0 NonPermutedZeros/PermutedZeros 0 0 bPermuted 0 nonPermNearZeros/PermNearZeros 0 0
AztecOO: unknowns/iterations/time/rowpermutations/colpermutations/lrowperm/lcolperm/nonDiagDomRows 22  5  0.000712 0 0 0 0 0 NonPermutedZeros/PermutedZeros 0 0 bPermuted 0 nonPermNearZeros/PermNearZeros 0 0
AztecOO: unknowns/iterations/time/rowpermutations/colpermutations/lrowperm/lcolperm/nonDiagDomRows 22  5  0.000704 0 0 0 0 0 NonPermutedZeros/PermutedZeros 0 0 bPermuted 0 nonPermNearZeros/PermNearZeros 0 0
AztecOO: unknowns/iterations/time/rowpermutations/colpermutations/lrowperm/lcolperm/nonDiagDomRows 22  5  0.000730 0 0 0 0 0 NonPermutedZeros/PermutedZeros 0 0 bPermuted 0 nonPermNearZeros/PermNearZeros 0 0
AztecOO: unknowns/iterations/time/rowpermutations/colpermutations/lrowperm/lcolperm/nonDiagDomRows 22  5  0.000730 0 0 0 0 0 NonPermutedZeros/PermutedZeros 0 0 bPermuted 0 nonPermNearZeros/PermNearZeros 0 0
AztecOO: unknowns/iterations/time/rowpermutations/colpermutations/lrowperm/lcolperm/nonDiagDomRows 22  4  0.000608 0 0 0 0 0 NonPermutedZeros/PermutedZeros 0 0 bPermuted 0 nonPermNearZeros/PermNearZeros 0 0
AztecOO: unknowns/iterations/time/rowpermutations/colpermutations/lrowperm/lcolperm/nonDiagDomRows 22  5  0.000723 0 0 0 0 0 NonPermutedZeros/PermutedZeros 0 0 bPermuted 0 nonPermNearZeros/PermNearZeros 0 0
AztecOO: unknowns/iterations/time/rowpermutations/colpermutations/lrowperm/lcolperm/nonDiagDomRows 22  5  0.000718 0 0 0 0 0 NonPermutedZeros/PermutedZeros 0 0 bPermuted 0 nonPermNearZeros/PermNearZeros 0 0
AztecOO: unknowns/iterations/time/rowpermutations/colpermutations/lrowperm/lcolperm/nonDiagDomRows 22  5  0.000729 0 0 0 0 0 NonPermutedZeros/PermutedZeros 0 0 bPermuted 0 nonPermNearZeros/PermNearZeros 0 0
AztecOO: unknowns/iterations/time/rowpermutations/colpermutations/lrowperm/lcolperm/nonDiagDomRows 22  5  0.000730 0 0 0 0 0 NonPermutedZeros/PermutedZeros 0 0 bPermuted 0 nonPermNearZeros/PermNearZeros 0 0
AztecOO: unknowns/iterations/time/rowpermutations/colpermutations/lrowperm/lcolperm/nonDiagDomRows 22  5  0.000720 0 0 0 0 0 NonPermutedZeros/PermutedZeros 0 0 bPermuted 0 nonPermNearZeros/PermNearZeros 0 0
